{"E:\\cryptotribes\\server\\gamelogic.js": {"path":"E:\\cryptotribes\\server\\gamelogic.js","statementMap":{"0":{"start":{"line":1,"column":17},"end":{"line":1,"column":36}},"1":{"start":{"line":2,"column":16},"end":{"line":2,"column":44}},"2":{"start":{"line":3,"column":17},"end":{"line":3,"column":46}},"3":{"start":{"line":4,"column":14},"end":{"line":4,"column":40}},"4":{"start":{"line":5,"column":22},"end":{"line":5,"column":56}},"5":{"start":{"line":6,"column":13},"end":{"line":6,"column":38}},"6":{"start":{"line":9,"column":23},"end":{"line":18,"column":1}},"7":{"start":{"line":20,"column":20},"end":{"line":25,"column":1}},"8":{"start":{"line":28,"column":14},"end":{"line":28,"column":34}},"9":{"start":{"line":29,"column":17},"end":{"line":29,"column":48}},"10":{"start":{"line":30,"column":4},"end":{"line":35,"column":6}},"11":{"start":{"line":39,"column":14},"end":{"line":39,"column":34}},"12":{"start":{"line":40,"column":4},"end":{"line":40,"column":57}},"13":{"start":{"line":44,"column":14},"end":{"line":44,"column":34}},"14":{"start":{"line":45,"column":4},"end":{"line":45,"column":32}},"15":{"start":{"line":45,"column":23},"end":{"line":45,"column":32}},"16":{"start":{"line":46,"column":4},"end":{"line":46,"column":75}},"17":{"start":{"line":50,"column":4},"end":{"line":50,"column":51}},"18":{"start":{"line":54,"column":4},"end":{"line":54,"column":66}},"19":{"start":{"line":58,"column":24},"end":{"line":58,"column":27}},"20":{"start":{"line":59,"column":20},"end":{"line":59,"column":22}},"21":{"start":{"line":60,"column":4},"end":{"line":65,"column":5}},"22":{"start":{"line":60,"column":17},"end":{"line":60,"column":18}},"23":{"start":{"line":61,"column":18},"end":{"line":61,"column":53}},"24":{"start":{"line":62,"column":18},"end":{"line":62,"column":53}},"25":{"start":{"line":63,"column":25},"end":{"line":63,"column":63}},"26":{"start":{"line":64,"column":8},"end":{"line":64,"column":39}},"27":{"start":{"line":64,"column":23},"end":{"line":64,"column":39}},"28":{"start":{"line":66,"column":4},"end":{"line":66,"column":58}},"29":{"start":{"line":71,"column":21},"end":{"line":71,"column":45}},"30":{"start":{"line":72,"column":20},"end":{"line":72,"column":73}},"31":{"start":{"line":74,"column":22},"end":{"line":78,"column":7}},"32":{"start":{"line":74,"column":62},"end":{"line":78,"column":5}},"33":{"start":{"line":79,"column":4},"end":{"line":79,"column":41}},"34":{"start":{"line":81,"column":19},"end":{"line":81,"column":109}},"35":{"start":{"line":81,"column":54},"end":{"line":81,"column":107}},"36":{"start":{"line":82,"column":4},"end":{"line":82,"column":35}},"37":{"start":{"line":84,"column":4},"end":{"line":84,"column":23}},"38":{"start":{"line":88,"column":25},"end":{"line":88,"column":60}},"39":{"start":{"line":89,"column":4},"end":{"line":92,"column":5}},"40":{"start":{"line":90,"column":20},"end":{"line":90,"column":58}},"41":{"start":{"line":91,"column":8},"end":{"line":91,"column":75}},"42":{"start":{"line":93,"column":4},"end":{"line":93,"column":61}},"43":{"start":{"line":97,"column":16},"end":{"line":97,"column":26}},"44":{"start":{"line":98,"column":17},"end":{"line":98,"column":46}},"45":{"start":{"line":99,"column":17},"end":{"line":99,"column":49}},"46":{"start":{"line":102,"column":4},"end":{"line":109,"column":5}},"47":{"start":{"line":103,"column":8},"end":{"line":108,"column":10}},"48":{"start":{"line":111,"column":4},"end":{"line":177,"column":5}},"49":{"start":{"line":112,"column":26},"end":{"line":112,"column":81}},"50":{"start":{"line":113,"column":25},"end":{"line":113,"column":63}},"51":{"start":{"line":114,"column":24},"end":{"line":114,"column":25}},"52":{"start":{"line":117,"column":8},"end":{"line":126,"column":9}},"53":{"start":{"line":118,"column":25},"end":{"line":118,"column":56}},"54":{"start":{"line":119,"column":12},"end":{"line":122,"column":13}},"55":{"start":{"line":120,"column":43},"end":{"line":120,"column":88}},"56":{"start":{"line":121,"column":16},"end":{"line":121,"column":66}},"57":{"start":{"line":123,"column":12},"end":{"line":125,"column":13}},"58":{"start":{"line":124,"column":16},"end":{"line":124,"column":36}},"59":{"start":{"line":129,"column":23},"end":{"line":129,"column":75}},"60":{"start":{"line":130,"column":21},"end":{"line":130,"column":22}},"61":{"start":{"line":131,"column":8},"end":{"line":133,"column":9}},"62":{"start":{"line":132,"column":12},"end":{"line":132,"column":66}},"63":{"start":{"line":134,"column":8},"end":{"line":134,"column":34}},"64":{"start":{"line":137,"column":27},"end":{"line":137,"column":46}},"65":{"start":{"line":138,"column":25},"end":{"line":138,"column":62}},"66":{"start":{"line":141,"column":29},"end":{"line":146,"column":9}},"67":{"start":{"line":149,"column":29},"end":{"line":155,"column":9}},"68":{"start":{"line":157,"column":8},"end":{"line":159,"column":9}},"69":{"start":{"line":158,"column":12},"end":{"line":158,"column":84}},"70":{"start":{"line":161,"column":8},"end":{"line":167,"column":10}},"71":{"start":{"line":169,"column":8},"end":{"line":169,"column":87}},"72":{"start":{"line":171,"column":8},"end":{"line":176,"column":10}},"73":{"start":{"line":181,"column":4},"end":{"line":181,"column":79}},"74":{"start":{"line":181,"column":37},"end":{"line":181,"column":79}},"75":{"start":{"line":182,"column":15},"end":{"line":182,"column":53}},"76":{"start":{"line":183,"column":22},"end":{"line":183,"column":68}},"77":{"start":{"line":184,"column":4},"end":{"line":190,"column":8}},"78":{"start":{"line":184,"column":31},"end":{"line":190,"column":5}},"79":{"start":{"line":194,"column":4},"end":{"line":194,"column":47}},"80":{"start":{"line":198,"column":4},"end":{"line":198,"column":79}},"81":{"start":{"line":198,"column":37},"end":{"line":198,"column":79}},"82":{"start":{"line":199,"column":16},"end":{"line":199,"column":54}},"83":{"start":{"line":200,"column":20},"end":{"line":200,"column":49}},"84":{"start":{"line":201,"column":4},"end":{"line":201,"column":56}},"85":{"start":{"line":201,"column":18},"end":{"line":201,"column":56}},"86":{"start":{"line":202,"column":20},"end":{"line":202,"column":57}},"87":{"start":{"line":203,"column":21},"end":{"line":203,"column":93}},"88":{"start":{"line":204,"column":4},"end":{"line":204,"column":56}},"89":{"start":{"line":204,"column":19},"end":{"line":204,"column":56}},"90":{"start":{"line":205,"column":4},"end":{"line":205,"column":72}},"91":{"start":{"line":205,"column":31},"end":{"line":205,"column":72}},"92":{"start":{"line":206,"column":4},"end":{"line":206,"column":87}},"93":{"start":{"line":206,"column":30},"end":{"line":206,"column":87}},"94":{"start":{"line":207,"column":4},"end":{"line":212,"column":5}},"95":{"start":{"line":208,"column":27},"end":{"line":208,"column":100}},"96":{"start":{"line":209,"column":8},"end":{"line":211,"column":9}},"97":{"start":{"line":210,"column":12},"end":{"line":210,"column":60}},"98":{"start":{"line":213,"column":17},"end":{"line":213,"column":68}},"99":{"start":{"line":214,"column":4},"end":{"line":216,"column":5}},"100":{"start":{"line":215,"column":8},"end":{"line":215,"column":49}},"101":{"start":{"line":217,"column":4},"end":{"line":219,"column":7}},"102":{"start":{"line":220,"column":22},"end":{"line":220,"column":74}},"103":{"start":{"line":221,"column":23},"end":{"line":221,"column":63}},"104":{"start":{"line":222,"column":4},"end":{"line":222,"column":109}},"105":{"start":{"line":223,"column":4},"end":{"line":223,"column":78}},"106":{"start":{"line":227,"column":15},"end":{"line":227,"column":53}},"107":{"start":{"line":228,"column":19},"end":{"line":228,"column":62}},"108":{"start":{"line":229,"column":4},"end":{"line":237,"column":8}},"109":{"start":{"line":229,"column":28},"end":{"line":237,"column":5}},"110":{"start":{"line":241,"column":4},"end":{"line":241,"column":71}},"111":{"start":{"line":241,"column":33},"end":{"line":241,"column":71}},"112":{"start":{"line":242,"column":4},"end":{"line":242,"column":71}},"113":{"start":{"line":242,"column":20},"end":{"line":242,"column":71}},"114":{"start":{"line":243,"column":4},"end":{"line":243,"column":79}},"115":{"start":{"line":243,"column":37},"end":{"line":243,"column":79}},"116":{"start":{"line":244,"column":16},"end":{"line":244,"column":54}},"117":{"start":{"line":245,"column":20},"end":{"line":245,"column":49}},"118":{"start":{"line":246,"column":4},"end":{"line":246,"column":56}},"119":{"start":{"line":246,"column":18},"end":{"line":246,"column":56}},"120":{"start":{"line":247,"column":21},"end":{"line":247,"column":91}},"121":{"start":{"line":248,"column":4},"end":{"line":248,"column":78}},"122":{"start":{"line":248,"column":41},"end":{"line":248,"column":78}},"123":{"start":{"line":249,"column":20},"end":{"line":249,"column":57}},"124":{"start":{"line":251,"column":17},"end":{"line":251,"column":83}},"125":{"start":{"line":252,"column":26},"end":{"line":252,"column":52}},"126":{"start":{"line":253,"column":19},"end":{"line":253,"column":63}},"127":{"start":{"line":254,"column":21},"end":{"line":254,"column":22}},"128":{"start":{"line":255,"column":4},"end":{"line":257,"column":5}},"129":{"start":{"line":256,"column":8},"end":{"line":256,"column":74}},"130":{"start":{"line":258,"column":19},"end":{"line":258,"column":64}},"131":{"start":{"line":259,"column":4},"end":{"line":259,"column":95}},"132":{"start":{"line":259,"column":45},"end":{"line":259,"column":95}},"133":{"start":{"line":260,"column":17},"end":{"line":260,"column":39}},"134":{"start":{"line":261,"column":22},"end":{"line":266,"column":5}},"135":{"start":{"line":267,"column":4},"end":{"line":269,"column":5}},"136":{"start":{"line":268,"column":8},"end":{"line":268,"column":49}},"137":{"start":{"line":270,"column":4},"end":{"line":272,"column":7}},"138":{"start":{"line":273,"column":22},"end":{"line":273,"column":45}},"139":{"start":{"line":274,"column":23},"end":{"line":274,"column":63}},"140":{"start":{"line":275,"column":4},"end":{"line":275,"column":108}},"141":{"start":{"line":276,"column":4},"end":{"line":276,"column":78}},"142":{"start":{"line":280,"column":21},"end":{"line":280,"column":80}},"143":{"start":{"line":281,"column":4},"end":{"line":288,"column":8}},"144":{"start":{"line":281,"column":30},"end":{"line":288,"column":5}},"145":{"start":{"line":292,"column":4},"end":{"line":292,"column":116}},"146":{"start":{"line":292,"column":74},"end":{"line":292,"column":116}},"147":{"start":{"line":293,"column":4},"end":{"line":293,"column":88}},"148":{"start":{"line":293,"column":39},"end":{"line":293,"column":88}},"149":{"start":{"line":294,"column":19},"end":{"line":294,"column":61}},"150":{"start":{"line":295,"column":17},"end":{"line":295,"column":57}},"151":{"start":{"line":296,"column":24},"end":{"line":296,"column":56}},"152":{"start":{"line":297,"column":22},"end":{"line":297,"column":57}},"153":{"start":{"line":298,"column":4},"end":{"line":298,"column":74}},"154":{"start":{"line":298,"column":36},"end":{"line":298,"column":74}},"155":{"start":{"line":301,"column":24},"end":{"line":301,"column":42}},"156":{"start":{"line":302,"column":4},"end":{"line":348,"column":5}},"157":{"start":{"line":304,"column":27},"end":{"line":304,"column":81}},"158":{"start":{"line":305,"column":22},"end":{"line":305,"column":23}},"159":{"start":{"line":306,"column":8},"end":{"line":308,"column":9}},"160":{"start":{"line":307,"column":12},"end":{"line":307,"column":76}},"161":{"start":{"line":310,"column":27},"end":{"line":310,"column":28}},"162":{"start":{"line":311,"column":8},"end":{"line":313,"column":9}},"163":{"start":{"line":312,"column":12},"end":{"line":312,"column":70}},"164":{"start":{"line":315,"column":19},"end":{"line":315,"column":57}},"165":{"start":{"line":316,"column":18},"end":{"line":316,"column":23}},"166":{"start":{"line":317,"column":8},"end":{"line":342,"column":9}},"167":{"start":{"line":318,"column":12},"end":{"line":318,"column":23}},"168":{"start":{"line":320,"column":12},"end":{"line":320,"column":55}},"169":{"start":{"line":321,"column":12},"end":{"line":321,"column":55}},"170":{"start":{"line":322,"column":12},"end":{"line":322,"column":55}},"171":{"start":{"line":323,"column":12},"end":{"line":323,"column":55}},"172":{"start":{"line":325,"column":12},"end":{"line":332,"column":15}},"173":{"start":{"line":334,"column":12},"end":{"line":341,"column":15}},"174":{"start":{"line":343,"column":8},"end":{"line":347,"column":10}},"175":{"start":{"line":350,"column":4},"end":{"line":350,"column":29}},"176":{"start":{"line":354,"column":4},"end":{"line":377,"column":5}},"177":{"start":{"line":355,"column":8},"end":{"line":355,"column":69}},"178":{"start":{"line":356,"column":25},"end":{"line":356,"column":52}},"179":{"start":{"line":357,"column":8},"end":{"line":357,"column":74}},"180":{"start":{"line":359,"column":27},"end":{"line":359,"column":28}},"181":{"start":{"line":360,"column":25},"end":{"line":360,"column":26}},"182":{"start":{"line":362,"column":8},"end":{"line":370,"column":9}},"183":{"start":{"line":363,"column":12},"end":{"line":369,"column":13}},"184":{"start":{"line":364,"column":16},"end":{"line":364,"column":54}},"185":{"start":{"line":365,"column":16},"end":{"line":365,"column":31}},"186":{"start":{"line":367,"column":16},"end":{"line":367,"column":95}},"187":{"start":{"line":368,"column":16},"end":{"line":368,"column":29}},"188":{"start":{"line":372,"column":8},"end":{"line":372,"column":95}},"189":{"start":{"line":373,"column":8},"end":{"line":373,"column":44}},"190":{"start":{"line":375,"column":8},"end":{"line":375,"column":90}},"191":{"start":{"line":376,"column":8},"end":{"line":376,"column":20}},"192":{"start":{"line":381,"column":16},"end":{"line":381,"column":26}},"193":{"start":{"line":382,"column":17},"end":{"line":382,"column":96}},"194":{"start":{"line":383,"column":4},"end":{"line":386,"column":5}},"195":{"start":{"line":384,"column":8},"end":{"line":384,"column":121}},"196":{"start":{"line":385,"column":8},"end":{"line":385,"column":91}},"197":{"start":{"line":390,"column":16},"end":{"line":390,"column":26}},"198":{"start":{"line":391,"column":17},"end":{"line":391,"column":73}},"199":{"start":{"line":392,"column":4},"end":{"line":395,"column":5}},"200":{"start":{"line":393,"column":8},"end":{"line":393,"column":118}},"201":{"start":{"line":394,"column":8},"end":{"line":394,"column":54}},"202":{"start":{"line":402,"column":31},"end":{"line":402,"column":56}},"203":{"start":{"line":403,"column":29},"end":{"line":403,"column":39}},"204":{"start":{"line":404,"column":29},"end":{"line":404,"column":54}},"205":{"start":{"line":405,"column":33},"end":{"line":405,"column":58}},"206":{"start":{"line":412,"column":20},"end":{"line":412,"column":22}},"207":{"start":{"line":413,"column":4},"end":{"line":440,"column":5}},"208":{"start":{"line":413,"column":17},"end":{"line":413,"column":18}},"209":{"start":{"line":414,"column":8},"end":{"line":439,"column":9}},"210":{"start":{"line":415,"column":29},"end":{"line":415,"column":53}},"211":{"start":{"line":416,"column":30},"end":{"line":421,"column":13}},"212":{"start":{"line":422,"column":28},"end":{"line":429,"column":14}},"213":{"start":{"line":431,"column":12},"end":{"line":435,"column":15}},"214":{"start":{"line":436,"column":12},"end":{"line":436,"column":34}},"215":{"start":{"line":438,"column":12},"end":{"line":438,"column":73}},"216":{"start":{"line":441,"column":4},"end":{"line":441,"column":19}},"217":{"start":{"line":444,"column":0},"end":{"line":463,"column":2}}},"fnMap":{"0":{"name":"calculateBuildingCost","decl":{"start":{"line":27,"column":9},"end":{"line":27,"column":30}},"loc":{"start":{"line":27,"column":51},"end":{"line":36,"column":1}},"line":27},"1":{"name":"calculateBuildTime","decl":{"start":{"line":38,"column":9},"end":{"line":38,"column":27}},"loc":{"start":{"line":38,"column":41},"end":{"line":41,"column":1}},"line":38},"2":{"name":"calculateProduction","decl":{"start":{"line":43,"column":9},"end":{"line":43,"column":28}},"loc":{"start":{"line":43,"column":42},"end":{"line":47,"column":1}},"line":43},"3":{"name":"calculateWarehouseCapacity","decl":{"start":{"line":49,"column":9},"end":{"line":49,"column":35}},"loc":{"start":{"line":49,"column":43},"end":{"line":51,"column":1}},"line":49},"4":{"name":"calculateDistance","decl":{"start":{"line":53,"column":9},"end":{"line":53,"column":26}},"loc":{"start":{"line":53,"column":43},"end":{"line":55,"column":1}},"line":53},"5":{"name":"findFreePosition","decl":{"start":{"line":57,"column":15},"end":{"line":57,"column":31}},"loc":{"start":{"line":57,"column":34},"end":{"line":67,"column":1}},"line":57},"6":{"name":"createVillage","decl":{"start":{"line":70,"column":15},"end":{"line":70,"column":28}},"loc":{"start":{"line":70,"column":43},"end":{"line":85,"column":1}},"line":70},"7":{"name":"(anonymous_7)","decl":{"start":{"line":74,"column":54},"end":{"line":74,"column":55}},"loc":{"start":{"line":74,"column":62},"end":{"line":78,"column":5}},"line":74},"8":{"name":"(anonymous_8)","decl":{"start":{"line":81,"column":48},"end":{"line":81,"column":49}},"loc":{"start":{"line":81,"column":54},"end":{"line":81,"column":107}},"line":81},"9":{"name":"getVillage","decl":{"start":{"line":87,"column":15},"end":{"line":87,"column":25}},"loc":{"start":{"line":87,"column":52},"end":{"line":94,"column":1}},"line":87},"10":{"name":"updateVillageResources","decl":{"start":{"line":96,"column":15},"end":{"line":96,"column":37}},"loc":{"start":{"line":96,"column":47},"end":{"line":178,"column":1}},"line":96},"11":{"name":"getBuildings","decl":{"start":{"line":180,"column":15},"end":{"line":180,"column":27}},"loc":{"start":{"line":180,"column":39},"end":{"line":191,"column":1}},"line":180},"12":{"name":"(anonymous_12)","decl":{"start":{"line":184,"column":25},"end":{"line":184,"column":26}},"loc":{"start":{"line":184,"column":31},"end":{"line":190,"column":5}},"line":184},"13":{"name":"isValidObjectId","decl":{"start":{"line":193,"column":9},"end":{"line":193,"column":24}},"loc":{"start":{"line":193,"column":29},"end":{"line":195,"column":1}},"line":193},"14":{"name":"upgradeBuilding","decl":{"start":{"line":197,"column":15},"end":{"line":197,"column":30}},"loc":{"start":{"line":197,"column":64},"end":{"line":224,"column":1}},"line":197},"15":{"name":"getTroops","decl":{"start":{"line":226,"column":15},"end":{"line":226,"column":24}},"loc":{"start":{"line":226,"column":36},"end":{"line":238,"column":1}},"line":226},"16":{"name":"(anonymous_16)","decl":{"start":{"line":229,"column":22},"end":{"line":229,"column":23}},"loc":{"start":{"line":229,"column":28},"end":{"line":237,"column":5}},"line":229},"17":{"name":"trainTroops","decl":{"start":{"line":240,"column":15},"end":{"line":240,"column":26}},"loc":{"start":{"line":240,"column":65},"end":{"line":277,"column":1}},"line":240},"18":{"name":"getWorldMap","decl":{"start":{"line":279,"column":15},"end":{"line":279,"column":26}},"loc":{"start":{"line":279,"column":29},"end":{"line":289,"column":1}},"line":279},"19":{"name":"(anonymous_19)","decl":{"start":{"line":281,"column":24},"end":{"line":281,"column":25}},"loc":{"start":{"line":281,"column":30},"end":{"line":288,"column":5}},"line":281},"20":{"name":"attackVillage","decl":{"start":{"line":291,"column":15},"end":{"line":291,"column":28}},"loc":{"start":{"line":291,"column":77},"end":{"line":351,"column":1}},"line":291},"21":{"name":"updateAllVillagesResources","decl":{"start":{"line":353,"column":15},"end":{"line":353,"column":41}},"loc":{"start":{"line":353,"column":44},"end":{"line":378,"column":1}},"line":353},"22":{"name":"processConstructionQueue","decl":{"start":{"line":380,"column":15},"end":{"line":380,"column":39}},"loc":{"start":{"line":380,"column":42},"end":{"line":387,"column":1}},"line":380},"23":{"name":"processTrainingQueue","decl":{"start":{"line":389,"column":15},"end":{"line":389,"column":35}},"loc":{"start":{"line":389,"column":38},"end":{"line":396,"column":1}},"line":389},"24":{"name":"processAttacks","decl":{"start":{"line":398,"column":15},"end":{"line":398,"column":29}},"loc":{"start":{"line":398,"column":32},"end":{"line":400,"column":1}},"line":398},"25":{"name":"createTribe","decl":{"start":{"line":402,"column":15},"end":{"line":402,"column":26}},"loc":{"start":{"line":402,"column":29},"end":{"line":402,"column":58}},"line":402},"26":{"name":"getTribes","decl":{"start":{"line":403,"column":15},"end":{"line":403,"column":24}},"loc":{"start":{"line":403,"column":27},"end":{"line":403,"column":41}},"line":403},"27":{"name":"joinTribe","decl":{"start":{"line":404,"column":15},"end":{"line":404,"column":24}},"loc":{"start":{"line":404,"column":27},"end":{"line":404,"column":56}},"line":404},"28":{"name":"speedUpAction","decl":{"start":{"line":405,"column":15},"end":{"line":405,"column":28}},"loc":{"start":{"line":405,"column":31},"end":{"line":405,"column":60}},"line":405},"29":{"name":"generateBarbarianVillages","decl":{"start":{"line":411,"column":15},"end":{"line":411,"column":40}},"loc":{"start":{"line":411,"column":53},"end":{"line":442,"column":1}},"line":411}},"branchMap":{"0":{"loc":{"start":{"line":45,"column":4},"end":{"line":45,"column":32}},"type":"if","locations":[{"start":{"line":45,"column":4},"end":{"line":45,"column":32}},{"start":{},"end":{}}],"line":45},"1":{"loc":{"start":{"line":64,"column":8},"end":{"line":64,"column":39}},"type":"if","locations":[{"start":{"line":64,"column":8},"end":{"line":64,"column":39}},{"start":{},"end":{}}],"line":64},"2":{"loc":{"start":{"line":77,"column":15},"end":{"line":77,"column":42}},"type":"cond-expr","locations":[{"start":{"line":77,"column":37},"end":{"line":77,"column":38}},{"start":{"line":77,"column":41},"end":{"line":77,"column":42}}],"line":77},"3":{"loc":{"start":{"line":87,"column":34},"end":{"line":87,"column":50}},"type":"default-arg","locations":[{"start":{"line":87,"column":46},"end":{"line":87,"column":50}}],"line":87},"4":{"loc":{"start":{"line":89,"column":4},"end":{"line":92,"column":5}},"type":"if","locations":[{"start":{"line":89,"column":4},"end":{"line":92,"column":5}},{"start":{},"end":{}}],"line":89},"5":{"loc":{"start":{"line":102,"column":4},"end":{"line":109,"column":5}},"type":"if","locations":[{"start":{"line":102,"column":4},"end":{"line":109,"column":5}},{"start":{},"end":{}}],"line":102},"6":{"loc":{"start":{"line":119,"column":12},"end":{"line":122,"column":13}},"type":"if","locations":[{"start":{"line":119,"column":12},"end":{"line":122,"column":13}},{"start":{},"end":{}}],"line":119},"7":{"loc":{"start":{"line":119,"column":16},"end":{"line":119,"column":46}},"type":"binary-expr","locations":[{"start":{"line":119,"column":16},"end":{"line":119,"column":31}},{"start":{"line":119,"column":35},"end":{"line":119,"column":46}}],"line":119},"8":{"loc":{"start":{"line":123,"column":12},"end":{"line":125,"column":13}},"type":"if","locations":[{"start":{"line":123,"column":12},"end":{"line":125,"column":13}},{"start":{},"end":{}}],"line":123},"9":{"loc":{"start":{"line":157,"column":8},"end":{"line":159,"column":9}},"type":"if","locations":[{"start":{"line":157,"column":8},"end":{"line":159,"column":9}},{"start":{},"end":{}}],"line":157},"10":{"loc":{"start":{"line":181,"column":4},"end":{"line":181,"column":79}},"type":"if","locations":[{"start":{"line":181,"column":4},"end":{"line":181,"column":79}},{"start":{},"end":{}}],"line":181},"11":{"loc":{"start":{"line":189,"column":20},"end":{"line":189,"column":117}},"type":"cond-expr","locations":[{"start":{"line":189,"column":65},"end":{"line":189,"column":110}},{"start":{"line":189,"column":113},"end":{"line":189,"column":117}}],"line":189},"12":{"loc":{"start":{"line":198,"column":4},"end":{"line":198,"column":79}},"type":"if","locations":[{"start":{"line":198,"column":4},"end":{"line":198,"column":79}},{"start":{},"end":{}}],"line":198},"13":{"loc":{"start":{"line":201,"column":4},"end":{"line":201,"column":56}},"type":"if","locations":[{"start":{"line":201,"column":4},"end":{"line":201,"column":56}},{"start":{},"end":{}}],"line":201},"14":{"loc":{"start":{"line":204,"column":4},"end":{"line":204,"column":56}},"type":"if","locations":[{"start":{"line":204,"column":4},"end":{"line":204,"column":56}},{"start":{},"end":{}}],"line":204},"15":{"loc":{"start":{"line":205,"column":4},"end":{"line":205,"column":72}},"type":"if","locations":[{"start":{"line":205,"column":4},"end":{"line":205,"column":72}},{"start":{},"end":{}}],"line":205},"16":{"loc":{"start":{"line":206,"column":4},"end":{"line":206,"column":87}},"type":"if","locations":[{"start":{"line":206,"column":4},"end":{"line":206,"column":87}},{"start":{},"end":{}}],"line":206},"17":{"loc":{"start":{"line":207,"column":4},"end":{"line":212,"column":5}},"type":"if","locations":[{"start":{"line":207,"column":4},"end":{"line":212,"column":5}},{"start":{},"end":{}}],"line":207},"18":{"loc":{"start":{"line":209,"column":8},"end":{"line":211,"column":9}},"type":"if","locations":[{"start":{"line":209,"column":8},"end":{"line":211,"column":9}},{"start":{},"end":{}}],"line":209},"19":{"loc":{"start":{"line":214,"column":4},"end":{"line":216,"column":5}},"type":"if","locations":[{"start":{"line":214,"column":4},"end":{"line":216,"column":5}},{"start":{},"end":{}}],"line":214},"20":{"loc":{"start":{"line":214,"column":8},"end":{"line":214,"column":116}},"type":"binary-expr","locations":[{"start":{"line":214,"column":8},"end":{"line":214,"column":32}},{"start":{"line":214,"column":36},"end":{"line":214,"column":60}},{"start":{"line":214,"column":64},"end":{"line":214,"column":88}},{"start":{"line":214,"column":92},"end":{"line":214,"column":116}}],"line":214},"21":{"loc":{"start":{"line":241,"column":4},"end":{"line":241,"column":71}},"type":"if","locations":[{"start":{"line":241,"column":4},"end":{"line":241,"column":71}},{"start":{},"end":{}}],"line":241},"22":{"loc":{"start":{"line":242,"column":4},"end":{"line":242,"column":71}},"type":"if","locations":[{"start":{"line":242,"column":4},"end":{"line":242,"column":71}},{"start":{},"end":{}}],"line":242},"23":{"loc":{"start":{"line":243,"column":4},"end":{"line":243,"column":79}},"type":"if","locations":[{"start":{"line":243,"column":4},"end":{"line":243,"column":79}},{"start":{},"end":{}}],"line":243},"24":{"loc":{"start":{"line":246,"column":4},"end":{"line":246,"column":56}},"type":"if","locations":[{"start":{"line":246,"column":4},"end":{"line":246,"column":56}},{"start":{},"end":{}}],"line":246},"25":{"loc":{"start":{"line":248,"column":4},"end":{"line":248,"column":78}},"type":"if","locations":[{"start":{"line":248,"column":4},"end":{"line":248,"column":78}},{"start":{},"end":{}}],"line":248},"26":{"loc":{"start":{"line":248,"column":8},"end":{"line":248,"column":39}},"type":"binary-expr","locations":[{"start":{"line":248,"column":8},"end":{"line":248,"column":17}},{"start":{"line":248,"column":21},"end":{"line":248,"column":39}}],"line":248},"27":{"loc":{"start":{"line":252,"column":26},"end":{"line":252,"column":52}},"type":"cond-expr","locations":[{"start":{"line":252,"column":33},"end":{"line":252,"column":48}},{"start":{"line":252,"column":51},"end":{"line":252,"column":52}}],"line":252},"28":{"loc":{"start":{"line":256,"column":23},"end":{"line":256,"column":61}},"type":"binary-expr","locations":[{"start":{"line":256,"column":23},"end":{"line":256,"column":56}},{"start":{"line":256,"column":60},"end":{"line":256,"column":61}}],"line":256},"29":{"loc":{"start":{"line":258,"column":20},"end":{"line":258,"column":54}},"type":"binary-expr","locations":[{"start":{"line":258,"column":20},"end":{"line":258,"column":49}},{"start":{"line":258,"column":53},"end":{"line":258,"column":54}}],"line":258},"30":{"loc":{"start":{"line":259,"column":4},"end":{"line":259,"column":95}},"type":"if","locations":[{"start":{"line":259,"column":4},"end":{"line":259,"column":95}},{"start":{},"end":{}}],"line":259},"31":{"loc":{"start":{"line":267,"column":4},"end":{"line":269,"column":5}},"type":"if","locations":[{"start":{"line":267,"column":4},"end":{"line":269,"column":5}},{"start":{},"end":{}}],"line":267},"32":{"loc":{"start":{"line":267,"column":8},"end":{"line":267,"column":136}},"type":"binary-expr","locations":[{"start":{"line":267,"column":8},"end":{"line":267,"column":37}},{"start":{"line":267,"column":41},"end":{"line":267,"column":70}},{"start":{"line":267,"column":74},"end":{"line":267,"column":103}},{"start":{"line":267,"column":107},"end":{"line":267,"column":136}}],"line":267},"33":{"loc":{"start":{"line":284,"column":15},"end":{"line":284,"column":59}},"type":"cond-expr","locations":[{"start":{"line":284,"column":27},"end":{"line":284,"column":45}},{"start":{"line":284,"column":48},"end":{"line":284,"column":59}}],"line":284},"34":{"loc":{"start":{"line":292,"column":4},"end":{"line":292,"column":116}},"type":"if","locations":[{"start":{"line":292,"column":4},"end":{"line":292,"column":116}},{"start":{},"end":{}}],"line":292},"35":{"loc":{"start":{"line":292,"column":8},"end":{"line":292,"column":72}},"type":"binary-expr","locations":[{"start":{"line":292,"column":8},"end":{"line":292,"column":39}},{"start":{"line":292,"column":43},"end":{"line":292,"column":72}}],"line":292},"36":{"loc":{"start":{"line":293,"column":4},"end":{"line":293,"column":88}},"type":"if","locations":[{"start":{"line":293,"column":4},"end":{"line":293,"column":88}},{"start":{},"end":{}}],"line":293},"37":{"loc":{"start":{"line":298,"column":4},"end":{"line":298,"column":74}},"type":"if","locations":[{"start":{"line":298,"column":4},"end":{"line":298,"column":74}},{"start":{},"end":{}}],"line":298},"38":{"loc":{"start":{"line":298,"column":8},"end":{"line":298,"column":34}},"type":"binary-expr","locations":[{"start":{"line":298,"column":8},"end":{"line":298,"column":20}},{"start":{"line":298,"column":24},"end":{"line":298,"column":34}}],"line":298},"39":{"loc":{"start":{"line":302,"column":4},"end":{"line":348,"column":5}},"type":"if","locations":[{"start":{"line":302,"column":4},"end":{"line":348,"column":5}},{"start":{},"end":{}}],"line":302},"40":{"loc":{"start":{"line":307,"column":24},"end":{"line":307,"column":63}},"type":"binary-expr","locations":[{"start":{"line":307,"column":24},"end":{"line":307,"column":58}},{"start":{"line":307,"column":62},"end":{"line":307,"column":63}}],"line":307},"41":{"loc":{"start":{"line":311,"column":52},"end":{"line":311,"column":68}},"type":"binary-expr","locations":[{"start":{"line":311,"column":52},"end":{"line":311,"column":62}},{"start":{"line":311,"column":66},"end":{"line":311,"column":68}}],"line":311},"42":{"loc":{"start":{"line":312,"column":29},"end":{"line":312,"column":59}},"type":"binary-expr","locations":[{"start":{"line":312,"column":29},"end":{"line":312,"column":54}},{"start":{"line":312,"column":58},"end":{"line":312,"column":59}}],"line":312},"43":{"loc":{"start":{"line":317,"column":8},"end":{"line":342,"column":9}},"type":"if","locations":[{"start":{"line":317,"column":8},"end":{"line":342,"column":9}},{"start":{},"end":{}}],"line":317},"44":{"loc":{"start":{"line":346,"column":21},"end":{"line":346,"column":122}},"type":"cond-expr","locations":[{"start":{"line":346,"column":27},"end":{"line":346,"column":68}},{"start":{"line":346,"column":71},"end":{"line":346,"column":122}}],"line":346},"45":{"loc":{"start":{"line":411,"column":41},"end":{"line":411,"column":51}},"type":"default-arg","locations":[{"start":{"line":411,"column":49},"end":{"line":411,"column":51}}],"line":411}},"s":{"0":1,"1":1,"2":1,"3":1,"4":1,"5":1,"6":1,"7":1,"8":10,"9":10,"10":10,"11":9,"12":9,"13":4,"14":4,"15":0,"16":4,"17":0,"18":0,"19":15,"20":15,"21":15,"22":15,"23":15,"24":15,"25":15,"26":15,"27":15,"28":0,"29":15,"30":15,"31":15,"32":120,"33":15,"34":15,"35":60,"36":15,"37":15,"38":4,"39":4,"40":4,"41":4,"42":0,"43":13,"44":13,"45":13,"46":13,"47":13,"48":0,"49":0,"50":0,"51":0,"52":0,"53":0,"54":0,"55":0,"56":0,"57":0,"58":0,"59":0,"60":0,"61":0,"62":0,"63":0,"64":0,"65":0,"66":0,"67":0,"68":0,"69":0,"70":0,"71":0,"72":0,"73":2,"74":1,"75":1,"76":1,"77":1,"78":8,"79":5,"80":2,"81":0,"82":2,"83":2,"84":2,"85":0,"86":2,"87":2,"88":2,"89":0,"90":2,"91":0,"92":2,"93":0,"94":2,"95":2,"96":2,"97":0,"98":2,"99":2,"100":1,"101":1,"102":1,"103":1,"104":1,"105":1,"106":0,"107":0,"108":0,"109":0,"110":1,"111":0,"112":1,"113":0,"114":1,"115":0,"116":1,"117":1,"118":1,"119":0,"120":1,"121":1,"122":0,"123":1,"124":1,"125":1,"126":1,"127":1,"128":1,"129":4,"130":1,"131":1,"132":0,"133":1,"134":1,"135":1,"136":0,"137":1,"138":1,"139":1,"140":1,"141":1,"142":0,"143":0,"144":0,"145":0,"146":0,"147":0,"148":0,"149":0,"150":0,"151":0,"152":0,"153":0,"154":0,"155":0,"156":0,"157":0,"158":0,"159":0,"160":0,"161":0,"162":0,"163":0,"164":0,"165":0,"166":0,"167":0,"168":0,"169":0,"170":0,"171":0,"172":0,"173":0,"174":0,"175":0,"176":1,"177":1,"178":1,"179":1,"180":1,"181":1,"182":1,"183":10,"184":10,"185":10,"186":0,"187":0,"188":1,"189":1,"190":0,"191":0,"192":0,"193":0,"194":0,"195":0,"196":0,"197":0,"198":0,"199":0,"200":0,"201":0,"202":0,"203":0,"204":0,"205":0,"206":0,"207":0,"208":0,"209":0,"210":0,"211":0,"212":0,"213":0,"214":0,"215":0,"216":0,"217":1},"f":{"0":10,"1":9,"2":4,"3":0,"4":0,"5":15,"6":15,"7":120,"8":60,"9":4,"10":13,"11":2,"12":8,"13":5,"14":2,"15":0,"16":0,"17":1,"18":0,"19":0,"20":0,"21":1,"22":0,"23":0,"24":0,"25":0,"26":0,"27":0,"28":0,"29":0},"b":{"0":[0,4],"1":[15,0],"2":[15,105],"3":[0],"4":[4,0],"5":[13,0],"6":[0,0],"7":[0,0],"8":[0,0],"9":[0,0],"10":[1,1],"11":[4,4],"12":[0,2],"13":[0,2],"14":[0,2],"15":[0,2],"16":[0,2],"17":[2,0],"18":[0,2],"19":[1,1],"20":[2,1,1,1],"21":[0,1],"22":[0,1],"23":[0,1],"24":[0,1],"25":[0,1],"26":[1,1],"27":[1,0],"28":[4,0],"29":[1,0],"30":[0,1],"31":[0,1],"32":[1,1,1,1],"33":[0,0],"34":[0,0],"35":[0,0],"36":[0,0],"37":[0,0],"38":[0,0],"39":[0,0],"40":[0,0],"41":[0,0],"42":[0,0],"43":[0,0],"44":[0,0],"45":[0]},"_coverageSchema":"1a1c01bbd47fc00a2c39e90264f33305004495a9","hash":"91b97dbece1db17dfaf5580a870334fc895b61e7"}
,"E:\\cryptotribes\\server\\logger.js": {"path":"E:\\cryptotribes\\server\\logger.js","statementMap":{"0":{"start":{"line":1,"column":16},"end":{"line":1,"column":34}},"1":{"start":{"line":2,"column":13},"end":{"line":2,"column":28}},"2":{"start":{"line":3,"column":11},"end":{"line":3,"column":24}},"3":{"start":{"line":6,"column":16},"end":{"line":6,"column":47}},"4":{"start":{"line":7,"column":0},"end":{"line":9,"column":1}},"5":{"start":{"line":8,"column":4},"end":{"line":8,"column":47}},"6":{"start":{"line":12,"column":18},"end":{"line":26,"column":1}},"7":{"start":{"line":18,"column":18},"end":{"line":18,"column":69}},"8":{"start":{"line":20,"column":8},"end":{"line":22,"column":9}},"9":{"start":{"line":21,"column":12},"end":{"line":21,"column":50}},"10":{"start":{"line":24,"column":8},"end":{"line":24,"column":19}},"11":{"start":{"line":29,"column":15},"end":{"line":80,"column":2}},"12":{"start":{"line":59,"column":20},"end":{"line":59,"column":67}},"13":{"start":{"line":74,"column":20},"end":{"line":74,"column":70}},"14":{"start":{"line":83,"column":0},"end":{"line":104,"column":1}},"15":{"start":{"line":84,"column":4},"end":{"line":103,"column":8}},"16":{"start":{"line":89,"column":26},"end":{"line":89,"column":63}},"17":{"start":{"line":92,"column":16},"end":{"line":98,"column":17}},"18":{"start":{"line":93,"column":20},"end":{"line":93,"column":66}},"19":{"start":{"line":94,"column":23},"end":{"line":98,"column":17}},"20":{"start":{"line":95,"column":20},"end":{"line":95,"column":42}},"21":{"start":{"line":96,"column":23},"end":{"line":98,"column":17}},"22":{"start":{"line":97,"column":20},"end":{"line":97,"column":42}},"23":{"start":{"line":100,"column":16},"end":{"line":100,"column":27}},"24":{"start":{"line":108,"column":18},"end":{"line":108,"column":28}},"25":{"start":{"line":111,"column":4},"end":{"line":139,"column":7}},"26":{"start":{"line":112,"column":25},"end":{"line":112,"column":43}},"27":{"start":{"line":114,"column":24},"end":{"line":122,"column":9}},"28":{"start":{"line":125,"column":8},"end":{"line":127,"column":9}},"29":{"start":{"line":126,"column":12},"end":{"line":126,"column":48}},"30":{"start":{"line":130,"column":8},"end":{"line":138,"column":9}},"31":{"start":{"line":131,"column":12},"end":{"line":131,"column":50}},"32":{"start":{"line":132,"column":15},"end":{"line":138,"column":9}},"33":{"start":{"line":133,"column":12},"end":{"line":133,"column":49}},"34":{"start":{"line":134,"column":15},"end":{"line":138,"column":9}},"35":{"start":{"line":135,"column":12},"end":{"line":135,"column":49}},"36":{"start":{"line":137,"column":12},"end":{"line":137,"column":44}},"37":{"start":{"line":141,"column":4},"end":{"line":141,"column":11}},"38":{"start":{"line":145,"column":19},"end":{"line":241,"column":1}},"39":{"start":{"line":148,"column":8},"end":{"line":153,"column":11}},"40":{"start":{"line":157,"column":8},"end":{"line":162,"column":11}},"41":{"start":{"line":167,"column":8},"end":{"line":173,"column":11}},"42":{"start":{"line":177,"column":8},"end":{"line":184,"column":11}},"43":{"start":{"line":189,"column":8},"end":{"line":196,"column":11}},"44":{"start":{"line":200,"column":8},"end":{"line":207,"column":11}},"45":{"start":{"line":211,"column":8},"end":{"line":218,"column":11}},"46":{"start":{"line":223,"column":8},"end":{"line":229,"column":11}},"47":{"start":{"line":234,"column":8},"end":{"line":239,"column":11}},"48":{"start":{"line":244,"column":22},"end":{"line":288,"column":1}},"49":{"start":{"line":246,"column":8},"end":{"line":253,"column":11}},"50":{"start":{"line":257,"column":8},"end":{"line":264,"column":11}},"51":{"start":{"line":268,"column":8},"end":{"line":275,"column":11}},"52":{"start":{"line":279,"column":8},"end":{"line":286,"column":11}},"53":{"start":{"line":293,"column":8},"end":{"line":293,"column":32}},"54":{"start":{"line":297,"column":8},"end":{"line":297,"column":43}},"55":{"start":{"line":301,"column":22},"end":{"line":301,"column":44}},"56":{"start":{"line":302,"column":8},"end":{"line":305,"column":9}},"57":{"start":{"line":303,"column":12},"end":{"line":303,"column":72}},"58":{"start":{"line":304,"column":12},"end":{"line":304,"column":19}},"59":{"start":{"line":307,"column":25},"end":{"line":307,"column":43}},"60":{"start":{"line":308,"column":8},"end":{"line":308,"column":34}},"61":{"start":{"line":310,"column":8},"end":{"line":314,"column":11}},"62":{"start":{"line":317,"column":8},"end":{"line":323,"column":9}},"63":{"start":{"line":318,"column":12},"end":{"line":322,"column":15}},"64":{"start":{"line":325,"column":8},"end":{"line":325,"column":24}},"65":{"start":{"line":329,"column":20},"end":{"line":329,"column":44}},"66":{"start":{"line":333,"column":18},"end":{"line":333,"column":39}},"67":{"start":{"line":334,"column":18},"end":{"line":346,"column":5}},"68":{"start":{"line":348,"column":4},"end":{"line":348,"column":44}},"69":{"start":{"line":352,"column":0},"end":{"line":354,"column":1}},"70":{"start":{"line":353,"column":4},"end":{"line":353,"column":48}},"71":{"start":{"line":357,"column":0},"end":{"line":363,"column":3}},"72":{"start":{"line":358,"column":4},"end":{"line":358,"column":85}},"73":{"start":{"line":360,"column":4},"end":{"line":362,"column":13}},"74":{"start":{"line":361,"column":8},"end":{"line":361,"column":24}},"75":{"start":{"line":365,"column":0},"end":{"line":367,"column":3}},"76":{"start":{"line":366,"column":4},"end":{"line":366,"column":61}},"77":{"start":{"line":369,"column":0},"end":{"line":375,"column":2}}},"fnMap":{"0":{"name":"(anonymous_0)","decl":{"start":{"line":17,"column":26},"end":{"line":17,"column":27}},"loc":{"start":{"line":17,"column":74},"end":{"line":25,"column":5}},"line":17},"1":{"name":"(anonymous_1)","decl":{"start":{"line":58,"column":31},"end":{"line":58,"column":32}},"loc":{"start":{"line":58,"column":41},"end":{"line":60,"column":17}},"line":58},"2":{"name":"(anonymous_2)","decl":{"start":{"line":73,"column":31},"end":{"line":73,"column":32}},"loc":{"start":{"line":73,"column":41},"end":{"line":75,"column":17}},"line":73},"3":{"name":"(anonymous_3)","decl":{"start":{"line":88,"column":34},"end":{"line":88,"column":35}},"loc":{"start":{"line":88,"column":82},"end":{"line":101,"column":13}},"line":88},"4":{"name":"httpLogger","decl":{"start":{"line":107,"column":9},"end":{"line":107,"column":19}},"loc":{"start":{"line":107,"column":36},"end":{"line":142,"column":1}},"line":107},"5":{"name":"(anonymous_5)","decl":{"start":{"line":111,"column":21},"end":{"line":111,"column":22}},"loc":{"start":{"line":111,"column":27},"end":{"line":139,"column":5}},"line":111},"6":{"name":"(anonymous_6)","decl":{"start":{"line":147,"column":20},"end":{"line":147,"column":21}},"loc":{"start":{"line":147,"column":42},"end":{"line":154,"column":5}},"line":147},"7":{"name":"(anonymous_7)","decl":{"start":{"line":156,"column":15},"end":{"line":156,"column":16}},"loc":{"start":{"line":156,"column":37},"end":{"line":163,"column":5}},"line":156},"8":{"name":"(anonymous_8)","decl":{"start":{"line":166,"column":20},"end":{"line":166,"column":21}},"loc":{"start":{"line":166,"column":49},"end":{"line":174,"column":5}},"line":166},"9":{"name":"(anonymous_9)","decl":{"start":{"line":176,"column":22},"end":{"line":176,"column":23}},"loc":{"start":{"line":176,"column":66},"end":{"line":185,"column":5}},"line":176},"10":{"name":"(anonymous_10)","decl":{"start":{"line":188,"column":19},"end":{"line":188,"column":20}},"loc":{"start":{"line":188,"column":61},"end":{"line":197,"column":5}},"line":188},"11":{"name":"(anonymous_11)","decl":{"start":{"line":199,"column":16},"end":{"line":199,"column":17}},"loc":{"start":{"line":199,"column":68},"end":{"line":208,"column":5}},"line":199},"12":{"name":"(anonymous_12)","decl":{"start":{"line":210,"column":18},"end":{"line":210,"column":19}},"loc":{"start":{"line":210,"column":60},"end":{"line":219,"column":5}},"line":210},"13":{"name":"(anonymous_13)","decl":{"start":{"line":222,"column":18},"end":{"line":222,"column":19}},"loc":{"start":{"line":222,"column":45},"end":{"line":230,"column":5}},"line":222},"14":{"name":"(anonymous_14)","decl":{"start":{"line":233,"column":22},"end":{"line":233,"column":23}},"loc":{"start":{"line":233,"column":50},"end":{"line":240,"column":5}},"line":233},"15":{"name":"(anonymous_15)","decl":{"start":{"line":245,"column":22},"end":{"line":245,"column":23}},"loc":{"start":{"line":245,"column":60},"end":{"line":254,"column":5}},"line":245},"16":{"name":"(anonymous_16)","decl":{"start":{"line":256,"column":22},"end":{"line":256,"column":23}},"loc":{"start":{"line":256,"column":67},"end":{"line":265,"column":5}},"line":256},"17":{"name":"(anonymous_17)","decl":{"start":{"line":267,"column":19},"end":{"line":267,"column":20}},"loc":{"start":{"line":267,"column":57},"end":{"line":276,"column":5}},"line":267},"18":{"name":"(anonymous_18)","decl":{"start":{"line":278,"column":23},"end":{"line":278,"column":24}},"loc":{"start":{"line":278,"column":63},"end":{"line":287,"column":5}},"line":278},"19":{"name":"(anonymous_19)","decl":{"start":{"line":292,"column":4},"end":{"line":292,"column":5}},"loc":{"start":{"line":292,"column":18},"end":{"line":294,"column":5}},"line":292},"20":{"name":"(anonymous_20)","decl":{"start":{"line":296,"column":4},"end":{"line":296,"column":5}},"loc":{"start":{"line":296,"column":17},"end":{"line":298,"column":5}},"line":296},"21":{"name":"(anonymous_21)","decl":{"start":{"line":300,"column":4},"end":{"line":300,"column":5}},"loc":{"start":{"line":300,"column":30},"end":{"line":326,"column":5}},"line":300},"22":{"name":"logServerStats","decl":{"start":{"line":332,"column":15},"end":{"line":332,"column":29}},"loc":{"start":{"line":332,"column":32},"end":{"line":349,"column":1}},"line":332},"23":{"name":"(anonymous_23)","decl":{"start":{"line":357,"column":32},"end":{"line":357,"column":33}},"loc":{"start":{"line":357,"column":43},"end":{"line":363,"column":1}},"line":357},"24":{"name":"(anonymous_24)","decl":{"start":{"line":360,"column":15},"end":{"line":360,"column":16}},"loc":{"start":{"line":360,"column":21},"end":{"line":362,"column":5}},"line":360},"25":{"name":"(anonymous_25)","decl":{"start":{"line":365,"column":33},"end":{"line":365,"column":34}},"loc":{"start":{"line":365,"column":54},"end":{"line":367,"column":1}},"line":365}},"branchMap":{"0":{"loc":{"start":{"line":7,"column":0},"end":{"line":9,"column":1}},"type":"if","locations":[{"start":{"line":7,"column":0},"end":{"line":9,"column":1}},{"start":{},"end":{}}],"line":7},"1":{"loc":{"start":{"line":20,"column":8},"end":{"line":22,"column":9}},"type":"if","locations":[{"start":{"line":20,"column":8},"end":{"line":22,"column":9}},{"start":{},"end":{}}],"line":20},"2":{"loc":{"start":{"line":30,"column":11},"end":{"line":30,"column":42}},"type":"binary-expr","locations":[{"start":{"line":30,"column":11},"end":{"line":30,"column":32}},{"start":{"line":30,"column":36},"end":{"line":30,"column":42}}],"line":30},"3":{"loc":{"start":{"line":59,"column":27},"end":{"line":59,"column":66}},"type":"cond-expr","locations":[{"start":{"line":59,"column":54},"end":{"line":59,"column":58}},{"start":{"line":59,"column":61},"end":{"line":59,"column":66}}],"line":59},"4":{"loc":{"start":{"line":74,"column":27},"end":{"line":74,"column":69}},"type":"cond-expr","locations":[{"start":{"line":74,"column":57},"end":{"line":74,"column":61}},{"start":{"line":74,"column":64},"end":{"line":74,"column":69}}],"line":74},"5":{"loc":{"start":{"line":83,"column":0},"end":{"line":104,"column":1}},"type":"if","locations":[{"start":{"line":83,"column":0},"end":{"line":104,"column":1}},{"start":{},"end":{}}],"line":83},"6":{"loc":{"start":{"line":92,"column":16},"end":{"line":98,"column":17}},"type":"if","locations":[{"start":{"line":92,"column":16},"end":{"line":98,"column":17}},{"start":{"line":94,"column":23},"end":{"line":98,"column":17}}],"line":92},"7":{"loc":{"start":{"line":94,"column":23},"end":{"line":98,"column":17}},"type":"if","locations":[{"start":{"line":94,"column":23},"end":{"line":98,"column":17}},{"start":{"line":96,"column":23},"end":{"line":98,"column":17}}],"line":94},"8":{"loc":{"start":{"line":96,"column":23},"end":{"line":98,"column":17}},"type":"if","locations":[{"start":{"line":96,"column":23},"end":{"line":98,"column":17}},{"start":{},"end":{}}],"line":96},"9":{"loc":{"start":{"line":119,"column":16},"end":{"line":119,"column":54}},"type":"binary-expr","locations":[{"start":{"line":119,"column":16},"end":{"line":119,"column":22}},{"start":{"line":119,"column":26},"end":{"line":119,"column":54}}],"line":119},"10":{"loc":{"start":{"line":125,"column":8},"end":{"line":127,"column":9}},"type":"if","locations":[{"start":{"line":125,"column":8},"end":{"line":127,"column":9}},{"start":{},"end":{}}],"line":125},"11":{"loc":{"start":{"line":125,"column":12},"end":{"line":125,"column":45}},"type":"binary-expr","locations":[{"start":{"line":125,"column":12},"end":{"line":125,"column":23}},{"start":{"line":125,"column":27},"end":{"line":125,"column":45}}],"line":125},"12":{"loc":{"start":{"line":130,"column":8},"end":{"line":138,"column":9}},"type":"if","locations":[{"start":{"line":130,"column":8},"end":{"line":138,"column":9}},{"start":{"line":132,"column":15},"end":{"line":138,"column":9}}],"line":130},"13":{"loc":{"start":{"line":132,"column":15},"end":{"line":138,"column":9}},"type":"if","locations":[{"start":{"line":132,"column":15},"end":{"line":138,"column":9}},{"start":{"line":134,"column":15},"end":{"line":138,"column":9}}],"line":132},"14":{"loc":{"start":{"line":134,"column":15},"end":{"line":138,"column":9}},"type":"if","locations":[{"start":{"line":134,"column":15},"end":{"line":138,"column":9}},{"start":{"line":136,"column":15},"end":{"line":138,"column":9}}],"line":134},"15":{"loc":{"start":{"line":300,"column":15},"end":{"line":300,"column":28}},"type":"default-arg","locations":[{"start":{"line":300,"column":26},"end":{"line":300,"column":28}}],"line":300},"16":{"loc":{"start":{"line":302,"column":8},"end":{"line":305,"column":9}},"type":"if","locations":[{"start":{"line":302,"column":8},"end":{"line":305,"column":9}},{"start":{},"end":{}}],"line":302},"17":{"loc":{"start":{"line":317,"column":8},"end":{"line":323,"column":9}},"type":"if","locations":[{"start":{"line":317,"column":8},"end":{"line":323,"column":9}},{"start":{},"end":{}}],"line":317},"18":{"loc":{"start":{"line":352,"column":0},"end":{"line":354,"column":1}},"type":"if","locations":[{"start":{"line":352,"column":0},"end":{"line":354,"column":1}},{"start":{},"end":{}}],"line":352}},"s":{"0":0,"1":0,"2":0,"3":0,"4":0,"5":0,"6":0,"7":0,"8":0,"9":0,"10":0,"11":0,"12":0,"13":0,"14":0,"15":0,"16":0,"17":0,"18":0,"19":0,"20":0,"21":0,"22":0,"23":0,"24":0,"25":0,"26":0,"27":0,"28":0,"29":0,"30":0,"31":0,"32":0,"33":0,"34":0,"35":0,"36":0,"37":0,"38":0,"39":0,"40":0,"41":0,"42":0,"43":0,"44":0,"45":0,"46":0,"47":0,"48":0,"49":0,"50":0,"51":0,"52":0,"53":0,"54":0,"55":0,"56":0,"57":0,"58":0,"59":0,"60":0,"61":0,"62":0,"63":0,"64":0,"65":0,"66":0,"67":0,"68":0,"69":0,"70":0,"71":0,"72":0,"73":0,"74":0,"75":0,"76":0,"77":0},"f":{"0":0,"1":0,"2":0,"3":0,"4":0,"5":0,"6":0,"7":0,"8":0,"9":0,"10":0,"11":0,"12":0,"13":0,"14":0,"15":0,"16":0,"17":0,"18":0,"19":0,"20":0,"21":0,"22":0,"23":0,"24":0,"25":0},"b":{"0":[0,0],"1":[0,0],"2":[0,0],"3":[0,0],"4":[0,0],"5":[0,0],"6":[0,0],"7":[0,0],"8":[0,0],"9":[0,0],"10":[0,0],"11":[0,0],"12":[0,0],"13":[0,0],"14":[0,0],"15":[0],"16":[0,0],"17":[0,0],"18":[0,0]}}
,"E:\\cryptotribes\\server\\payments.js": {"path":"E:\\cryptotribes\\server\\payments.js","statementMap":{"0":{"start":{"line":1,"column":15},"end":{"line":1,"column":32}},"1":{"start":{"line":2,"column":34},"end":{"line":2,"column":53}},"2":{"start":{"line":3,"column":16},"end":{"line":3,"column":44}},"3":{"start":{"line":4,"column":23},"end":{"line":4,"column":58}},"4":{"start":{"line":5,"column":18},"end":{"line":5,"column":48}},"5":{"start":{"line":6,"column":17},"end":{"line":6,"column":46}},"6":{"start":{"line":7,"column":13},"end":{"line":7,"column":38}},"7":{"start":{"line":10,"column":23},"end":{"line":33,"column":1}},"8":{"start":{"line":36,"column":25},"end":{"line":65,"column":1}},"9":{"start":{"line":69,"column":13},"end":{"line":69,"column":17}},"10":{"start":{"line":70,"column":0},"end":{"line":72,"column":1}},"11":{"start":{"line":71,"column":4},"end":{"line":71,"column":64}},"12":{"start":{"line":75,"column":4},"end":{"line":77,"column":5}},"13":{"start":{"line":76,"column":8},"end":{"line":76,"column":46}},"14":{"start":{"line":79,"column":16},"end":{"line":79,"column":43}},"15":{"start":{"line":80,"column":4},"end":{"line":82,"column":5}},"16":{"start":{"line":81,"column":8},"end":{"line":81,"column":42}},"17":{"start":{"line":84,"column":4},"end":{"line":132,"column":5}},"18":{"start":{"line":86,"column":24},"end":{"line":108,"column":10}},"19":{"start":{"line":111,"column":8},"end":{"line":120,"column":11}},"20":{"start":{"line":122,"column":8},"end":{"line":122,"column":100}},"21":{"start":{"line":124,"column":8},"end":{"line":127,"column":10}},"22":{"start":{"line":130,"column":8},"end":{"line":130,"column":90}},"23":{"start":{"line":131,"column":8},"end":{"line":131,"column":20}},"24":{"start":{"line":137,"column":16},"end":{"line":137,"column":47}},"25":{"start":{"line":140,"column":4},"end":{"line":149,"column":5}},"26":{"start":{"line":141,"column":8},"end":{"line":145,"column":10}},"27":{"start":{"line":147,"column":8},"end":{"line":147,"column":93}},"28":{"start":{"line":148,"column":8},"end":{"line":148,"column":69}},"29":{"start":{"line":152,"column":4},"end":{"line":166,"column":5}},"30":{"start":{"line":154,"column":28},"end":{"line":154,"column":45}},"31":{"start":{"line":155,"column":12},"end":{"line":160,"column":14}},"32":{"start":{"line":161,"column":12},"end":{"line":161,"column":18}},"33":{"start":{"line":164,"column":12},"end":{"line":164,"column":54}},"34":{"start":{"line":165,"column":12},"end":{"line":165,"column":18}},"35":{"start":{"line":168,"column":4},"end":{"line":168,"column":33}},"36":{"start":{"line":173,"column":14},"end":{"line":173,"column":30}},"37":{"start":{"line":176,"column":4},"end":{"line":178,"column":5}},"38":{"start":{"line":177,"column":8},"end":{"line":177,"column":54}},"39":{"start":{"line":180,"column":16},"end":{"line":180,"column":43}},"40":{"start":{"line":181,"column":4},"end":{"line":183,"column":5}},"41":{"start":{"line":182,"column":8},"end":{"line":182,"column":42}},"42":{"start":{"line":185,"column":4},"end":{"line":235,"column":5}},"43":{"start":{"line":187,"column":25},"end":{"line":205,"column":9}},"44":{"start":{"line":207,"column":24},"end":{"line":207,"column":37}},"45":{"start":{"line":210,"column":8},"end":{"line":220,"column":11}},"46":{"start":{"line":222,"column":8},"end":{"line":222,"column":85}},"47":{"start":{"line":224,"column":8},"end":{"line":230,"column":10}},"48":{"start":{"line":233,"column":8},"end":{"line":233,"column":90}},"49":{"start":{"line":234,"column":8},"end":{"line":234,"column":20}},"50":{"start":{"line":240,"column":22},"end":{"line":240,"column":54}},"51":{"start":{"line":241,"column":20},"end":{"line":241,"column":28}},"52":{"start":{"line":244,"column":17},"end":{"line":244,"column":82}},"53":{"start":{"line":245,"column":4},"end":{"line":245,"column":70}},"54":{"start":{"line":246,"column":32},"end":{"line":246,"column":50}},"55":{"start":{"line":248,"column":4},"end":{"line":251,"column":5}},"56":{"start":{"line":249,"column":8},"end":{"line":249,"column":57}},"57":{"start":{"line":250,"column":8},"end":{"line":250,"column":68}},"58":{"start":{"line":254,"column":4},"end":{"line":267,"column":5}},"59":{"start":{"line":255,"column":24},"end":{"line":255,"column":85}},"60":{"start":{"line":257,"column":8},"end":{"line":264,"column":9}},"61":{"start":{"line":258,"column":12},"end":{"line":263,"column":14}},"62":{"start":{"line":265,"column":11},"end":{"line":267,"column":5}},"63":{"start":{"line":266,"column":8},"end":{"line":266,"column":48}},"64":{"start":{"line":269,"column":4},"end":{"line":269,"column":33}},"65":{"start":{"line":276,"column":4},"end":{"line":308,"column":5}},"66":{"start":{"line":278,"column":24},"end":{"line":278,"column":101}},"67":{"start":{"line":280,"column":8},"end":{"line":283,"column":9}},"68":{"start":{"line":281,"column":12},"end":{"line":281,"column":72}},"69":{"start":{"line":282,"column":12},"end":{"line":282,"column":19}},"70":{"start":{"line":286,"column":8},"end":{"line":286,"column":118}},"71":{"start":{"line":289,"column":8},"end":{"line":289,"column":80}},"72":{"start":{"line":292,"column":8},"end":{"line":297,"column":11}},"73":{"start":{"line":299,"column":8},"end":{"line":299,"column":91}},"74":{"start":{"line":302,"column":8},"end":{"line":306,"column":11}},"75":{"start":{"line":307,"column":8},"end":{"line":307,"column":20}},"76":{"start":{"line":313,"column":4},"end":{"line":316,"column":6}},"77":{"start":{"line":318,"column":4},"end":{"line":318,"column":56}},"78":{"start":{"line":323,"column":4},"end":{"line":326,"column":16}},"79":{"start":{"line":332,"column":18},"end":{"line":332,"column":60}},"80":{"start":{"line":333,"column":33},"end":{"line":339,"column":6}},"81":{"start":{"line":341,"column":18},"end":{"line":341,"column":59}},"82":{"start":{"line":343,"column":19},"end":{"line":346,"column":5}},"83":{"start":{"line":348,"column":4},"end":{"line":350,"column":5}},"84":{"start":{"line":349,"column":8},"end":{"line":349,"column":61}},"85":{"start":{"line":352,"column":4},"end":{"line":354,"column":5}},"86":{"start":{"line":353,"column":8},"end":{"line":353,"column":59}},"87":{"start":{"line":356,"column":4},"end":{"line":356,"column":16}},"88":{"start":{"line":363,"column":16},"end":{"line":363,"column":26}},"89":{"start":{"line":364,"column":18},"end":{"line":371,"column":13}},"90":{"start":{"line":373,"column":4},"end":{"line":375,"column":5}},"91":{"start":{"line":374,"column":8},"end":{"line":374,"column":53}},"92":{"start":{"line":378,"column":17},"end":{"line":378,"column":81}},"93":{"start":{"line":380,"column":4},"end":{"line":382,"column":5}},"94":{"start":{"line":381,"column":8},"end":{"line":381,"column":61}},"95":{"start":{"line":384,"column":4},"end":{"line":401,"column":5}},"96":{"start":{"line":385,"column":8},"end":{"line":385,"column":86}},"97":{"start":{"line":386,"column":8},"end":{"line":386,"column":72}},"98":{"start":{"line":387,"column":8},"end":{"line":389,"column":9}},"99":{"start":{"line":388,"column":12},"end":{"line":388,"column":87}},"100":{"start":{"line":391,"column":8},"end":{"line":391,"column":86}},"101":{"start":{"line":393,"column":8},"end":{"line":397,"column":10}},"102":{"start":{"line":400,"column":8},"end":{"line":400,"column":20}},"103":{"start":{"line":405,"column":22},"end":{"line":461,"column":1}},"104":{"start":{"line":463,"column":0},"end":{"line":476,"column":2}}},"fnMap":{"0":{"name":"createStripePayment","decl":{"start":{"line":74,"column":15},"end":{"line":74,"column":34}},"loc":{"start":{"line":74,"column":69},"end":{"line":133,"column":1}},"line":74},"1":{"name":"handleStripeWebhook","decl":{"start":{"line":136,"column":15},"end":{"line":136,"column":34}},"loc":{"start":{"line":136,"column":45},"end":{"line":169,"column":1}},"line":136},"2":{"name":"createCryptoPayment","decl":{"start":{"line":175,"column":15},"end":{"line":175,"column":34}},"loc":{"start":{"line":175,"column":80},"end":{"line":236,"column":1}},"line":175},"3":{"name":"handleCryptoWebhook","decl":{"start":{"line":239,"column":15},"end":{"line":239,"column":34}},"loc":{"start":{"line":239,"column":45},"end":{"line":270,"column":1}},"line":239},"4":{"name":"completePayment","decl":{"start":{"line":275,"column":15},"end":{"line":275,"column":30}},"loc":{"start":{"line":275,"column":72},"end":{"line":309,"column":1}},"line":275},"5":{"name":"cancelPayment","decl":{"start":{"line":312,"column":15},"end":{"line":312,"column":28}},"loc":{"start":{"line":312,"column":44},"end":{"line":319,"column":1}},"line":312},"6":{"name":"getUserPaymentHistory","decl":{"start":{"line":322,"column":15},"end":{"line":322,"column":36}},"loc":{"start":{"line":322,"column":45},"end":{"line":327,"column":1}},"line":322},"7":{"name":"checkPaymentLimits","decl":{"start":{"line":330,"column":15},"end":{"line":330,"column":33}},"loc":{"start":{"line":330,"column":42},"end":{"line":357,"column":1}},"line":330},"8":{"name":"applyPromoCode","decl":{"start":{"line":362,"column":15},"end":{"line":362,"column":29}},"loc":{"start":{"line":362,"column":44},"end":{"line":402,"column":1}},"line":362}},"branchMap":{"0":{"loc":{"start":{"line":70,"column":0},"end":{"line":72,"column":1}},"type":"if","locations":[{"start":{"line":70,"column":0},"end":{"line":72,"column":1}},{"start":{},"end":{}}],"line":70},"1":{"loc":{"start":{"line":75,"column":4},"end":{"line":77,"column":5}},"type":"if","locations":[{"start":{"line":75,"column":4},"end":{"line":77,"column":5}},{"start":{},"end":{}}],"line":75},"2":{"loc":{"start":{"line":80,"column":4},"end":{"line":82,"column":5}},"type":"if","locations":[{"start":{"line":80,"column":4},"end":{"line":82,"column":5}},{"start":{},"end":{}}],"line":80},"3":{"loc":{"start":{"line":152,"column":4},"end":{"line":166,"column":5}},"type":"switch","locations":[{"start":{"line":153,"column":8},"end":{"line":161,"column":18}},{"start":{"line":163,"column":8},"end":{"line":165,"column":18}}],"line":152},"4":{"loc":{"start":{"line":175,"column":54},"end":{"line":175,"column":78}},"type":"default-arg","locations":[{"start":{"line":175,"column":72},"end":{"line":175,"column":78}}],"line":175},"5":{"loc":{"start":{"line":176,"column":4},"end":{"line":178,"column":5}},"type":"if","locations":[{"start":{"line":176,"column":4},"end":{"line":178,"column":5}},{"start":{},"end":{}}],"line":176},"6":{"loc":{"start":{"line":181,"column":4},"end":{"line":183,"column":5}},"type":"if","locations":[{"start":{"line":181,"column":4},"end":{"line":183,"column":5}},{"start":{},"end":{}}],"line":181},"7":{"loc":{"start":{"line":248,"column":4},"end":{"line":251,"column":5}},"type":"if","locations":[{"start":{"line":248,"column":4},"end":{"line":251,"column":5}},{"start":{},"end":{}}],"line":248},"8":{"loc":{"start":{"line":254,"column":4},"end":{"line":267,"column":5}},"type":"if","locations":[{"start":{"line":254,"column":4},"end":{"line":267,"column":5}},{"start":{"line":265,"column":11},"end":{"line":267,"column":5}}],"line":254},"9":{"loc":{"start":{"line":257,"column":8},"end":{"line":264,"column":9}},"type":"if","locations":[{"start":{"line":257,"column":8},"end":{"line":264,"column":9}},{"start":{},"end":{}}],"line":257},"10":{"loc":{"start":{"line":265,"column":11},"end":{"line":267,"column":5}},"type":"if","locations":[{"start":{"line":265,"column":11},"end":{"line":267,"column":5}},{"start":{},"end":{}}],"line":265},"11":{"loc":{"start":{"line":265,"column":15},"end":{"line":265,"column":90}},"type":"binary-expr","locations":[{"start":{"line":265,"column":15},"end":{"line":265,"column":50}},{"start":{"line":265,"column":54},"end":{"line":265,"column":90}}],"line":265},"12":{"loc":{"start":{"line":280,"column":8},"end":{"line":283,"column":9}},"type":"if","locations":[{"start":{"line":280,"column":8},"end":{"line":283,"column":9}},{"start":{},"end":{}}],"line":280},"13":{"loc":{"start":{"line":341,"column":18},"end":{"line":341,"column":59}},"type":"cond-expr","locations":[{"start":{"line":341,"column":35},"end":{"line":341,"column":55}},{"start":{"line":341,"column":58},"end":{"line":341,"column":59}}],"line":341},"14":{"loc":{"start":{"line":348,"column":4},"end":{"line":350,"column":5}},"type":"if","locations":[{"start":{"line":348,"column":4},"end":{"line":350,"column":5}},{"start":{},"end":{}}],"line":348},"15":{"loc":{"start":{"line":352,"column":4},"end":{"line":354,"column":5}},"type":"if","locations":[{"start":{"line":352,"column":4},"end":{"line":354,"column":5}},{"start":{},"end":{}}],"line":352},"16":{"loc":{"start":{"line":373,"column":4},"end":{"line":375,"column":5}},"type":"if","locations":[{"start":{"line":373,"column":4},"end":{"line":375,"column":5}},{"start":{},"end":{}}],"line":373},"17":{"loc":{"start":{"line":380,"column":4},"end":{"line":382,"column":5}},"type":"if","locations":[{"start":{"line":380,"column":4},"end":{"line":382,"column":5}},{"start":{},"end":{}}],"line":380},"18":{"loc":{"start":{"line":387,"column":8},"end":{"line":389,"column":9}},"type":"if","locations":[{"start":{"line":387,"column":8},"end":{"line":389,"column":9}},{"start":{},"end":{}}],"line":387},"19":{"loc":{"start":{"line":396,"column":21},"end":{"line":396,"column":70}},"type":"binary-expr","locations":[{"start":{"line":396,"column":21},"end":{"line":396,"column":38}},{"start":{"line":396,"column":42},"end":{"line":396,"column":70}}],"line":396}},"s":{"0":0,"1":0,"2":0,"3":0,"4":0,"5":0,"6":0,"7":0,"8":0,"9":0,"10":0,"11":0,"12":0,"13":0,"14":0,"15":0,"16":0,"17":0,"18":0,"19":0,"20":0,"21":0,"22":0,"23":0,"24":0,"25":0,"26":0,"27":0,"28":0,"29":0,"30":0,"31":0,"32":0,"33":0,"34":0,"35":0,"36":0,"37":0,"38":0,"39":0,"40":0,"41":0,"42":0,"43":0,"44":0,"45":0,"46":0,"47":0,"48":0,"49":0,"50":0,"51":0,"52":0,"53":0,"54":0,"55":0,"56":0,"57":0,"58":0,"59":0,"60":0,"61":0,"62":0,"63":0,"64":0,"65":0,"66":0,"67":0,"68":0,"69":0,"70":0,"71":0,"72":0,"73":0,"74":0,"75":0,"76":0,"77":0,"78":0,"79":0,"80":0,"81":0,"82":0,"83":0,"84":0,"85":0,"86":0,"87":0,"88":0,"89":0,"90":0,"91":0,"92":0,"93":0,"94":0,"95":0,"96":0,"97":0,"98":0,"99":0,"100":0,"101":0,"102":0,"103":0,"104":0},"f":{"0":0,"1":0,"2":0,"3":0,"4":0,"5":0,"6":0,"7":0,"8":0},"b":{"0":[0,0],"1":[0,0],"2":[0,0],"3":[0,0],"4":[0],"5":[0,0],"6":[0,0],"7":[0,0],"8":[0,0],"9":[0,0],"10":[0,0],"11":[0,0],"12":[0,0],"13":[0,0],"14":[0,0],"15":[0,0],"16":[0,0],"17":[0,0],"18":[0,0],"19":[0,0]}}
,"E:\\cryptotribes\\server\\securityMiddlewares.js": {"path":"E:\\cryptotribes\\server\\securityMiddlewares.js","statementMap":{"0":{"start":{"line":6,"column":4},"end":{"line":6,"column":11}},"1":{"start":{"line":12,"column":4},"end":{"line":12,"column":11}},"2":{"start":{"line":16,"column":4},"end":{"line":16,"column":11}},"3":{"start":{"line":19,"column":4},"end":{"line":19,"column":11}},"4":{"start":{"line":22,"column":4},"end":{"line":22,"column":11}},"5":{"start":{"line":25,"column":4},"end":{"line":25,"column":11}},"6":{"start":{"line":29,"column":19},"end":{"line":32,"column":1}},"7":{"start":{"line":30,"column":21},"end":{"line":30,"column":74}},"8":{"start":{"line":31,"column":21},"end":{"line":31,"column":76}},"9":{"start":{"line":34,"column":0},"end":{"line":44,"column":2}}},"fnMap":{"0":{"name":"securityMiddleware","decl":{"start":{"line":4,"column":9},"end":{"line":4,"column":27}},"loc":{"start":{"line":4,"column":44},"end":{"line":7,"column":1}},"line":4},"1":{"name":"generalLimiter","decl":{"start":{"line":10,"column":9},"end":{"line":10,"column":23}},"loc":{"start":{"line":10,"column":40},"end":{"line":13,"column":1}},"line":10},"2":{"name":"authLimiter","decl":{"start":{"line":15,"column":9},"end":{"line":15,"column":20}},"loc":{"start":{"line":15,"column":37},"end":{"line":17,"column":1}},"line":15},"3":{"name":"gameLimiter","decl":{"start":{"line":18,"column":9},"end":{"line":18,"column":20}},"loc":{"start":{"line":18,"column":37},"end":{"line":20,"column":1}},"line":18},"4":{"name":"createLimiter","decl":{"start":{"line":21,"column":9},"end":{"line":21,"column":22}},"loc":{"start":{"line":21,"column":39},"end":{"line":23,"column":1}},"line":21},"5":{"name":"bruteForceProtection","decl":{"start":{"line":24,"column":9},"end":{"line":24,"column":29}},"loc":{"start":{"line":24,"column":46},"end":{"line":26,"column":1}},"line":24},"6":{"name":"incrementLoginAttempts","decl":{"start":{"line":27,"column":9},"end":{"line":27,"column":31}},"loc":{"start":{"line":27,"column":34},"end":{"line":27,"column":36}},"line":27},"7":{"name":"resetLoginAttempts","decl":{"start":{"line":28,"column":9},"end":{"line":28,"column":27}},"loc":{"start":{"line":28,"column":30},"end":{"line":28,"column":32}},"line":28},"8":{"name":"(anonymous_8)","decl":{"start":{"line":30,"column":14},"end":{"line":30,"column":15}},"loc":{"start":{"line":30,"column":21},"end":{"line":30,"column":74}},"line":30},"9":{"name":"(anonymous_9)","decl":{"start":{"line":31,"column":14},"end":{"line":31,"column":15}},"loc":{"start":{"line":31,"column":21},"end":{"line":31,"column":76}},"line":31}},"branchMap":{"0":{"loc":{"start":{"line":30,"column":21},"end":{"line":30,"column":74}},"type":"cond-expr","locations":[{"start":{"line":30,"column":42},"end":{"line":30,"column":46}},{"start":{"line":30,"column":49},"end":{"line":30,"column":74}}],"line":30},"1":{"loc":{"start":{"line":30,"column":21},"end":{"line":30,"column":39}},"type":"binary-expr","locations":[{"start":{"line":30,"column":21},"end":{"line":30,"column":22}},{"start":{"line":30,"column":26},"end":{"line":30,"column":39}}],"line":30},"2":{"loc":{"start":{"line":31,"column":21},"end":{"line":31,"column":76}},"type":"cond-expr","locations":[{"start":{"line":31,"column":42},"end":{"line":31,"column":46}},{"start":{"line":31,"column":49},"end":{"line":31,"column":76}}],"line":31},"3":{"loc":{"start":{"line":31,"column":21},"end":{"line":31,"column":39}},"type":"binary-expr","locations":[{"start":{"line":31,"column":21},"end":{"line":31,"column":22}},{"start":{"line":31,"column":26},"end":{"line":31,"column":39}}],"line":31}},"s":{"0":0,"1":0,"2":0,"3":0,"4":0,"5":0,"6":0,"7":0,"8":0,"9":0},"f":{"0":0,"1":0,"2":0,"3":0,"4":0,"5":0,"6":0,"7":0,"8":0,"9":0},"b":{"0":[0,0],"1":[0,0],"2":[0,0],"3":[0,0]}}
,"E:\\cryptotribes\\server\\server.js": {"path":"E:\\cryptotribes\\server\\server.js","statementMap":{"0":{"start":{"line":1,"column":0},"end":{"line":1,"column":27}},"1":{"start":{"line":2,"column":16},"end":{"line":2,"column":34}},"2":{"start":{"line":3,"column":16},"end":{"line":3,"column":42}},"3":{"start":{"line":4,"column":13},"end":{"line":4,"column":28}},"4":{"start":{"line":5,"column":15},"end":{"line":5,"column":34}},"5":{"start":{"line":6,"column":17},"end":{"line":6,"column":36}},"6":{"start":{"line":7,"column":19},"end":{"line":7,"column":43}},"7":{"start":{"line":8,"column":0},"end":{"line":8,"column":17}},"8":{"start":{"line":9,"column":13},"end":{"line":9,"column":38}},"9":{"start":{"line":10,"column":18},"end":{"line":10,"column":40}},"10":{"start":{"line":11,"column":56},"end":{"line":11,"column":75}},"11":{"start":{"line":22,"column":4},"end":{"line":22,"column":36}},"12":{"start":{"line":32,"column":4},"end":{"line":32,"column":25}},"13":{"start":{"line":33,"column":19},"end":{"line":33,"column":49}},"14":{"start":{"line":35,"column":12},"end":{"line":35,"column":21}},"15":{"start":{"line":36,"column":13},"end":{"line":36,"column":37}},"16":{"start":{"line":39,"column":0},"end":{"line":39,"column":24}},"17":{"start":{"line":40,"column":0},"end":{"line":40,"column":49}},"18":{"start":{"line":41,"column":0},"end":{"line":41,"column":59}},"19":{"start":{"line":44,"column":0},"end":{"line":44,"column":28}},"20":{"start":{"line":45,"column":0},"end":{"line":45,"column":20}},"21":{"start":{"line":48,"column":0},"end":{"line":48,"column":33}},"22":{"start":{"line":49,"column":0},"end":{"line":49,"column":35}},"23":{"start":{"line":50,"column":0},"end":{"line":50,"column":38}},"24":{"start":{"line":51,"column":0},"end":{"line":51,"column":35}},"25":{"start":{"line":52,"column":0},"end":{"line":52,"column":35}},"26":{"start":{"line":53,"column":0},"end":{"line":53,"column":36}},"27":{"start":{"line":54,"column":0},"end":{"line":54,"column":44}},"28":{"start":{"line":57,"column":0},"end":{"line":68,"column":4}},"29":{"start":{"line":72,"column":4},"end":{"line":74,"column":5}},"30":{"start":{"line":73,"column":8},"end":{"line":73,"column":72}},"31":{"start":{"line":75,"column":4},"end":{"line":75,"column":67}},"32":{"start":{"line":76,"column":4},"end":{"line":76,"column":11}},"33":{"start":{"line":82,"column":0},"end":{"line":120,"column":3}},"34":{"start":{"line":83,"column":35},"end":{"line":83,"column":43}},"35":{"start":{"line":86,"column":26},"end":{"line":86,"column":55}},"36":{"start":{"line":87,"column":26},"end":{"line":87,"column":55}},"37":{"start":{"line":89,"column":4},"end":{"line":91,"column":5}},"38":{"start":{"line":90,"column":8},"end":{"line":90,"column":62}},"39":{"start":{"line":93,"column":4},"end":{"line":95,"column":5}},"40":{"start":{"line":94,"column":8},"end":{"line":94,"column":62}},"41":{"start":{"line":97,"column":4},"end":{"line":119,"column":5}},"42":{"start":{"line":98,"column":29},"end":{"line":98,"column":68}},"43":{"start":{"line":99,"column":8},"end":{"line":101,"column":9}},"44":{"start":{"line":100,"column":12},"end":{"line":100,"column":82}},"45":{"start":{"line":103,"column":31},"end":{"line":103,"column":62}},"46":{"start":{"line":105,"column":21},"end":{"line":105,"column":78}},"47":{"start":{"line":107,"column":8},"end":{"line":107,"column":73}},"48":{"start":{"line":109,"column":8},"end":{"line":109,"column":49}},"49":{"start":{"line":110,"column":8},"end":{"line":110,"column":40}},"50":{"start":{"line":111,"column":8},"end":{"line":111,"column":82}},"51":{"start":{"line":113,"column":8},"end":{"line":113,"column":65}},"52":{"start":{"line":115,"column":8},"end":{"line":115,"column":109}},"53":{"start":{"line":117,"column":8},"end":{"line":117,"column":51}},"54":{"start":{"line":118,"column":8},"end":{"line":118,"column":58}},"55":{"start":{"line":123,"column":0},"end":{"line":156,"column":3}},"56":{"start":{"line":124,"column":35},"end":{"line":124,"column":43}},"57":{"start":{"line":126,"column":4},"end":{"line":155,"column":5}},"58":{"start":{"line":127,"column":21},"end":{"line":127,"column":60}},"59":{"start":{"line":129,"column":8},"end":{"line":132,"column":9}},"60":{"start":{"line":130,"column":12},"end":{"line":130,"column":78}},"61":{"start":{"line":131,"column":12},"end":{"line":131,"column":80}},"62":{"start":{"line":134,"column":30},"end":{"line":134,"column":75}},"63":{"start":{"line":135,"column":8},"end":{"line":138,"column":9}},"64":{"start":{"line":136,"column":12},"end":{"line":136,"column":78}},"65":{"start":{"line":137,"column":12},"end":{"line":137,"column":80}},"66":{"start":{"line":140,"column":8},"end":{"line":140,"column":46}},"67":{"start":{"line":142,"column":8},"end":{"line":142,"column":49}},"68":{"start":{"line":143,"column":8},"end":{"line":143,"column":45}},"69":{"start":{"line":144,"column":8},"end":{"line":144,"column":82}},"70":{"start":{"line":146,"column":8},"end":{"line":146,"column":37}},"71":{"start":{"line":147,"column":8},"end":{"line":147,"column":26}},"72":{"start":{"line":149,"column":8},"end":{"line":149,"column":65}},"73":{"start":{"line":151,"column":8},"end":{"line":151,"column":124}},"74":{"start":{"line":153,"column":8},"end":{"line":153,"column":45}},"75":{"start":{"line":154,"column":8},"end":{"line":154,"column":58}},"76":{"start":{"line":159,"column":0},"end":{"line":162,"column":3}},"77":{"start":{"line":160,"column":4},"end":{"line":160,"column":26}},"78":{"start":{"line":161,"column":4},"end":{"line":161,"column":32}},"79":{"start":{"line":165,"column":0},"end":{"line":179,"column":3}},"80":{"start":{"line":166,"column":4},"end":{"line":178,"column":5}},"81":{"start":{"line":167,"column":21},"end":{"line":167,"column":65}},"82":{"start":{"line":168,"column":8},"end":{"line":174,"column":11}},"83":{"start":{"line":176,"column":8},"end":{"line":176,"column":62}},"84":{"start":{"line":177,"column":8},"end":{"line":177,"column":58}},"85":{"start":{"line":184,"column":0},"end":{"line":199,"column":3}},"86":{"start":{"line":185,"column":4},"end":{"line":198,"column":5}},"87":{"start":{"line":186,"column":24},"end":{"line":186,"column":68}},"88":{"start":{"line":187,"column":8},"end":{"line":194,"column":9}},"89":{"start":{"line":188,"column":30},"end":{"line":188,"column":92}},"90":{"start":{"line":189,"column":31},"end":{"line":189,"column":86}},"91":{"start":{"line":190,"column":12},"end":{"line":190,"column":33}},"92":{"start":{"line":192,"column":28},"end":{"line":192,"column":75}},"93":{"start":{"line":193,"column":12},"end":{"line":193,"column":30}},"94":{"start":{"line":196,"column":8},"end":{"line":196,"column":57}},"95":{"start":{"line":197,"column":8},"end":{"line":197,"column":58}},"96":{"start":{"line":202,"column":0},"end":{"line":219,"column":3}},"97":{"start":{"line":203,"column":4},"end":{"line":218,"column":5}},"98":{"start":{"line":204,"column":24},"end":{"line":204,"column":68}},"99":{"start":{"line":205,"column":8},"end":{"line":207,"column":9}},"100":{"start":{"line":206,"column":12},"end":{"line":206,"column":73}},"101":{"start":{"line":209,"column":24},"end":{"line":209,"column":71}},"102":{"start":{"line":210,"column":8},"end":{"line":214,"column":11}},"103":{"start":{"line":216,"column":8},"end":{"line":216,"column":59}},"104":{"start":{"line":217,"column":8},"end":{"line":217,"column":58}},"105":{"start":{"line":222,"column":0},"end":{"line":239,"column":3}},"106":{"start":{"line":223,"column":4},"end":{"line":238,"column":5}},"107":{"start":{"line":224,"column":26},"end":{"line":224,"column":39}},"108":{"start":{"line":225,"column":24},"end":{"line":225,"column":79}},"109":{"start":{"line":227,"column":8},"end":{"line":229,"column":9}},"110":{"start":{"line":228,"column":12},"end":{"line":228,"column":73}},"111":{"start":{"line":232,"column":31},"end":{"line":232,"column":78}},"112":{"start":{"line":234,"column":8},"end":{"line":234,"column":75}},"113":{"start":{"line":236,"column":8},"end":{"line":236,"column":57}},"114":{"start":{"line":237,"column":8},"end":{"line":237,"column":58}},"115":{"start":{"line":242,"column":0},"end":{"line":254,"column":3}},"116":{"start":{"line":243,"column":4},"end":{"line":253,"column":5}},"117":{"start":{"line":244,"column":30},"end":{"line":244,"column":40}},"118":{"start":{"line":245,"column":26},"end":{"line":245,"column":65}},"119":{"start":{"line":246,"column":8},"end":{"line":246,"column":40}},"120":{"start":{"line":248,"column":8},"end":{"line":248,"column":56}},"121":{"start":{"line":249,"column":8},"end":{"line":251,"column":9}},"122":{"start":{"line":250,"column":12},"end":{"line":250,"column":66}},"123":{"start":{"line":252,"column":8},"end":{"line":252,"column":58}},"124":{"start":{"line":257,"column":0},"end":{"line":267,"column":3}},"125":{"start":{"line":258,"column":40},"end":{"line":258,"column":48}},"126":{"start":{"line":260,"column":4},"end":{"line":266,"column":5}},"127":{"start":{"line":261,"column":24},"end":{"line":261,"column":98}},"128":{"start":{"line":262,"column":8},"end":{"line":262,"column":25}},"129":{"start":{"line":264,"column":8},"end":{"line":264,"column":53}},"130":{"start":{"line":265,"column":8},"end":{"line":265,"column":55}},"131":{"start":{"line":270,"column":0},"end":{"line":279,"column":3}},"132":{"start":{"line":271,"column":4},"end":{"line":278,"column":5}},"133":{"start":{"line":272,"column":30},"end":{"line":272,"column":40}},"134":{"start":{"line":273,"column":23},"end":{"line":273,"column":59}},"135":{"start":{"line":274,"column":8},"end":{"line":274,"column":37}},"136":{"start":{"line":276,"column":8},"end":{"line":276,"column":55}},"137":{"start":{"line":277,"column":8},"end":{"line":277,"column":58}},"138":{"start":{"line":282,"column":0},"end":{"line":292,"column":3}},"139":{"start":{"line":283,"column":45},"end":{"line":283,"column":53}},"140":{"start":{"line":285,"column":4},"end":{"line":291,"column":5}},"141":{"start":{"line":286,"column":23},"end":{"line":286,"column":98}},"142":{"start":{"line":287,"column":8},"end":{"line":287,"column":25}},"143":{"start":{"line":289,"column":8},"end":{"line":289,"column":54}},"144":{"start":{"line":290,"column":8},"end":{"line":290,"column":55}},"145":{"start":{"line":295,"column":0},"end":{"line":303,"column":3}},"146":{"start":{"line":296,"column":4},"end":{"line":302,"column":5}},"147":{"start":{"line":297,"column":20},"end":{"line":297,"column":49}},"148":{"start":{"line":298,"column":8},"end":{"line":298,"column":34}},"149":{"start":{"line":300,"column":8},"end":{"line":300,"column":55}},"150":{"start":{"line":301,"column":8},"end":{"line":301,"column":58}},"151":{"start":{"line":306,"column":0},"end":{"line":316,"column":3}},"152":{"start":{"line":307,"column":51},"end":{"line":307,"column":59}},"153":{"start":{"line":309,"column":4},"end":{"line":315,"column":5}},"154":{"start":{"line":310,"column":23},"end":{"line":310,"column":106}},"155":{"start":{"line":311,"column":8},"end":{"line":311,"column":25}},"156":{"start":{"line":313,"column":8},"end":{"line":313,"column":45}},"157":{"start":{"line":314,"column":8},"end":{"line":314,"column":55}},"158":{"start":{"line":321,"column":0},"end":{"line":331,"column":3}},"159":{"start":{"line":322,"column":26},"end":{"line":322,"column":34}},"160":{"start":{"line":324,"column":4},"end":{"line":330,"column":5}},"161":{"start":{"line":325,"column":23},"end":{"line":325,"column":79}},"162":{"start":{"line":326,"column":8},"end":{"line":326,"column":25}},"163":{"start":{"line":328,"column":8},"end":{"line":328,"column":56}},"164":{"start":{"line":329,"column":8},"end":{"line":329,"column":55}},"165":{"start":{"line":334,"column":0},"end":{"line":342,"column":3}},"166":{"start":{"line":335,"column":4},"end":{"line":341,"column":5}},"167":{"start":{"line":336,"column":23},"end":{"line":336,"column":50}},"168":{"start":{"line":337,"column":8},"end":{"line":337,"column":37}},"169":{"start":{"line":339,"column":8},"end":{"line":339,"column":56}},"170":{"start":{"line":340,"column":8},"end":{"line":340,"column":58}},"171":{"start":{"line":345,"column":0},"end":{"line":355,"column":3}},"172":{"start":{"line":346,"column":24},"end":{"line":346,"column":32}},"173":{"start":{"line":348,"column":4},"end":{"line":354,"column":5}},"174":{"start":{"line":349,"column":23},"end":{"line":349,"column":75}},"175":{"start":{"line":350,"column":8},"end":{"line":350,"column":25}},"176":{"sta
[...]
42},"end":{"line":399,"column":43}},"loc":{"start":{"line":399,"column":62},"end":{"line":406,"column":1}},"line":399},"20":{"name":"(anonymous_20)","decl":{"start":{"line":409,"column":41},"end":{"line":409,"column":42}},"loc":{"start":{"line":409,"column":61},"end":{"line":422,"column":1}},"line":409},"21":{"name":"(anonymous_21)","decl":{"start":{"line":425,"column":57},"end":{"line":425,"column":58}},"loc":{"start":{"line":425,"column":77},"end":{"line":443,"column":1}},"line":425},"22":{"name":"(anonymous_22)","decl":{"start":{"line":446,"column":48},"end":{"line":446,"column":49}},"loc":{"start":{"line":446,"column":68},"end":{"line":455,"column":1}},"line":446},"23":{"name":"(anonymous_23)","decl":{"start":{"line":458,"column":39},"end":{"line":458,"column":40}},"loc":{"start":{"line":458,"column":59},"end":{"line":468,"column":1}},"line":458},"24":{"name":"(anonymous_24)","decl":{"start":{"line":471,"column":56},"end":{"line":471,"column":57}},"loc":{"start":{"line":471,"column":76},"end":{"line":485,"column":1}},"line":471},"25":{"name":"(anonymous_25)","decl":{"start":{"line":490,"column":19},"end":{"line":490,"column":20}},"loc":{"start":{"line":490,"column":33},"end":{"line":498,"column":1}},"line":490},"26":{"name":"(anonymous_26)","decl":{"start":{"line":501,"column":8},"end":{"line":501,"column":9}},"loc":{"start":{"line":501,"column":22},"end":{"line":503,"column":1}},"line":501},"27":{"name":"(anonymous_27)","decl":{"start":{"line":506,"column":8},"end":{"line":506,"column":9}},"loc":{"start":{"line":506,"column":33},"end":{"line":519,"column":1}},"line":506},"28":{"name":"startServer","decl":{"start":{"line":524,"column":9},"end":{"line":524,"column":20}},"loc":{"start":{"line":524,"column":34},"end":{"line":582,"column":1}},"line":524},"29":{"name":"(anonymous_29)","decl":{"start":{"line":525,"column":35},"end":{"line":525,"column":36}},"loc":{"start":{"line":525,"column":47},"end":{"line":555,"column":5}},"line":525},"30":{"name":"(anonymous_30)","decl":{"start":{"line":557,"column":30},"end":{"line":557,"column":31}},"loc":{"start":{"line":557,"column":36},"end":{"line":580,"column":5}},"line":557},"31":{"name":"(anonymous_31)","decl":{"start":{"line":585,"column":22},"end":{"line":585,"column":23}},"loc":{"start":{"line":585,"column":28},"end":{"line":595,"column":1}},"line":585},"32":{"name":"(anonymous_32)","decl":{"start":{"line":588,"column":17},"end":{"line":588,"column":18}},"loc":{"start":{"line":588,"column":29},"end":{"line":594,"column":5}},"line":588}},"branchMap":{"0":{"loc":{"start":{"line":36,"column":13},"end":{"line":36,"column":37}},"type":"binary-expr","locations":[{"start":{"line":36,"column":13},"end":{"line":36,"column":29}},{"start":{"line":36,"column":33},"end":{"line":36,"column":37}}],"line":36},"1":{"loc":{"start":{"line":58,"column":41},"end":{"line":58,"column":106}},"type":"binary-expr","locations":[{"start":{"line":58,"column":41},"end":{"line":58,"column":62}},{"start":{"line":58,"column":66},"end":{"line":58,"column":106}}],"line":58},"2":{"loc":{"start":{"line":59,"column":12},"end":{"line":59,"column":88}},"type":"binary-expr","locations":[{"start":{"line":59,"column":12},"end":{"line":59,"column":38}},{"start":{"line":59,"column":42},"end":{"line":59,"column":88}}],"line":59},"3":{"loc":{"start":{"line":72,"column":4},"end":{"line":74,"column":5}},"type":"if","locations":[{"start":{"line":72,"column":4},"end":{"line":74,"column":5}},{"start":{},"end":{}}],"line":72},"4":{"loc":{"start":{"line":89,"column":4},"end":{"line":91,"column":5}},"type":"if","locations":[{"start":{"line":89,"column":4},"end":{"line":91,"column":5}},{"start":{},"end":{}}],"line":89},"5":{"loc":{"start":{"line":93,"column":4},"end":{"line":95,"column":5}},"type":"if","locations":[{"start":{"line":93,"column":4},"end":{"line":95,"column":5}},{"start":{},"end":{}}],"line":93},"6":{"loc":{"start":{"line":99,"column":8},"end":{"line":101,"column":9}},"type":"if","locations":[{"start":{"line":99,"column":8},"end":{"line":101,"column":9}},{"start":{},"end":{}}],"line":99},"7":{"loc":{"start":{"line":129,"column":8},"end":{"line":132,"column":9}},"type":"if","locations":[{"start":{"line":129,"column":8},"end":{"line":132,"column":9}},{"start":{},"end":{}}],"line":129},"8":{"loc":{"start":{"line":135,"column":8},"end":{"line":138,"column":9}},"type":"if","locations":[{"start":{"line":135,"column":8},"end":{"line":138,"column":9}},{"start":{},"end":{}}],"line":135},"9":{"loc":{"start":{"line":187,"column":8},"end":{"line":194,"column":9}},"type":"if","locations":[{"start":{"line":187,"column":8},"end":{"line":194,"column":9}},{"start":{"line":191,"column":15},"end":{"line":194,"column":9}}],"line":187},"10":{"loc":{"start":{"line":205,"column":8},"end":{"line":207,"column":9}},"type":"if","locations":[{"start":{"line":205,"column":8},"end":{"line":207,"column":9}},{"start":{},"end":{}}],"line":205},"11":{"loc":{"start":{"line":227,"column":8},"end":{"line":229,"column":9}},"type":"if","locations":[{"start":{"line":227,"column":8},"end":{"line":229,"column":9}},{"start":{},"end":{}}],"line":227},"12":{"loc":{"start":{"line":249,"column":8},"end":{"line":251,"column":9}},"type":"if","locations":[{"start":{"line":249,"column":8},"end":{"line":251,"column":9}},{"start":{},"end":{}}],"line":249},"13":{"loc":{"start":{"line":249,"column":12},"end":{"line":249,"column":64}},"type":"binary-expr","locations":[{"start":{"line":249,"column":12},"end":{"line":249,"column":25}},{"start":{"line":249,"column":29},"end":{"line":249,"column":64}}],"line":249},"14":{"loc":{"start":{"line":375,"column":8},"end":{"line":382,"column":9}},"type":"if","locations":[{"start":{"line":375,"column":8},"end":{"line":382,"column":9}},{"start":{"line":378,"column":15},"end":{"line":382,"column":9}}],"line":375},"15":{"loc":{"start":{"line":378,"column":15},"end":{"line":382,"column":9}},"type":"if","locations":[{"start":{"line":378,"column":15},"end":{"line":382,"column":9}},{"start":{"line":380,"column":15},"end":{"line":382,"column":9}}],"line":378},"16":{"loc":{"start":{"line":379,"column":76},"end":{"line":379,"column":94}},"type":"binary-expr","locations":[{"start":{"line":379,"column":76},"end":{"line":379,"column":84}},{"start":{"line":379,"column":88},"end":{"line":379,"column":94}}],"line":379},"17":{"loc":{"start":{"line":412,"column":4},"end":{"line":414,"column":5}},"type":"if","locations":[{"start":{"line":412,"column":4},"end":{"line":414,"column":5}},{"start":{},"end":{}}],"line":412},"18":{"loc":{"start":{"line":429,"column":8},"end":{"line":431,"column":9}},"type":"if","locations":[{"start":{"line":429,"column":8},"end":{"line":431,"column":9}},{"start":{},"end":{}}],"line":429},"19":{"loc":{"start":{"line":429,"column":12},"end":{"line":429,"column":46}},"type":"binary-expr","locations":[{"start":{"line":429,"column":12},"end":{"line":429,"column":17}},{"start":{"line":429,"column":21},"end":{"line":429,"column":46}}],"line":429},"20":{"loc":{"start":{"line":475,"column":8},"end":{"line":477,"column":9}},"type":"if","locations":[{"start":{"line":475,"column":8},"end":{"line":477,"column":9}},{"start":{},"end":{}}],"line":475},"21":{"loc":{"start":{"line":475,"column":12},"end":{"line":475,"column":46}},"type":"binary-expr","locations":[{"start":{"line":475,"column":12},"end":{"line":475,"column":17}},{"start":{"line":475,"column":21},"end":{"line":475,"column":46}}],"line":475},"22":{"loc":{"start":{"line":478,"column":22},"end":{"line":478,"column":50}},"type":"binary-expr","locations":[{"start":{"line":478,"column":22},"end":{"line":478,"column":44}},{"start":{"line":478,"column":48},"end":{"line":478,"column":50}}],"line":478},"23":{"loc":{"start":{"line":515,"column":15},"end":{"line":517,"column":25}},"type":"cond-expr","locations":[{"start":{"line":516,"column":14},"end":{"line":516,"column":41}},{"start":{"line":517,"column":14},"end":{"line":517,"column":25}}],"line":515},"24":{"loc":{"start":{"line":524,"column":21},"end":{"line":524,"column":32}},"type":"default-arg","locations":[{"start":{"line":524,"column":28},"end":{"line":524,"column":32}}],"line":524},"25":{"loc":{"start":{"line":565,"column":24},"end":{"line":565,"column":61}},"type":"binary-expr","locations":[{"start":{"line":565,"column":24},"end":{"line":565,"column":44}},{"start":{"line":565,"column":48},"end":{"line":565,"column":61}}],"line":565},"26":{"loc":{"start":{"line":570,"column":20},"end":{"line":570,"column":69}},"type":"cond-expr","locations":[{"start":{"line":570,"column":60},"end":{"line":570,"column":63}},{"start":{"line":570,"column":66},"end":{"line":570,"column":69}}],"line":570},"27":{"loc":{"start":{"line":571,"column":20},"end":{"line":571,"column":74}},"type":"cond-expr","locations":[{"start":{"line":571,"column":65},"end":{"line":571,"column":68}},{"start":{"line":571,"column":71},"end":{"line":571,"column":74}}],"line":571},"28":{"loc":{"start":{"line":577,"column":25},"end":{"line":577,"column":62}},"type":"binary-expr","locations":[{"start":{"line":577,"column":25},"end":{"line":577,"column":45}},{"start":{"line":577,"column":49},"end":{"line":577,"column":62}}],"line":577},"29":{"loc":{"start":{"line":586,"column":4},"end":{"line":586,"column":24}},"type":"if","locations":[{"start":{"line":586,"column":4},"end":{"line":586,"column":24}},{"start":{},"end":{}}],"line":586},"30":{"loc":{"start":{"line":592,"column":8},"end":{"line":592,"column":62}},"type":"if","locations":[{"start":{"line":592,"column":8},"end":{"line":592,"column":62}},{"start":{},"end":{}}],"line":592},"31":{"loc":{"start":{"line":600,"column":0},"end":{"line":602,"column":1}},"type":"if","locations":[{"start":{"line":600,"column":0},"end":{"line":602,"column":1}},{"start":{},"end":{}}],"line":600}},"s":{"0":0,"1":0,"2":0,"3":0,"4":0,"5":0,"6":0,"7":0,"8":0,"9":0,"10":0,"11":0,"12":0,"13":0,"14":0,"15":0,"16":0,"17":0,"18":0,"19":0,"20":0,"21":0,"22":0,"23":0,"24":0,"25":0,"26":0,"27":0,"28":0,"29":0,"30":0,"31":0,"32":0,"33":0,"34":0,"35":0,"36":0,"37":0,"38":0,"39":0,"40":0,"41":0,"42":0,"43":0,"44":0,"45":0,"46":0,"47":0,"48":0,"49":0,"50":0,"51":0,"52":0,"53":0,"54":0,"55":0,"56":0,"57":0,"58":0,"59":0,"60":0,"61":0,"62":0,"63":0,"64":0,"65":0,"66":0,"67":0,"68":0,"69":0,"70":0,"71":0,"72":0,"73":0,"74":0,"75":0,"76":0,"77":0,"78":0,"79":0,"80":0,"81":0,"82":0,"83":0,"84":0,"85":0,"86":0,"87":0,"88":0,"89":0,"90":0,"91":0,"92":0,"93":0,"94":0,"95":0,"96":0,"97":0,"98":0,"99":0,"100":0,"101":0,"102":0,"103":0,"104":0,"105":0,"106":0,"107":0,"108":0,"109":0,"110":0,"111":0,"112":0,"113":0,"114":0,"115":0,"116":0,"117":0,"118":0,"119":0,"120":0,"121":0,"122":0,"123":0,"124":0,"125":0,"126":0,"127":0,"128":0,"129":0,"130":0,"131":0,"132":0,"133":0,"134":0,"135":0,"136":0,"137":0,"138":0,"139":0,"140":0,"141":0,"142":0,"143":0,"144":0,"145":0,"146":0,"147":0,"148":0,"149":0,"150":0,"151":0,"152":0,"153":0,"154":0,"155":0,"156":0,"157":0,"158":0,"159":0,"160":0,"161":0,"162":0,"163":0,"164":0,"165":0,"166":0,"167":0,"168":0,"169":0,"170":0,"171":0,"172":0,"173":0,"174":0,"175":0,"176":0,"177":0,"178":0,"179":0,"180":0,"181":0,"182":0,"183":0,"184":0,"185":0,"186":0,"187":0,"188":0,"189":0,"190":0,"191":0,"192":0,"193":0,"194":0,"195":0,"196":0,"197":0,"198":0,"199":0,"200":0,"201":0,"202":0,"203":0,"204":0,"205":0,"206":0,"207":0,"208":0,"209":0,"210":0,"211":0,"212":0,"213":0,"214":0,"215":0,"216":0,"217":0,"218":0,"219":0,"220":0,"221":0,"222":0,"223":0,"224":0,"225":0,"226":0,"227":0,"228":0,"229":0,"230":0,"231":0,"232":0,"233":0,"234":0,"235":0,"236":0,"237":0,"238":0,"239":0,"240":0,"241":0,"242":0,"243":0,"244":0,"245":0,"246":0,"247":0,"248":0,"249":0,"250":0,"251":0,"252":0,"253":0,"254":0,"255":0,"256":0,"257":0,"258":0,"259":0,"260":0,"261":0,"262":0,"263":0,"264":0,"265":0,"266":0,"267":0,"268":0,"269":0,"270":0,"271":0,"272":0,"273":0,"274":0,"275":0,"276":0,"277":0,"278":0,"279":0,"280":0},"f":{"0":0,"1":0,"2":0,"3":0,"4":0,"5":0,"6":0,"7":0,"8":0,"9":0,"10":0,"11":0,"12":0,"13":0,"14":0,"15":0,"16":0,"17":0,"18":0,"19":0,"20":0,"21":0,"22":0,"23":0,"24":0,"25":0,"26":0,"27":0,"28":0,"29":0,"30":0,"31":0,"32":0},"b":{"0":[0,0],"1":[0,0],"2":[0,0],"3":[0,0],"4":[0,0],"5":[0,0],"6":[0,0],"7":[0,0],"8":[0,0],"9":[0,0],"10":[0,0],"11":[0,0],"12":[0,0],"13":[0,0],"14":[0,0],"15":[0,0],"16":[0,0],"17":[0,0],"18":[0,0],"19":[0,0],"20":[0,0],"21":[0,0],"22":[0,0],"23":[0,0],"24":[0],"25":[0,0],"26":[0,0],"27":[0,0],"28":[0,0],"29":[0,0],"30":[0,0],"31":[0,0]}}
,"E:\\cryptotribes\\server\\controllers\\userController.js": {"path":"E:\\cryptotribes\\server\\controllers\\userController.js","statementMap":{"0":{"start":{"line":1,"column":20},"end":{"line":1,"column":54}},"1":{"start":{"line":3,"column":0},"end":{"line":10,"column":2}},"2":{"start":{"line":4,"column":2},"end":{"line":9,"column":3}},"3":{"start":{"line":5,"column":19},"end":{"line":5,"column":68}},"4":{"start":{"line":6,"column":4},"end":{"line":6,"column":21}},"5":{"start":{"line":8,"column":4},"end":{"line":8,"column":14}},"6":{"start":{"line":12,"column":0},"end":{"line":19,"column":2}},"7":{"start":{"line":13,"column":2},"end":{"line":18,"column":3}},"8":{"start":{"line":14,"column":19},"end":{"line":14,"column":65}},"9":{"start":{"line":15,"column":4},"end":{"line":15,"column":21}},"10":{"start":{"line":17,"column":4},"end":{"line":17,"column":14}}},"fnMap":{"0":{"name":"(anonymous_0)","decl":{"start":{"line":3,"column":19},"end":{"line":3,"column":20}},"loc":{"start":{"line":3,"column":45},"end":{"line":10,"column":1}},"line":3},"1":{"name":"(anonymous_1)","decl":{"start":{"line":12,"column":16},"end":{"line":12,"column":17}},"loc":{"start":{"line":12,"column":42},"end":{"line":19,"column":1}},"line":12}},"branchMap":{},"s":{"0":1,"1":1,"2":6,"3":6,"4":0,"5":6,"6":1,"7":1,"8":1,"9":1,"10":0},"f":{"0":6,"1":1},"b":{},"_coverageSchema":"1a1c01bbd47fc00a2c39e90264f33305004495a9","hash":"9b33fda6e90eb0c87f549b7d6eb579e79088017f"}
,"E:\\cryptotribes\\server\\middlewares\\validators.js": {"path":"E:\\cryptotribes\\server\\middlewares\\validators.js","statementMap":{"0":{"start":{"line":1,"column":35},"end":{"line":1,"column":63}},"1":{"start":{"line":3,"column":0},"end":{"line":11,"column":2}},"2":{"start":{"line":7,"column":19},"end":{"line":7,"column":40}},"3":{"start":{"line":8,"column":4},"end":{"line":8,"column":83}},"4":{"start":{"line":8,"column":27},"end":{"line":8,"column":83}},"5":{"start":{"line":9,"column":4},"end":{"line":9,"column":11}},"6":{"start":{"line":13,"column":0},"end":{"line":21,"column":2}},"7":{"start":{"line":17,"column":19},"end":{"line":17,"column":40}},"8":{"start":{"line":18,"column":4},"end":{"line":18,"column":83}},"9":{"start":{"line":18,"column":27},"end":{"line":18,"column":83}},"10":{"start":{"line":19,"column":4},"end":{"line":19,"column":11}}},"fnMap":{"0":{"name":"(anonymous_0)","decl":{"start":{"line":6,"column":2},"end":{"line":6,"column":3}},"loc":{"start":{"line":6,"column":22},"end":{"line":10,"column":3}},"line":6},"1":{"name":"(anonymous_1)","decl":{"start":{"line":16,"column":2},"end":{"line":16,"column":3}},"loc":{"start":{"line":16,"column":22},"end":{"line":20,"column":3}},"line":16}},"branchMap":{"0":{"loc":{"start":{"line":8,"column":4},"end":{"line":8,"column":83}},"type":"if","locations":[{"start":{"line":8,"column":4},"end":{"line":8,"column":83}},{"start":{},"end":{}}],"line":8},"1":{"loc":{"start":{"line":18,"column":4},"end":{"line":18,"column":83}},"type":"if","locations":[{"start":{"line":18,"column":4},"end":{"line":18,"column":83}},{"start":{},"end":{}}],"line":18}},"s":{"0":1,"1":1,"2":6,"3":6,"4":0,"5":6,"6":1,"7":3,"8":3,"9":2,"10":1},"f":{"0":6,"1":3},"b":{"0":[0,6],"1":[2,1]},"_coverageSchema":"1a1c01bbd47fc00a2c39e90264f33305004495a9","hash":"080acef5682f2bac0fddde427bca16258b394de4"}
,"E:\\cryptotribes\\server\\routes\\userRoutes.js": {"path":"E:\\cryptotribes\\server\\routes\\userRoutes.js","statementMap":{"0":{"start":{"line":1,"column":16},"end":{"line":1,"column":34}},"1":{"start":{"line":2,"column":15},"end":{"line":2,"column":31}},"2":{"start":{"line":3,"column":23},"end":{"line":3,"column":63}},"3":{"start":{"line":4,"column":44},"end":{"line":4,"column":80}},"4":{"start":{"line":6,"column":0},"end":{"line":6,"column":68}},"5":{"start":{"line":7,"column":0},"end":{"line":7,"column":59}},"6":{"start":{"line":9,"column":0},"end":{"line":9,"column":24}}},"fnMap":{},"branchMap":{},"s":{"0":1,"1":1,"2":1,"3":1,"4":1,"5":1,"6":1},"f":{},"b":{},"_coverageSchema":"1a1c01bbd47fc00a2c39e90264f33305004495a9","hash":"d9328853f64a27aece753a05e3ad70236a628ee3"}
,"E:\\cryptotribes\\server\\services\\userService.js": {"path":"E:\\cryptotribes\\server\\services\\userService.js","statementMap":{"0":{"start":{"line":1,"column":13},"end":{"line":1,"column":41}},"1":{"start":{"line":2,"column":16},"end":{"line":2,"column":47}},"2":{"start":{"line":3,"column":15},"end":{"line":3,"column":34}},"3":{"start":{"line":5,"column":0},"end":{"line":26,"column":2}},"4":{"start":{"line":6,"column":33},"end":{"line":6,"column":37}},"5":{"start":{"line":8,"column":23},"end":{"line":8,"column":55}},"6":{"start":{"line":9,"column":2},"end":{"line":9,"column":59}},"7":{"start":{"line":9,"column":20},"end":{"line":9,"column":59}},"8":{"start":{"line":12,"column":25},"end":{"line":12,"column":56}},"9":{"start":{"line":15,"column":15},"end":{"line":15,"column":72}},"10":{"start":{"line":18,"column":18},"end":{"line":18,"column":92}},"11":{"start":{"line":21,"column":2},"end":{"line":21,"column":39}},"12":{"start":{"line":22,"column":2},"end":{"line":22,"column":30}},"13":{"start":{"line":23,"column":2},"end":{"line":23,"column":72}},"14":{"start":{"line":25,"column":2},"end":{"line":25,"column":96}},"15":{"start":{"line":28,"column":0},"end":{"line":40,"column":2}},"16":{"start":{"line":29,"column":33},"end":{"line":29,"column":37}},"17":{"start":{"line":30,"column":15},"end":{"line":30,"column":47}},"18":{"start":{"line":31,"column":2},"end":{"line":31,"column":61}},"19":{"start":{"line":31,"column":13},"end":{"line":31,"column":61}},"20":{"start":{"line":32,"column":24},"end":{"line":32,"column":69}},"21":{"start":{"line":33,"column":2},"end":{"line":33,"column":70}},"22":{"start":{"line":33,"column":22},"end":{"line":33,"column":70}},"23":{"start":{"line":34,"column":2},"end":{"line":34,"column":39}},"24":{"start":{"line":35,"column":2},"end":{"line":35,"column":35}},"25":{"start":{"line":36,"column":2},"end":{"line":36,"column":72}},"26":{"start":{"line":37,"column":2},"end":{"line":37,"column":31}},"27":{"start":{"line":38,"column":2},"end":{"line":38,"column":20}},"28":{"start":{"line":39,"column":2},"end":{"line":39,"column":111}}},"fnMap":{"0":{"name":"(anonymous_0)","decl":{"start":{"line":5,"column":19},"end":{"line":5,"column":20}},"loc":{"start":{"line":5,"column":44},"end":{"line":26,"column":1}},"line":5},"1":{"name":"(anonymous_1)","decl":{"start":{"line":28,"column":16},"end":{"line":28,"column":17}},"loc":{"start":{"line":28,"column":41},"end":{"line":40,"column":1}},"line":28}},"branchMap":{"0":{"loc":{"start":{"line":9,"column":2},"end":{"line":9,"column":59}},"type":"if","locations":[{"start":{"line":9,"column":2},"end":{"line":9,"column":59}},{"start":{},"end":{}}],"line":9},"1":{"loc":{"start":{"line":31,"column":2},"end":{"line":31,"column":61}},"type":"if","locations":[{"start":{"line":31,"column":2},"end":{"line":31,"column":61}},{"start":{},"end":{}}],"line":31},"2":{"loc":{"start":{"line":33,"column":2},"end":{"line":33,"column":70}},"type":"if","locations":[{"start":{"line":33,"column":2},"end":{"line":33,"column":70}},{"start":{},"end":{}}],"line":33}},"s":{"0":1,"1":1,"2":1,"3":1,"4":6,"5":6,"6":6,"7":1,"8":5,"9":5,"10":5,"11":0,"12":0,"13":0,"14":0,"15":1,"16":1,"17":1,"18":1,"19":0,"20":1,"21":1,"22":0,"23":1,"24":1,"25":1,"26":1,"27":1,"28":1},"f":{"0":6,"1":1},"b":{"0":[1,5],"1":[0,1],"2":[0,1]},"_coverageSchema":"1a1c01bbd47fc00a2c39e90264f33305004495a9","hash":"50c2ef4b6076bf34111dc7f2d35995ddad86bd49"}
}
