{"E:\\cryptotribes\\server\\gamelogic.js": {"path":"E:\\cryptotribes\\server\\gamelogic.js","statementMap":{"0":{"start":{"line":1,"column":17},"end":{"line":1,"column":36}},"1":{"start":{"line":2,"column":16},"end":{"line":2,"column":44}},"2":{"start":{"line":3,"column":17},"end":{"line":3,"column":46}},"3":{"start":{"line":4,"column":14},"end":{"line":4,"column":40}},"4":{"start":{"line":5,"column":22},"end":{"line":5,"column":56}},"5":{"start":{"line":6,"column":13},"end":{"line":6,"column":38}},"6":{"start":{"line":7,"column":28},"end":{"line":7,"column":61}},"7":{"start":{"line":8,"column":31},"end":{"line":8,"column":50}},"8":{"start":{"line":11,"column":23},"end":{"line":20,"column":1}},"9":{"start":{"line":22,"column":20},"end":{"line":27,"column":1}},"10":{"start":{"line":30,"column":14},"end":{"line":30,"column":34}},"11":{"start":{"line":31,"column":17},"end":{"line":31,"column":48}},"12":{"start":{"line":32,"column":4},"end":{"line":37,"column":6}},"13":{"start":{"line":41,"column":14},"end":{"line":41,"column":34}},"14":{"start":{"line":42,"column":4},"end":{"line":42,"column":57}},"15":{"start":{"line":46,"column":14},"end":{"line":46,"column":34}},"16":{"start":{"line":47,"column":4},"end":{"line":47,"column":32}},"17":{"start":{"line":47,"column":23},"end":{"line":47,"column":32}},"18":{"start":{"line":48,"column":4},"end":{"line":48,"column":75}},"19":{"start":{"line":52,"column":4},"end":{"line":52,"column":51}},"20":{"start":{"line":56,"column":4},"end":{"line":56,"column":66}},"21":{"start":{"line":60,"column":24},"end":{"line":60,"column":27}},"22":{"start":{"line":61,"column":20},"end":{"line":61,"column":22}},"23":{"start":{"line":62,"column":4},"end":{"line":67,"column":5}},"24":{"start":{"line":62,"column":17},"end":{"line":62,"column":18}},"25":{"start":{"line":63,"column":18},"end":{"line":63,"column":53}},"26":{"start":{"line":64,"column":18},"end":{"line":64,"column":53}},"27":{"start":{"line":65,"column":25},"end":{"line":65,"column":63}},"28":{"start":{"line":66,"column":8},"end":{"line":66,"column":39}},"29":{"start":{"line":66,"column":23},"end":{"line":66,"column":39}},"30":{"start":{"line":68,"column":4},"end":{"line":68,"column":58}},"31":{"start":{"line":73,"column":21},"end":{"line":73,"column":45}},"32":{"start":{"line":74,"column":20},"end":{"line":74,"column":73}},"33":{"start":{"line":76,"column":22},"end":{"line":80,"column":7}},"34":{"start":{"line":76,"column":62},"end":{"line":80,"column":5}},"35":{"start":{"line":81,"column":4},"end":{"line":81,"column":41}},"36":{"start":{"line":83,"column":19},"end":{"line":83,"column":109}},"37":{"start":{"line":83,"column":54},"end":{"line":83,"column":107}},"38":{"start":{"line":84,"column":4},"end":{"line":84,"column":35}},"39":{"start":{"line":86,"column":4},"end":{"line":86,"column":23}},"40":{"start":{"line":90,"column":25},"end":{"line":90,"column":60}},"41":{"start":{"line":91,"column":4},"end":{"line":94,"column":5}},"42":{"start":{"line":92,"column":20},"end":{"line":92,"column":58}},"43":{"start":{"line":93,"column":8},"end":{"line":93,"column":75}},"44":{"start":{"line":95,"column":4},"end":{"line":95,"column":61}},"45":{"start":{"line":99,"column":16},"end":{"line":99,"column":26}},"46":{"start":{"line":100,"column":17},"end":{"line":100,"column":46}},"47":{"start":{"line":101,"column":17},"end":{"line":101,"column":49}},"48":{"start":{"line":104,"column":4},"end":{"line":111,"column":5}},"49":{"start":{"line":105,"column":8},"end":{"line":110,"column":10}},"50":{"start":{"line":113,"column":4},"end":{"line":179,"column":5}},"51":{"start":{"line":114,"column":26},"end":{"line":114,"column":81}},"52":{"start":{"line":115,"column":25},"end":{"line":115,"column":63}},"53":{"start":{"line":116,"column":24},"end":{"line":116,"column":25}},"54":{"start":{"line":119,"column":8},"end":{"line":128,"column":9}},"55":{"start":{"line":120,"column":25},"end":{"line":120,"column":56}},"56":{"start":{"line":121,"column":12},"end":{"line":124,"column":13}},"57":{"start":{"line":122,"column":43},"end":{"line":122,"column":88}},"58":{"start":{"line":123,"column":16},"end":{"line":123,"column":66}},"59":{"start":{"line":125,"column":12},"end":{"line":127,"column":13}},"60":{"start":{"line":126,"column":16},"end":{"line":126,"column":36}},"61":{"start":{"line":131,"column":23},"end":{"line":131,"column":75}},"62":{"start":{"line":132,"column":21},"end":{"line":132,"column":22}},"63":{"start":{"line":133,"column":8},"end":{"line":135,"column":9}},"64":{"start":{"line":134,"column":12},"end":{"line":134,"column":66}},"65":{"start":{"line":136,"column":8},"end":{"line":136,"column":34}},"66":{"start":{"line":139,"column":27},"end":{"line":139,"column":46}},"67":{"start":{"line":140,"column":25},"end":{"line":140,"column":62}},"68":{"start":{"line":143,"column":29},"end":{"line":148,"column":9}},"69":{"start":{"line":151,"column":29},"end":{"line":157,"column":9}},"70":{"start":{"line":159,"column":8},"end":{"line":161,"column":9}},"71":{"start":{"line":160,"column":12},"end":{"line":160,"column":84}},"72":{"start":{"line":163,"column":8},"end":{"line":169,"column":10}},"73":{"start":{"line":171,"column":8},"end":{"line":171,"column":87}},"74":{"start":{"line":173,"column":8},"end":{"line":178,"column":10}},"75":{"start":{"line":183,"column":4},"end":{"line":183,"column":79}},"76":{"start":{"line":183,"column":37},"end":{"line":183,"column":79}},"77":{"start":{"line":184,"column":15},"end":{"line":184,"column":53}},"78":{"start":{"line":185,"column":22},"end":{"line":185,"column":68}},"79":{"start":{"line":186,"column":4},"end":{"line":193,"column":8}},"80":{"start":{"line":186,"column":31},"end":{"line":193,"column":5}},"81":{"start":{"line":197,"column":4},"end":{"line":197,"column":47}},"82":{"start":{"line":201,"column":4},"end":{"line":268,"column":7}},"83":{"start":{"line":202,"column":8},"end":{"line":202,"column":83}},"84":{"start":{"line":202,"column":41},"end":{"line":202,"column":83}},"85":{"start":{"line":203,"column":20},"end":{"line":203,"column":58}},"86":{"start":{"line":206,"column":24},"end":{"line":206,"column":93}},"87":{"start":{"line":207,"column":8},"end":{"line":207,"column":60}},"88":{"start":{"line":207,"column":22},"end":{"line":207,"column":60}},"89":{"start":{"line":209,"column":24},"end":{"line":209,"column":61}},"90":{"start":{"line":210,"column":25},"end":{"line":213,"column":27}},"91":{"start":{"line":215,"column":8},"end":{"line":215,"column":60}},"92":{"start":{"line":215,"column":23},"end":{"line":215,"column":60}},"93":{"start":{"line":216,"column":8},"end":{"line":216,"column":76}},"94":{"start":{"line":216,"column":35},"end":{"line":216,"column":76}},"95":{"start":{"line":217,"column":8},"end":{"line":217,"column":91}},"96":{"start":{"line":217,"column":34},"end":{"line":217,"column":91}},"97":{"start":{"line":219,"column":8},"end":{"line":228,"column":9}},"98":{"start":{"line":220,"column":31},"end":{"line":223,"column":31}},"99":{"start":{"line":225,"column":12},"end":{"line":227,"column":13}},"100":{"start":{"line":226,"column":16},"end":{"line":226,"column":64}},"101":{"start":{"line":230,"column":21},"end":{"line":230,"column":72}},"102":{"start":{"line":231,"column":8},"end":{"line":234,"column":9}},"103":{"start":{"line":233,"column":12},"end":{"line":233,"column":53}},"104":{"start":{"line":237,"column":8},"end":{"line":248,"column":10}},"105":{"start":{"line":250,"column":26},"end":{"line":250,"column":78}},"106":{"start":{"line":251,"column":27},"end":{"line":251,"column":67}},"107":{"start":{"line":254,"column":8},"end":{"line":261,"column":10}},"108":{"start":{"line":263,"column":8},"end":{"line":267,"column":10}},"109":{"start":{"line":272,"column":15},"end":{"line":272,"column":53}},"110":{"start":{"line":273,"column":19},"end":{"line":273,"column":62}},"111":{"start":{"line":274,"column":4},"end":{"line":283,"column":8}},"112":{"start":{"line":274,"column":28},"end":{"line":283,"column":5}},"113":{"start":{"line":287,"column":4},"end":{"line":287,"column":71}},"114":{"start":{"line":287,"column":33},"end":{"line":287,"column":71}},"115":{"start":{"line":288,"column":4},"end":{"line":288,"column":71}},"116":{"start":{"line":288,"column":20},"end":{"line":288,"column":71}},"117":{"start":{"line":289,"column":4},"end":{"line":289,"column":79}},"118":{"start":{"line":289,"column":37},"end":{"line":289,"column":79}},"119":{"start":{"line":290,"column":16},"end":{"line":290,"column":54}},"120":{"start":{"line":291,"column":20},"end":{"line":291,"column":49}},"121":{"start":{"line":292,"column":4},"end":{"line":292,"column":56}},"122":{"start":{"line":292,"column":18},"end":{"line":292,"column":56}},"123":{"start":{"line":293,"column":21},"end":{"line":293,"column":91}},"124":{"start":{"line":294,"column":4},"end":{"line":294,"column":78}},"125":{"start":{"line":294,"column":41},"end":{"line":294,"column":78}},"126":{"start":{"line":295,"column":20},"end":{"line":295,"column":57}},"127":{"start":{"line":297,"column":17},"end":{"line":297,"column":83}},"128":{"start":{"line":298,"column":26},"end":{"line":298,"column":52}},"129":{"start":{"line":299,"column":19},"end":{"line":299,"column":63}},"130":{"start":{"line":300,"column":21},"end":{"line":300,"column":22}},"131":{"start":{"line":301,"column":4},"end":{"line":303,"column":5}},"132":{"start":{"line":302,"column":8},"end":{"line":302,"column":74}},"133":{"start":{"line":304,"column":19},"end":{"line":304,"column":64}},"134":{"start":{"line":305,"column":4},"end":{"line":305,"column":95}},"135":{"start":{"line":305,"column":45},"end":{"line":305,"column":95}},"136":{"start":{"line":306,"column":17},"end":{"line":306,"column":39}},"137":{"start":{"line":307,"column":22},"end":{"line":312,"column":5}},"138":{"start":{"line":313,"column":4},"end":{"line":315,"column":5}},"139":{"start":{"line":314,"column":8},"end":{"line":314,"column":49}},"140":{"start":{"line":316,"column":4},"end":{"line":318,"column":7}},"141":{"start":{"line":319,"column":22},"end":{"line":319,"column":45}},"142":{"start":{"line":320,"column":23},"end":{"line":320,"column":63}},"143":{"start":{"line":321,"column":4},"end":{"line":321,"column":108}},"144":{"start":{"line":322,"column":4},"end":{"line":322,"column":78}},"145":{"start":{"line":326,"column":21},"end":{"line":326,"column":80}},"146":{"start":{"line":327,"column":4},"end":{"line":334,"column":8}},"147":{"start":{"line":327,"column":30},"end":{"line":334,"column":5}},"148":{"start":{"line":338,"column":4},"end":{"line":338,"column":116}},"149":{"start":{"line":338,"column":74},"end":{"line":338,"column":116}},"150":{"start":{"line":339,"column":4},"end":{"line":339,"column":88}},"151":{"start":{"line":339,"column":39},"end":{"line":339,"column":88}},"152":{"start":{"line":340,"column":19},"end":{"line":340,"column":61}},"153":{"start":{"line":341,"column":17},"end":{"line":341,"column":57}},"154":{"start":{"line":342,"column":24},"end":{"line":342,"column":56}},"155":{"start":{"line":343,"column":22},"end":{"line":343,"column":57}},"156":{"start":{"line":344,"column":4},"end":{"line":344,"column":74}},"157":{"start":{"line":344,"column":36},"end":{"line":344,"column":74}},"158":{"start":{"line":347,"column":24},"end":{"line":347,"column":42}},"159":{"start":{"line":348,"column":4},"end":{"line":394,"column":5}},"160":{"start":{"line":350,"column":27},"end":{"line":350,"column":81}},"161":{"start":{"line":351,"column":22},"end":{"line":351,"column":23}},"162":{"start":{"line":352,"column":8},"end":{"line":354,"column":9}},"163":{"start":{"line":353,"column":12},"end":{"line":353,"column":76}},"164":{"start":{"line":356,"column":27},"end":{"line":356,"column":28}},"165":{"start":{"line":357,"column":8},"end":{"line":359,"column":9}},"166":{"start":{"line":358,"column":12},"end":{"line":358,"column":70}},"167":{"start":{"line":361,"column":19},"end":{"line":361,"column":57}},"168":{"start":{"line":362,"column":18},"end":{"line":362,"column":23}},"169":{"start":{"line":363,"column":8},"end":{"line":388,"column":9}},"170":{"start":{"line":364,"column":12},"end":{"line":364,"column":23}},"171":{"start":{"line":366,"column":12},"end":{"line":366,"column":55}},"172":{"start":{"line":367,"column":12},"end":{"line":367,"column":55}},"173":{"start":{"line":368,"column":12},"end":{"line":368,"column":55}},"174":{"start":{"line":369,"column":12},"end":{"line":369,"column":55}},"175":{"start":{"line":371,"column":12},"end":{"line":378,"column":15}},"176":{"start":{"line":380,"column":12},"end":{"line":387,"column":15}},"177":{"start":{"line":389,"column":8},"end":{"line":393,"column":10}},"178":{"start":{"line":396,"column":4},"end":{"line":396,"column":29}},"179":{"start":{"line":400,"column":22},"end":{"line":400,"column":32}},"180":{"start":{"line":401,"column":23},"end":{"line":401,"column":25}},"181":{"start":{"line":403,"column":4},"end":{"line":468,"column":5}},"182":{"start":{"line":404,"column":8},"end":{"line":404,"column":57}},"183":{"start":{"line":407,"column":27},"end":{"line":407,"column":57}},"184":{"start":{"line":408,"column":8},"end":{"line":408,"column":63}},"185":{"start":{"line":410,"column":27},"end":{"line":410,"column":28}},"186":{"start":{"line":411,"column":25},"end":{"line":411,"column":26}},"187":{"start":{"line":412,"column":19},"end":{"line":412,"column":20}},"188":{"start":{"line":415,"column":8},"end":{"line":449,"column":9}},"189":{"start":{"line":416,"column":29},"end":{"line":419,"column":23}},"190":{"start":{"line":421,"column":12},"end":{"line":421,"column":45}},"191":{"start":{"line":421,"column":39},"end":{"line":421,"column":45}},"192":{"start":{"line":424,"column":35},"end":{"line":433,"column":13}},"193":{"start":{"line":425,"column":16},"end":{"line":432,"column":22}},"194":{"start":{"line":427,"column":24},"end":{"line":427,"column":39}},"195":{"start":{"line":430,"column":24},"end":{"line":430,"column":88}},"196":{"start":{"line":431,"column":24},"end":{"line":431,"column":37}},"197":{"start":{"line":436,"column":12},"end":{"line":436,"column":46}},"198":{"start":{"line":438,"column":12},"end":{"line":438,"column":31}},"199":{"start":{"line":441,"column":12},"end":{"line":443,"column":13}},"200":{"start":{"line":442,"column":16},"end":{"line":442,"column":87}},"201":{"start":{"line":446,"column":12},"end":{"line":448,"column":13}},"202":{"start":{"line":447,"column":16},"end":{"line":447,"column":28}},"203":{"start":{"line":451,"column":25},"end":{"line":451,"column":47}},"204":{"start":{"line":453,"column":8},"end":{"line":459,"column":11}},"205":{"start":{"line":461,"column":8},"end":{"line":461,"column":60}},"206":{"start":{"line":463,"column":8},"end":{"line":463,"column":54}},"207":{"start":{"line":466,"column":8},"end":{"line":466,"column":72}},"208":{"start":{"line":467,"column":8},"end":{"line":467,"column":20}},"209":{"start":{"line":472,"column":23},"end":{"line":472,"column":26}},"210":{"start":{"line":473,"column":16},"end":{"line":473,"column":26}},"211":{"start":{"line":475,"column":4},"end":{"line":522,"column":5}},"212":{"start":{"line":476,"column":24},"end":{"line":476,"column":25}},"213":{"start":{"line":477,"column":19},"end":{"line":477,"column":20}},"214":{"start":{"line":479,"column":8},"end":{"line":514,"column":9}},"215":{"start":{"line":480,"column":30},"end":{"line":486,"column":19}},"216":{"start":{"line":488,"column":12},"end":{"line":488,"column":46}},"217":{"start":{"line":488,"column":40},"end":{"line":488,"column":46}},"218":{"start":{"line":491,"column":12},"end":{"line":511,"column":13}},"219":{"start":{"line":492,"column":16},"end":{"line":510,"column":17}},"220":{"start":{"line":493,"column":20},"end":{"line":500,"column":22}},"221":{"start":{"line":502,"column":20},"end":{"line":505,"column":22}},"222":{"start":{"line":507,"column":20},"end":{"line":507,"column":32}},"223":{"start":{"line":509,"column":20},"end":{"line":509,"column":87}},"224":{"start":{"line":513,"column":12},"end":{"line":513,"column":31}},"225":{"start":{"line":516,"column":8},"end":{"line":518,"column":9}},"226":{"start":{"line":517,"column":12},"end":{"line":517,"column":68}},"227":{"start":{"line":521,"column":8},"end":{"line":521,"column":71}},"228":{"start":{"line":526,"column":23},"end":{"line":526,"column":26}},"229":{"start":{"line":527,"column":16},"end":{"line":527,"column":26}},"230":{"start":{"line":529,"column":4},"end":{"line":582,"column":5}},"231":{"start":{"line":530,"column":24},"end":{"line":530,"column":25}},"232":{"start":{"line":531,"column":19},"end":{"line":531,"column":20}},"233":{"start":{"line":533,"column":8},"end":{"line":574,"column":9}},"234":{"start":{"line":534,"column":30},"end":{"line":539,"column":19}},"235":{"start":{"line":541,"column":12},"end":{"line":541,"column":46}},"236":{"start":{"line":541,"column":40},"end":{"line":541,"column":46}},"237":{"start":{"line":544,"column":33},"end":{"line":544,"column":35}},"238":{"start":{"line":545,"column":32},"end":{"line":545,"column":34}},"239":{"start":{"line":547,"column":12},"end":{"line":551,"column":13}},"240":{"start":{"line":548,"column":28},"end":{"line":548,"column":75}},"241":{"start":{"line":549,"column":16},"end":{"line":549,"column":79}},"242":{"start":{"line":550,"column":16},"end":{"line":550,"column":47}},"243":{"start":{"line":554,"column":12},"end":{"line":566,"column":13}},"244":{"start":{"line":555,"column":47},"end":{"line":555,"column":61}},"245":{"start":{"line":557,"column":16},"end":{"line":565,"column":17}},"246":{"start":{"line":558,"column":20},"end":{"line":561,"column":22}},"247":{"start":{"line":562,"column":20},"end":{"line":562,"column":32}},"248":{"start":{"line":564,"column":20},"end":{"line":564,"column":79}},"249":{"start":{"line":569,"column":12},"end":{"line":571,"column":13}},"250":{"start":{"line":570,"column":16},"end":{"line":570,"column":78}},"251":{"start":{"line":573,"column":12},"end":{"line":573,"column":31}},"252":{"start":{"line":576,"column":8},"end":{"line":578,"column":9}},"253":{"start":{"line":577,"column":12},"end":{"line":577,"column":66}},"254":{"start":{"line":581,"column":8},"end":{"line":581,"column":67}},"255":{"start":{"line":589,"column":31},"end":{"line":589,"column":56}},"256":{"start":{"line":590,"column":29},"end":{"line":590,"column":39}},"257":{"start":{"line":591,"column":29},"end":{"line":591,"column":54}},"258":{"start":{"line":592,"column":33},"end":{"line":592,"column":58}},"259":{"start":{"line":599,"column":20},"end":{"line":599,"column":22}},"260":{"start":{"line":600,"column":4},"end":{"line":627,"column":5}},"261":{"start":{"line":600,"column":17},"end":{"line":600,"column":18}},"262":{"start":{"line":601,"column":8},"end":{"line":626,"column":9}},"263":{"start":{"line":602,"column":29},"end":{"line":602,"column":53}},"264":{"start":{"line":603,"column":30},"end":{"line":608,"column":13}},"265":{"start":{"line":609,"column":28},"end":{"line":616,"column":14}},"266":{"start":{"line":618,"column":12},"end":{"line":622,"column":15}},"267":{"start":{"line":623,"column":12},"end":{"line":623,"column":34}},"268":{"start":{"line":625,"column":12},"end":{"line":625,"column":73}},"269":{"start":{"line":628,"column":4},"end":{"line":628,"column":19}},"270":{"start":{"line":631,"column":0},"end":{"line":650,"column":2}}},"fnMap":{"0":{"name":"calculateBuildingCost","decl":{"start":{"line":29,"column":9},"end":{"line":29,"column":30}},"loc":{"start":{"line":29,"column":51},"end":{"line":38,"column":1}},"line":29},"1":{"name":"calculateBuildTime","decl":{"start":{"line":40,"column":9},"end":{"line":40,"column":27}},"loc":{"start":{"line":40,"column":41},"end":{"line":43,"column":1}},"line":40},"2":{"name":"calculateProduction","decl":{"start":{"line":45,"column":9},"end":{"line":45,"column":28}},"loc":{"start":{"line":45,"column":42},"end":{"line":49,"column":1}},"line":45},"3":{"name":"calculateWarehouseCapacity","decl":{"start":{"line":51,"column":9},"end":{"line":51,"column":35}},"loc":{"start":{"line":51,"column":43},"end":{"line":53,"column":1}},"line":51},"4":{"name":"calculateDistance","decl":{"start":{"line":55,"column":9},"end":{"line":55,"column":26}},"loc":{"start":{"line":55,"column":43},"end":{"line":57,"column":1}},"line":55},"5":{"name":"findFreePosition","decl":{"start":{"line":59,"column":15},"end":{"line":59,"column":31}},"loc":{"start":{"line":59,"column":34},"end":{"line":69,"column":1}},"line":59},"6":{"name":"createVillage","decl":{"start":{"line":72,"column":15},"end":{"line":72,"column":28}},"loc":{"start":{"line":72,"column":43},"end":{"line":87,"column":1}},"line":72},"7":{"name":"(anonymous_7)","decl":{"start":{"line":76,"column":54},"end":{"line":76,"column":55}},"loc":{"start":{"line":76,"column":62},"end":{"line":80,"column":5}},"line":76},"8":{"name":"(anonymous_8)","decl":{"start":{"line":83,"column":48},"end":{"line":83,"column":49}},"loc":{"start":{"line":83,"column":54},"end":{"line":83,"column":107}},"line":83},"9":{"name":"getVillage","decl":{"start":{"line":89,"column":15},"end":{"line":89,"column":25}},"loc":{"start":{"line":89,"column":52},"end":{"line":96,"column":1}},"line":89},"10":{"name":"updateVillageResources","decl":{"start":{"line":98,"column":15},"end":{"line":98,"column":37}},"loc":{"start":{"line":98,"column":47},"end":{"line":180,"column":1}},"line":98},"11":{"name":"getBuildings","decl":{"start":{"line":182,"column":15},"end":{"line":182,"column":27}},"loc":{"start":{"line":182,"column":39},"end":{"line":194,"column":1}},"line":182},"12":{"name":"(anonymous_12)","decl":{"start":{"line":186,"column":25},"end":{"line":186,"column":26}},"loc":{"start":{"line":186,"column":31},"end":{"line":193,"column":5}},"line":186},"13":{"name":"isValidObjectId","decl":{"start":{"line":196,"column":9},"end":{"line":196,"column":24}},"loc":{"start":{"line":196,"column":29},"end":{"line":198,"column":1}},"line":196},"14":{"name":"upgradeBuilding","decl":{"start":{"line":200,"column":15},"end":{"line":200,"column":30}},"loc":{"start":{"line":200,"column":64},"end":{"line":269,"column":1}},"line":200},"15":{"name":"(anonymous_15)","decl":{"start":{"line":201,"column":27},"end":{"line":201,"column":28}},"loc":{"start":{"line":201,"column":46},"end":{"line":268,"column":5}},"line":201},"16":{"name":"getTroops","decl":{"start":{"line":271,"column":15},"end":{"line":271,"column":24}},"loc":{"start":{"line":271,"column":36},"end":{"line":284,"column":1}},"line":271},"17":{"name":"(anonymous_17)","decl":{"start":{"line":274,"column":22},"end":{"line":274,"column":23}},"loc":{"start":{"line":274,"column":28},"end":{"line":283,"column":5}},"line":274},"18":{"name":"trainTroops","decl":{"start":{"line":286,"column":15},"end":{"line":286,"column":26}},"loc":{"start":{"line":286,"column":65},"end":{"line":323,"column":1}},"line":286},"19":{"name":"getWorldMap","decl":{"start":{"line":325,"column":15},"end":{"line":325,"column":26}},"loc":{"start":{"line":325,"column":29},"end":{"line":335,"column":1}},"line":325},"20":{"name":"(anonymous_20)","decl":{"start":{"line":327,"column":24},"end":{"line":327,"column":25}},"loc":{"start":{"line":327,"column":30},"end":{"line":334,"column":5}},"line":327},"21":{"name":"attackVillage","decl":{"start":{"line":337,"column":15},"end":{"line":337,"column":28}},"loc":{"start":{"line":337,"column":77},"end":{"line":397,"column":1}},"line":337},"22":{"name":"updateAllVillagesResources","decl":{"start":{"line":399,"column":15},"end":{"line":399,"column":41}},"loc":{"start":{"line":399,"column":44},"end":{"line":469,"column":1}},"line":399},"23":{"name":"(anonymous_23)","decl":{"start":{"line":424,"column":48},"end":{"line":424,"column":49}},"loc":{"start":{"line":425,"column":16},"end":{"line":432,"column":22}},"line":425},"24":{"name":"(anonymous_24)","decl":{"start":{"line":426,"column":26},"end":{"line":426,"column":27}},"loc":{"start":{"line":426,"column":32},"end":{"line":428,"column":21}},"line":426},"25":{"name":"(anonymous_25)","decl":{"start":{"line":429,"column":27},"end":{"line":429,"column":28}},"loc":{"start":{"line":429,"column":36},"end":{"line":432,"column":21}},"line":429},"26":{"name":"processConstructionQueue","decl":{"start":{"line":471,"column":15},"end":{"line":471,"column":39}},"loc":{"start":{"line":471,"column":42},"end":{"line":523,"column":1}},"line":471},"27":{"name":"processTrainingQueue","decl":{"start":{"line":525,"column":15},"end":{"line":525,"column":35}},"loc":{"start":{"line":525,"column":38},"end":{"line":583,"column":1}},"line":525},"28":{"name":"processAttacks","decl":{"start":{"line":585,"column":15},"end":{"line":585,"column":29}},"loc":{"start":{"line":585,"column":32},"end":{"line":587,"column":1}},"line":585},"29":{"name":"createTribe","decl":{"start":{"line":589,"column":15},"end":{"line":589,"column":26}},"loc":{"start":{"line":589,"column":29},"end":{"line":589,"column":58}},"line":589},"30":{"name":"getTribes","decl":{"start":{"line":590,"column":15},"end":{"line":590,"column":24}},"loc":{"start":{"line":590,"column":27},"end":{"line":590,"column":41}},"line":590},"31":{"name":"joinTribe","decl":{"start":{"line":591,"column":15},"end":{"line":591,"column":24}},"loc":{"start":{"line":591,"column":27},"end":{"line":591,"column":56}},"line":591},"32":{"name":"speedUpAction","decl":{"start":{"line":592,"column":15},"end":{"line":592,"column":28}},"loc":{"start":{"line":592,"column":31},"end":{"line":592,"column":60}},"line":592},"33":{"name":"generateBarbarianVillages","decl":{"start":{"line":598,"column":15},"end":{"line":598,"column":40}},"loc":{"start":{"line":598,"column":53},"end":{"line":629,"column":1}},"line":598}},"branchMap":{"0":{"loc":{"start":{"line":47,"column":4},"end":{"line":47,"column":32}},"type":"if","locations":[{"start":{"line":47,"column":4},"end":{"line":47,"column":32}},{"start":{},"end":{}}],"line":47},"1":{"loc":{"start":{"line":66,"column":8},"end":{"line":66,"column":39}},"type":"if","locations":[{"start":{"line":66,"column":8},"end":{"line":66,"column":39}},{"start":{},"end":{}}],"line":66},"2":{"loc":{"start":{"line":79,"column":15},"end":{"line":79,"column":42}},"type":"cond-expr","locations":[{"start":{"line":79,"column":37},"end":{"line":79,"column":38}},{"start":{"line":79,"column":41},"end":{"line":79,"column":42}}],"line":79},"3":{"loc":{"start":{"line":89,"column":34},"end":{"line":89,"column":50}},"type":"default-arg","locations":[{"start":{"line":89,"column":46},"end":{"line":89,"column":50}}],"line":89},"4":{"loc":{"start":{"line":91,"column":4},"end":{"line":94,"column":5}},"type":"if","locations":[{"start":{"line":91,"column":4},"end":{"line":94,"column":5}},{"start":{},"end":{}}],"line":91},"5":{"loc":{"start":{"line":104,"column":4},"end":{"line":111,"column":5}},"type":"if","locations":[{"start":{"line":104,"column":4},"end":{"line":111,"column":5}},{"start":{},"end":{}}],"line":104},"6":{"loc":{"start":{"line":121,"column":12},"end":{"line":124,"column":13}},"type":"if","locations":[{"start":{"line":121,"column":12},"end":{"line":124,"column":13}},{"start":{},"end":{}}],"line":121},"7":{"loc":{"start":{"line":121,"column":16},"end":{"line":121,"column":46}},"type":"binary-expr","locations":[{"start":{"line":121,"column":16},"end":{"line":121,"column":31}},{"start":{"line":121,"column":35},"end":{"line":121,"column":46}}],"line":121},"8":{"loc":{"start":{"line":125,"column":12},"end":{"line":127,"column":13}},"type":"if","locations":[{"start":{"line":125,"column":12},"end":{"line":127,"column":13}},{"start":{},"end":{}}],"line":125},"9":{"loc":{"start":{"line":159,"column":8},"end":{"line":161,"column":9}},"type":"if","locations":[{"start":{"line":159,"column":8},"end":{"line":161,"column":9}},{"start":{},"end":{}}],"line":159},"10":{"loc":{"start":{"line":183,"column":4},"end":{"line":183,"column":79}},"type":"if","locations":[{"start":{"line":183,"column":4},"end":{"line":183,"column":79}},{"start":{},"end":{}}],"line":183},"11":{"loc":{"start":{"line":192,"column":20},"end":{"line":192,"column":117}},"type":"cond-expr","locations":[{"start":{"line":192,"column":65},"end":{"line":192,"column":110}},{"start":{"line":192,"column":113},"end":{"line":192,"column":117}}],"line":192},"12":{"loc":{"start":{"line":202,"column":8},"end":{"line":202,"column":83}},"type":"if","locations":[{"start":{"line":202,"column":8},"end":{"line":202,"column":83}},{"start":{},"end":{}}],"line":202},"13":{"loc":{"start":{"line":207,"column":8},"end":{"line":207,"column":60}},"type":"if","locations":[{"start":{"line":207,"column":8},"end":{"line":207,"column":60}},{"start":{},"end":{}}],"line":207},"14":{"loc":{"start":{"line":215,"column":8},"end":{"line":215,"column":60}},"type":"if","locations":[{"start":{"line":215,"column":8},"end":{"line":215,"column":60}},{"start":{},"end":{}}],"line":215},"15":{"loc":{"start":{"line":216,"column":8},"end":{"line":216,"column":76}},"type":"if","locations":[{"start":{"line":216,"column":8},"end":{"line":216,"column":76}},{"start":{},"end":{}}],"line":216},"16":{"loc":{"start":{"line":217,"column":8},"end":{"line":217,"column":91}},"type":"if","locations":[{"start":{"line":217,"column":8},"end":{"line":217,"column":91}},{"start":{},"end":{}}],"line":217},"17":{"loc":{"start":{"line":219,"column":8},"end":{"line":228,"column":9}},"type":"if","locations":[{"start":{"line":219,"column":8},"end":{"line":228,"column":9}},{"start":{},"end":{}}],"line":219},"18":{"loc":{"start":{"line":225,"column":12},"end":{"line":227,"column":13}},"type":"if","locations":[{"start":{"line":225,"column":12},"end":{"line":227,"column":13}},{"start":{},"end":{}}],"line":225},"19":{"loc":{"start":{"line":231,"column":8},"end":{"line":234,"column":9}},"type":"if","locations":[{"start":{"line":231,"column":8},"end":{"line":234,"column":9}},{"start":{},"end":{}}],"line":231},"20":{"loc":{"start":{"line":231,"column":12},"end":{"line":232,"column":64}},"type":"binary-expr","locations":[{"start":{"line":231,"column":12},"end":{"line":231,"column":36}},{"start":{"line":231,"column":40},"end":{"line":231,"column":64}},{"start":{"line":232,"column":12},"end":{"line":232,"column":36}},{"start":{"line":232,"column":40},"end":{"line":232,"column":64}}],"line":231},"21":{"loc":{"start":{"line":287,"column":4},"end":{"line":287,"column":71}},"type":"if","locations":[{"start":{"line":287,"column":4},"end":{"line":287,"column":71}},{"start":{},"end":{}}],"line":287},"22":{"loc":{"start":{"line":288,"column":4},"end":{"line":288,"column":71}},"type":"if","locations":[{"start":{"line":288,"column":4},"end":{"line":288,"column":71}},{"start":{},"end":{}}],"line":288},"23":{"loc":{"start":{"line":289,"column":4},"end":{"line":289,"column":79}},"type":"if","locations":[{"start":{"line":289,"column":4},"end":{"line":289,"column":79}},{"start":{},"end":{}}],"line":289},"24":{"loc":{"start":{"line":292,"column":4},"end":{"line":292,"column":56}},"type":"if","locations":[{"start":{"line":292,"column":4},"end":{"line":292,"column":56}},{"start":{},"end":{}}],"line":292},"25":{"loc":{"start":{"line":294,"column":4},"end":{"line":294,"column":78}},"type":"if","locations":[{"start":{"line":294,"column":4},"end":{"line":294,"column":78}},{"start":{},"end":{}}],"line":294},"26":{"loc":{"start":{"line":294,"column":8},"end":{"line":294,"column":39}},"type":"binary-expr","locations":[{"start":{"line":294,"column":8},"end":{"line":294,"column":17}},{"start":{"line":294,"column":21},"end":{"line":294,"column":39}}],"line":294},"27":{"loc":{"start":{"line":298,"column":26},"end":{"line":298,"column":52}},"type":"cond-expr","locations":[{"start":{"line":298,"column":33},"end":{"line":298,"column":48}},{"start":{"line":298,"column":51},"end":{"line":298,"column":52}}],"line":298},"28":{"loc":{"start":{"line":302,"column":23},"end":{"line":302,"column":61}},"type":"binary-expr","locations":[{"start":{"line":302,"column":23},"end":{"line":302,"column":56}},{"start":{"line":302,"column":60},"end":{"line":302,"column":61}}],"line":302},"29":{"loc":{"start":{"line":304,"column":20},"end":{"line":304,"column":54}},"type":"binary-expr","locations":[{"start":{"line":304,"column":20},"end":{"line":304,"column":49}},{"start":{"line":304,"column":53},"end":{"line":304,"column":54}}],"line":304},"30":{"loc":{"start":{"line":305,"column":4},"end":{"line":305,"column":95}},"type":"if","locations":[{"start":{"line":305,"column":4},"end":{"line":305,"column":95}},{"start":{},"end":{}}],"line":305},"31":{"loc":{"start":{"line":313,"column":4},"end":{"line":315,"column":5}},"type":"if","locations":[{"start":{"line":313,"column":4},"end":{"line":315,"column":5}},{"start":{},"end":{}}],"line":313},"32":{"loc":{"start":{"line":313,"column":8},"end":{"line":313,"column":136}},"type":"binary-expr","locations":[{"start":{"line":313,"column":8},"end":{"line":313,"column":37}},{"start":{"line":313,"column":41},"end":{"line":313,"column":70}},{"start":{"line":313,"column":74},"end":{"line":313,"column":103}},{"start":{"line":313,"column":107},"end":{"line":313,"column":136}}],"line":313},"33":{"loc":{"start":{"line":330,"column":15},"end":{"line":330,"column":59}},"type":"cond-expr","locations":[{"start":{"line":330,"column":27},"end":{"line":330,"column":45}},{"start":{"line":330,"column":48},"end":{"line":330,"column":59}}],"line":330},"34":{"loc":{"start":{"line":338,"column":4},"end":{"line":338,"column":116}},"type":"if","locations":[{"start":{"line":338,"column":4},"end":{"line":338,"column":116}},{"start":{},"end":{}}],"line":338},"35":{"loc":{"start":{"line":338,"column":8},"end":{"line":338,"column":72}},"type":"binary-expr","locations":[{"start":{"line":338,"column":8},"end":{"line":338,"column":39}},{"start":{"line":338,"column":43},"end":{"line":338,"column":72}}],"line":338},"36":{"loc":{"start":{"line":339,"column":4},"end":{"line":339,"column":88}},"type":"if","locations":[{"start":{"line":339,"column":4},"end":{"line":339,"column":88}},{"start":{},"end":{}}],"line":339},"37":{"loc":{"start":{"line":344,"column":4},"end":{"line":344,"column":74}},"type":"if","locations":[{"start":{"line":344,"column":4},"end":{"line":344,"column":74}},{"start":{},"end":{}}],"line":344},"38":{"loc":{"start":{"line":344,"column":8},"end":{"line":344,"column":34}},"type":"binary-expr","locations":[{"start":{"line":344,"column":8},"end":{"line":344,"column":20}},{"start":{"line":344,"column":24},"end":{"line":344,"column":34}}],"line":344},"39":{"loc":{"start":{"line":348,"column":4},"end":{"line":394,"column":5}},"type":"if","locations":[{"start":{"line":348,"column":4},"end":{"line":394,"column":5}},{"start":{},"end":{}}],"line":348},"40":{"loc":{"start":{"line":353,"column":24},"end":{"line":353,"column":63}},"type":"binary-expr","locations":[{"start":{"line":353,"column":24},"end":{"line":353,"column":58}},{"start":{"line":353,"column":62},"end":{"line":353,"column":63}}],"line":353},"41":{"loc":{"start":{"line":357,"column":52},"end":{"line":357,"column":68}},"type":"binary-expr","locations":[{"start":{"line":357,"column":52},"end":{"line":357,"column":62}},{"start":{"line":357,"column":66},"end":{"line":357,"column":68}}],"line":357},"42":{"loc":{"start":{"line":358,"column":29},"end":{"line":358,"column":59}},"type":"binary-expr","locations":[{"start":{"line":358,"column":29},"end":{"line":358,"column":54}},{"start":{"line":358,"column":58},"end":{"line":358,"column":59}}],"line":358},"43":{"loc":{"start":{"line":363,"column":8},"end":{"line":388,"column":9}},"type":"if","locations":[{"start":{"line":363,"column":8},"end":{"line":388,"column":9}},{"start":{},"end":{}}],"line":363},"44":{"loc":{"start":{"line":392,"column":21},"end":{"line":392,"column":122}},"type":"cond-expr","locations":[{"start":{"line":392,"column":27},"end":{"line":392,"column":68}},{"start":{"line":392,"column":71},"end":{"line":392,"column":122}}],"line":392},"45":{"loc":{"start":{"line":421,"column":12},"end":{"line":421,"column":45}},"type":"if","locations":[{"start":{"line":421,"column":12},"end":{"line":421,"column":45}},{"start":{},"end":{}}],"line":421},"46":{"loc":{"start":{"line":441,"column":12},"end":{"line":443,"column":13}},"type":"if","locations":[{"start":{"line":441,"column":12},"end":{"line":443,"column":13}},{"start":{},"end":{}}],"line":441},"47":{"loc":{"start":{"line":441,"column":16},"end":{"line":441,"column":60}},"type":"binary-expr","locations":[{"start":{"line":441,"column":16},"end":{"line":441,"column":40}},{"start":{"line":441,"column":44},"end":{"line":441,"column":60}}],"line":441},"48":{"loc":{"start":{"line":446,"column":12},"end":{"line":448,"column":13}},"type":"if","locations":[{"start":{"line":446,"column":12},"end":{"line":448,"column":13}},{"start":{},"end":{}}],"line":446},"49":{"loc":{"start":{"line":458,"column":31},"end":{"line":458,"column":86}},"type":"cond-expr","locations":[{"start":{"line":458,"column":48},"end":{"line":458,"column":82}},{"start":{"line":458,"column":85},"end":{"line":458,"column":86}}],"line":458},"50":{"loc":{"start":{"line":488,"column":12},"end":{"line":488,"column":46}},"type":"if","locations":[{"start":{"line":488,"column":12},"end":{"line":488,"column":46}},{"start":{},"end":{}}],"line":488},"51":{"loc":{"start":{"line":516,"column":8},"end":{"line":518,"column":9}},"type":"if","locations":[{"start":{"line":516,"column":8},"end":{"line":518,"column":9}},{"start":{},"end":{}}],"line":516},"52":{"loc":{"start":{"line":541,"column":12},"end":{"line":541,"column":46}},"type":"if","locations":[{"start":{"line":541,"column":12},"end":{"line":541,"column":46}},{"start":{},"end":{}}],"line":541},"53":{"loc":{"start":{"line":549,"column":37},"end":{"line":549,"column":59}},"type":"binary-expr","locations":[{"start":{"line":549,"column":37},"end":{"line":549,"column":54}},{"start":{"line":549,"column":58},"end":{"line":549,"column":59}}],"line":549},"54":{"loc":{"start":{"line":569,"column":12},"end":{"line":571,"column":13}},"type":"if","locations":[{"start":{"line":569,"column":12},"end":{"line":571,"column":13}},{"start":{},"end":{}}],"line":569},"55":{"loc":{"start":{"line":576,"column":8},"end":{"line":578,"column":9}},"type":"if","locations":[{"start":{"line":576,"column":8},"end":{"line":578,"column":9}},{"start":{},"end":{}}],"line":576},"56":{"loc":{"start":{"line":598,"column":41},"end":{"line":598,"column":51}},"type":"default-arg","locations":[{"start":{"line":598,"column":49},"end":{"line":598,"column":51}}],"line":598}},"s":{"0":1,"1":1,"2":1,"3":1,"4":1,"5":1,"6":1,"7":1,"8":1,"9":1,"10":18,"11":18,"12":18,"13":18,"14":18,"15":8,"16":8,"17":0,"18":8,"19":0,"20":0,"21":15,"22":15,"23":15,"24":15,"25":15,"26":15,"27":15,"28":15,"29":15,"30":0,"31":15,"32":15,"33":15,"34":120,"35":15,"36":15,"37":60,"38":15,"39":15,"40":2,"41":2,"42":2,"43":2,"44":0,"45":13,"46":13,"47":13,"48":13,"49":13,"50":0,"51":0,"52":0,"53":0,"54":0,"55":0,"56":0,"57":0,"58":0,"59":0,"60":0,"61":0,"62":0,"63":0,"64":0,"65":0,"66":0,"67":0,"68":0,"69":0,"70":0,"71":0,"72":0,"73":0,"74":0,"75":3,"76":1,"77":2,"78":2,"79":2,"80":16,"81":6,"82":2,"83":2,"84":0,"85":2,"86":2,"87":2,"88":0,"89":2,"90":2,"91":2,"92":0,"93":2,"94":0,"95":2,"96":0,"97":2,"98":2,"99":2,"100":0,"101":2,"102":2,"103":0,"104":2,"105":2,"106":2,"107":2,"108":2,"109":0,"110":0,"111":0,"112":0,"113":1,"114":0,"115":1,"116":0,"117":1,"118":0,"119":1,"120":1,"121":1,"122":0,"123":1,"124":1,"125":0,"126":1,"127":1,"128":1,"129":1,"130":1,"131":1,"132":4,"133":1,"134":1,"135":0,"136":1,"137":1,"138":1,"139":0,"140":1,"141":1,"142":1,"143":1,"144":1,"145":0,"146":0,"147":0,"148":0,"149":0,"150":0,"151":0,"152":0,"153":0,"154":0,"155":0,"156":0,"157":0,"158":0,"159":0,"160":0,"161":0,"162":0,"163":0,"164":0,"165":0,"166":0,"167":0,"168":0,"169":0,"170":0,"171":0,"172":0,"173":0,"174":0,"175":0,"176":0,"177":0,"178":0,"179":1,"180":1,"181":1,"182":1,"183":1,"184":1,"185":1,"186":1,"187":1,"188":1,"189":1,"190":1,"191":0,"192":1,"193":10,"194":10,"195":0,"196":0,"197":1,"198":1,"199":1,"200":0,"201":1,"202":0,"203":1,"204":1,"205":1,"206":1,"207":0,"208":0,"209":0,"210":0,"211":0,"212":0,"213":0,"214":0,"215":0,"216":0,"217":0,"218":0,"219":0,"220":0,"221":0,"222":0,"223":0,"224":0,"225":0,"226":0,"227":0,"228":0,"229":0,"230":0,"231":0,"232":0,"233":0,"234":0,"235":0,"236":0,"237":0,"238":0,"239":0,"240":0,"241":0,"242":0,"243":0,"244":0,"245":0,"246":0,"247":0,"248":0,"249":0,"250":0,"251":0,"252":0,"253":0,"254":0,"255":0,"256":0,"257":0,"258":0,"259":0,"260":0,"261":0,"262":0,"263":0,"264":0,"265":0,"266":0,"267":0,"268":0,"269":0,"270":1},"f":{"0":18,"1":18,"2":8,"3":0,"4":0,"5":15,"6":15,"7":120,"8":60,"9":2,"10":13,"11":3,"12":16,"13":6,"14":2,"15":2,"16":0,"17":0,"18":1,"19":0,"20":0,"21":0,"22":1,"23":10,"24":10,"25":0,"26":0,"27":0,"28":0,"29":0,"30":0,"31":0,"32":0,"33":0},"b":{"0":[0,8],"1":[15,0],"2":[15,105],"3":[0],"4":[2,0],"5":[13,0],"6":[0,0],"7":[0,0],"8":[0,0],"9":[0,0],"10":[1,2],"11":[8,8],"12":[0,2],"13":[0,2],"14":[0,2],"15":[0,2],"16":[0,2],"17":[2,0],"18":[0,2],"19":[0,2],"20":[2,2,2,2],"21":[0,1],"22":[0,1],"23":[0,1],"24":[0,1],"25":[0,1],"26":[1,1],"27":[1,0],"28":[4,0],"29":[1,0],"30":[0,1],"31":[0,1],"32":[1,1,1,1],"33":[0,0],"34":[0,0],"35":[0,0],"36":[0,0],"37":[0,0],"38":[0,0],"39":[0,0],"40":[0,0],"41":[0,0],"42":[0,0],"43":[0,0],"44":[0,0],"45":[0,1],"46":[0,1],"47":[1,0],"48":[0,1],"49":[1,0],"50":[0,0],"51":[0,0],"52":[0,0],"53":[0,0],"54":[0,0],"55":[0,0],"56":[0]},"_coverageSchema":"1a1c01bbd47fc00a2c39e90264f33305004495a9","hash":"18aaae2c2c1bbe085ff218e3d768527bae64a14f"}
,"E:\\cryptotribes\\server\\logger.js": {"path":"E:\\cryptotribes\\server\\logger.js","statementMap":{"0":{"start":{"line":1,"column":16},"end":{"line":1,"column":34}},"1":{"start":{"line":2,"column":13},"end":{"line":2,"column":28}},"2":{"start":{"line":3,"column":11},"end":{"line":3,"column":24}},"3":{"start":{"line":6,"column":16},"end":{"line":6,"column":47}},"4":{"start":{"line":7,"column":0},"end":{"line":9,"column":1}},"5":{"start":{"line":8,"column":4},"end":{"line":8,"column":47}},"6":{"start":{"line":12,"column":18},"end":{"line":26,"column":1}},"7":{"start":{"line":18,"column":18},"end":{"line":18,"column":69}},"8":{"start":{"line":20,"column":8},"end":{"line":22,"column":9}},"9":{"start":{"line":21,"column":12},"end":{"line":21,"column":50}},"10":{"start":{"line":24,"column":8},"end":{"line":24,"column":19}},"11":{"start":{"line":29,"column":15},"end":{"line":80,"column":2}},"12":{"start":{"line":59,"column":20},"end":{"line":59,"column":67}},"13":{"start":{"line":74,"column":20},"end":{"line":74,"column":70}},"14":{"start":{"line":83,"column":0},"end":{"line":104,"column":1}},"15":{"start":{"line":84,"column":4},"end":{"line":103,"column":8}},"16":{"start":{"line":89,"column":26},"end":{"line":89,"column":63}},"17":{"start":{"line":92,"column":16},"end":{"line":98,"column":17}},"18":{"start":{"line":93,"column":20},"end":{"line":93,"column":66}},"19":{"start":{"line":94,"column":23},"end":{"line":98,"column":17}},"20":{"start":{"line":95,"column":20},"end":{"line":95,"column":42}},"21":{"start":{"line":96,"column":23},"end":{"line":98,"column":17}},"22":{"start":{"line":97,"column":20},"end":{"line":97,"column":42}},"23":{"start":{"line":100,"column":16},"end":{"line":100,"column":27}},"24":{"start":{"line":108,"column":18},"end":{"line":108,"column":28}},"25":{"start":{"line":111,"column":4},"end":{"line":139,"column":7}},"26":{"start":{"line":112,"column":25},"end":{"line":112,"column":43}},"27":{"start":{"line":114,"column":24},"end":{"line":122,"column":9}},"28":{"start":{"line":125,"column":8},"end":{"line":127,"column":9}},"29":{"start":{"line":126,"column":12},"end":{"line":126,"column":48}},"30":{"start":{"line":130,"column":8},"end":{"line":138,"column":9}},"31":{"start":{"line":131,"column":12},"end":{"line":131,"column":50}},"32":{"start":{"line":132,"column":15},"end":{"line":138,"column":9}},"33":{"start":{"line":133,"column":12},"end":{"line":133,"column":49}},"34":{"start":{"line":134,"column":15},"end":{"line":138,"column":9}},"35":{"start":{"line":135,"column":12},"end":{"line":135,"column":49}},"36":{"start":{"line":137,"column":12},"end":{"line":137,"column":44}},"37":{"start":{"line":141,"column":4},"end":{"line":141,"column":11}},"38":{"start":{"line":145,"column":19},"end":{"line":241,"column":1}},"39":{"start":{"line":148,"column":8},"end":{"line":153,"column":11}},"40":{"start":{"line":157,"column":8},"end":{"line":162,"column":11}},"41":{"start":{"line":167,"column":8},"end":{"line":173,"column":11}},"42":{"start":{"line":177,"column":8},"end":{"line":184,"column":11}},"43":{"start":{"line":189,"column":8},"end":{"line":196,"column":11}},"44":{"start":{"line":200,"column":8},"end":{"line":207,"column":11}},"45":{"start":{"line":211,"column":8},"end":{"line":218,"column":11}},"46":{"start":{"line":223,"column":8},"end":{"line":229,"column":11}},"47":{"start":{"line":234,"column":8},"end":{"line":239,"column":11}},"48":{"start":{"line":244,"column":22},"end":{"line":288,"column":1}},"49":{"start":{"line":246,"column":8},"end":{"line":253,"column":11}},"50":{"start":{"line":257,"column":8},"end":{"line":264,"column":11}},"51":{"start":{"line":268,"column":8},"end":{"line":275,"column":11}},"52":{"start":{"line":279,"column":8},"end":{"line":286,"column":11}},"53":{"start":{"line":293,"column":8},"end":{"line":293,"column":32}},"54":{"start":{"line":297,"column":8},"end":{"line":297,"column":43}},"55":{"start":{"line":301,"column":22},"end":{"line":301,"column":44}},"56":{"start":{"line":302,"column":8},"end":{"line":305,"column":9}},"57":{"start":{"line":303,"column":12},"end":{"line":303,"column":72}},"58":{"start":{"line":304,"column":12},"end":{"line":304,"column":19}},"59":{"start":{"line":307,"column":25},"end":{"line":307,"column":43}},"60":{"start":{"line":308,"column":8},"end":{"line":308,"column":34}},"61":{"start":{"line":310,"column":8},"end":{"line":314,"column":11}},"62":{"start":{"line":317,"column":8},"end":{"line":323,"column":9}},"63":{"start":{"line":318,"column":12},"end":{"line":322,"column":15}},"64":{"start":{"line":325,"column":8},"end":{"line":325,"column":24}},"65":{"start":{"line":329,"column":20},"end":{"line":329,"column":44}},"66":{"start":{"line":333,"column":18},"end":{"line":333,"column":39}},"67":{"start":{"line":334,"column":18},"end":{"line":346,"column":5}},"68":{"start":{"line":348,"column":4},"end":{"line":348,"column":44}},"69":{"start":{"line":352,"column":0},"end":{"line":354,"column":1}},"70":{"start":{"line":353,"column":4},"end":{"line":353,"column":48}},"71":{"start":{"line":357,"column":0},"end":{"line":363,"column":3}},"72":{"start":{"line":358,"column":4},"end":{"line":358,"column":85}},"73":{"start":{"line":360,"column":4},"end":{"line":362,"column":13}},"74":{"start":{"line":361,"column":8},"end":{"line":361,"column":24}},"75":{"start":{"line":365,"column":0},"end":{"line":367,"column":3}},"76":{"start":{"line":366,"column":4},"end":{"line":366,"column":61}},"77":{"start":{"line":369,"column":0},"end":{"line":375,"column":2}}},"fnMap":{"0":{"name":"(anonymous_0)","decl":{"start":{"line":17,"column":26},"end":{"line":17,"column":27}},"loc":{"start":{"line":17,"column":74},"end":{"line":25,"column":5}},"line":17},"1":{"name":"(anonymous_1)","decl":{"start":{"line":58,"column":31},"end":{"line":58,"column":32}},"loc":{"start":{"line":58,"column":41},"end":{"line":60,"column":17}},"line":58},"2":{"name":"(anonymous_2)","decl":{"start":{"line":73,"column":31},"end":{"line":73,"column":32}},"loc":{"start":{"line":73,"column":41},"end":{"line":75,"column":17}},"line":73},"3":{"name":"(anonymous_3)","decl":{"start":{"line":88,"column":34},"end":{"line":88,"column":35}},"loc":{"start":{"line":88,"column":82},"end":{"line":101,"column":13}},"line":88},"4":{"name":"httpLogger","decl":{"start":{"line":107,"column":9},"end":{"line":107,"column":19}},"loc":{"start":{"line":107,"column":36},"end":{"line":142,"column":1}},"line":107},"5":{"name":"(anonymous_5)","decl":{"start":{"line":111,"column":21},"end":{"line":111,"column":22}},"loc":{"start":{"line":111,"column":27},"end":{"line":139,"column":5}},"line":111},"6":{"name":"(anonymous_6)","decl":{"start":{"line":147,"column":20},"end":{"line":147,"column":21}},"loc":{"start":{"line":147,"column":42},"end":{"line":154,"column":5}},"line":147},"7":{"name":"(anonymous_7)","decl":{"start":{"line":156,"column":15},"end":{"line":156,"column":16}},"loc":{"start":{"line":156,"column":37},"end":{"line":163,"column":5}},"line":156},"8":{"name":"(anonymous_8)","decl":{"start":{"line":166,"column":20},"end":{"line":166,"column":21}},"loc":{"start":{"line":166,"column":49},"end":{"line":174,"column":5}},"line":166},"9":{"name":"(anonymous_9)","decl":{"start":{"line":176,"column":22},"end":{"line":176,"column":23}},"loc":{"start":{"line":176,"column":66},"end":{"line":185,"column":5}},"line":176},"10":{"name":"(anonymous_10)","decl":{"start":{"line":188,"column":19},"end":{"line":188,"column":20}},"loc":{"start":{"line":188,"column":61},"end":{"line":197,"column":5}},"line":188},"11":{"name":"(anonymous_11)","decl":{"start":{"line":199,"column":16},"end":{"line":199,"column":17}},"loc":{"start":{"line":199,"column":68},"end":{"line":208,"column":5}},"line":199},"12":{"name":"(anonymous_12)","decl":{"start":{"line":210,"column":18},"end":{"line":210,"column":19}},"loc":{"start":{"line":210,"column":60},"end":{"line":219,"column":5}},"line":210},"13":{"name":"(anonymous_13)","decl":{"start":{"line":222,"column":18},"end":{"line":222,"column":19}},"loc":{"start":{"line":222,"column":45},"end":{"line":230,"column":5}},"line":222},"14":{"name":"(anonymous_14)","decl":{"start":{"line":233,"column":22},"end":{"line":233,"column":23}},"loc":{"start":{"line":233,"column":50},"end":{"line":240,"column":5}},"line":233},"15":{"name":"(anonymous_15)","decl":{"start":{"line":245,"column":22},"end":{"line":245,"column":23}},"loc":{"start":{"line":245,"column":60},"end":{"line":254,"column":5}},"line":245},"16":{"name":"(anonymous_16)","decl":{"start":{"line":256,"column":22},"end":{"line":256,"column":23}},"loc":{"start":{"line":256,"column":67},"end":{"line":265,"column":5}},"line":256},"17":{"name":"(anonymous_17)","decl":{"start":{"line":267,"column":19},"end":{"line":267,"column":20}},"loc":{"start":{"line":267,"column":57},"end":{"line":276,"column":5}},"line":267},"18":{"name":"(anonymous_18)","decl":{"start":{"line":278,"column":23},"end":{"line":278,"column":24}},"loc":{"start":{"line":278,"column":63},"end":{"line":287,"column":5}},"line":278},"19":{"name":"(anonymous_19)","decl":{"start":{"line":292,"column":4},"end":{"line":292,"column":5}},"loc":{"start":{"line":292,"column":18},"end":{"line":294,"column":5}},"line":292},"20":{"name":"(anonymous_20)","decl":{"start":{"line":296,"column":4},"end":{"line":296,"column":5}},"loc":{"start":{"line":296,"column":17},"end":{"line":298,"column":5}},"line":296},"21":{"name":"(anonymous_21)","decl":{"start":{"line":300,"column":4},"end":{"line":300,"column":5}},"loc":{"start":{"line":300,"column":30},"end":{"line":326,"column":5}},"line":300},"22":{"name":"logServerStats","decl":{"start":{"line":332,"column":15},"end":{"line":332,"column":29}},"loc":{"start":{"line":332,"column":32},"end":{"line":349,"column":1}},"line":332},"23":{"name":"(anonymous_23)","decl":{"start":{"line":357,"column":32},"end":{"line":357,"column":33}},"loc":{"start":{"line":357,"column":43},"end":{"line":363,"column":1}},"line":357},"24":{"name":"(anonymous_24)","decl":{"start":{"line":360,"column":15},"end":{"line":360,"column":16}},"loc":{"start":{"line":360,"column":21},"end":{"line":362,"column":5}},"line":360},"25":{"name":"(anonymous_25)","decl":{"start":{"line":365,"column":33},"end":{"line":365,"column":34}},"loc":{"start":{"line":365,"column":54},"end":{"line":367,"column":1}},"line":365}},"branchMap":{"0":{"loc":{"start":{"line":7,"column":0},"end":{"line":9,"column":1}},"type":"if","locations":[{"start":{"line":7,"column":0},"end":{"line":9,"column":1}},{"start":{},"end":{}}],"line":7},"1":{"loc":{"start":{"line":20,"column":8},"end":{"line":22,"column":9}},"type":"if","locations":[{"start":{"line":20,"column":8},"end":{"line":22,"column":9}},{"start":{},"end":{}}],"line":20},"2":{"loc":{"start":{"line":30,"column":11},"end":{"line":30,"column":42}},"type":"binary-expr","locations":[{"start":{"line":30,"column":11},"end":{"line":30,"column":32}},{"start":{"line":30,"column":36},"end":{"line":30,"column":42}}],"line":30},"3":{"loc":{"start":{"line":59,"column":27},"end":{"line":59,"column":66}},"type":"cond-expr","locations":[{"start":{"line":59,"column":54},"end":{"line":59,"column":58}},{"start":{"line":59,"column":61},"end":{"line":59,"column":66}}],"line":59},"4":{"loc":{"start":{"line":74,"column":27},"end":{"line":74,"column":69}},"type":"cond-expr","locations":[{"start":{"line":74,"column":57},"end":{"line":74,"column":61}},{"start":{"line":74,"column":64},"end":{"line":74,"column":69}}],"line":74},"5":{"loc":{"start":{"line":83,"column":0},"end":{"line":104,"column":1}},"type":"if","locations":[{"start":{"line":83,"column":0},"end":{"line":104,"column":1}},{"start":{},"end":{}}],"line":83},"6":{"loc":{"start":{"line":92,"column":16},"end":{"line":98,"column":17}},"type":"if","locations":[{"start":{"line":92,"column":16},"end":{"line":98,"column":17}},{"start":{"line":94,"column":23},"end":{"line":98,"column":17}}],"line":92},"7":{"loc":{"start":{"line":94,"column":23},"end":{"line":98,"column":17}},"type":"if","locations":[{"start":{"line":94,"column":23},"end":{"line":98,"column":17}},{"start":{"line":96,"column":23},"end":{"line":98,"column":17}}],"line":94},"8":{"loc":{"start":{"line":96,"column":23},"end":{"line":98,"column":17}},"type":"if","locations":[{"start":{"line":96,"column":23},"end":{"line":98,"column":17}},{"start":{},"end":{}}],"line":96},"9":{"loc":{"start":{"line":119,"column":16},"end":{"line":119,"column":54}},"type":"binary-expr","locations":[{"start":{"line":119,"column":16},"end":{"line":119,"column":22}},{"start":{"line":119,"column":26},"end":{"line":119,"column":54}}],"line":119},"10":{"loc":{"start":{"line":125,"column":8},"end":{"line":127,"column":9}},"type":"if","locations":[{"start":{"line":125,"column":8},"end":{"line":127,"column":9}},{"start":{},"end":{}}],"line":125},"11":{"loc":{"start":{"line":125,"column":12},"end":{"line":125,"column":45}},"type":"binary-expr","locations":[{"start":{"line":125,"column":12},"end":{"line":125,"column":23}},{"start":{"line":125,"column":27},"end":{"line":125,"column":45}}],"line":125},"12":{"loc":{"start":{"line":130,"column":8},"end":{"line":138,"column":9}},"type":"if","locations":[{"start":{"line":130,"column":8},"end":{"line":138,"column":9}},{"start":{"line":132,"column":15},"end":{"line":138,"column":9}}],"line":130},"13":{"loc":{"start":{"line":132,"column":15},"end":{"line":138,"column":9}},"type":"if","locations":[{"start":{"line":132,"column":15},"end":{"line":138,"column":9}},{"start":{"line":134,"column":15},"end":{"line":138,"column":9}}],"line":132},"14":{"loc":{"start":{"line":134,"column":15},"end":{"line":138,"column":9}},"type":"if","locations":[{"start":{"line":134,"column":15},"end":{"line":138,"column":9}},{"start":{"line":136,"column":15},"end":{"line":138,"column":9}}],"line":134},"15":{"loc":{"start":{"line":300,"column":15},"end":{"line":300,"column":28}},"type":"default-arg","locations":[{"start":{"line":300,"column":26},"end":{"line":300,"column":28}}],"line":300},"16":{"loc":{"start":{"line":302,"column":8},"end":{"line":305,"column":9}},"type":"if","locations":[{"start":{"line":302,"column":8},"end":{"line":305,"column":9}},{"start":{},"end":{}}],"line":302},"17":{"loc":{"start":{"line":317,"column":8},"end":{"line":323,"column":9}},"type":"if","locations":[{"start":{"line":317,"column":8},"end":{"line":323,"column":9}},{"start":{},"end":{}}],"line":317},"18":{"loc":{"start":{"line":352,"column":0},"end":{"line":354,"column":1}},"type":"if","locations":[{"start":{"line":352,"column":0},"end":{"line":354,"column":1}},{"start":{},"end":{}}],"line":352}},"s":{"0":1,"1":1,"2":1,"3":1,"4":1,"5":0,"6":1,"7":7,"8":7,"9":3,"10":7,"11":1,"12":4,"13":4,"14":1,"15":1,"16":4,"17":4,"18":0,"19":4,"20":1,"21":3,"22":0,"23":4,"24":0,"25":0,"26":0,"27":0,"28":0,"29":0,"30":0,"31":0,"32":0,"33":0,"34":0,"35":0,"36":0,"37":0,"38":1,"39":0,"40":0,"41":0,"42":0,"43":0,"44":0,"45":0,"46":0,"47":1,"48":1,"49":0,"50":0,"51":0,"52":0,"53":1,"54":0,"55":0,"56":0,"57":0,"58":0,"59":0,"60":0,"61":0,"62":0,"63":0,"64":0,"65":1,"66":0,"67":0,"68":0,"69":1,"70":0,"71":1,"72":0,"73":0,"74":0,"75":1,"76":0,"77":1},"f":{"0":7,"1":4,"2":4,"3":4,"4":0,"5":0,"6":0,"7":0,"8":0,"9":0,"10":0,"11":0,"12":0,"13":0,"14":1,"15":0,"16":0,"17":0,"18":0,"19":1,"20":0,"21":0,"22":0,"23":0,"24":0,"25":0},"b":{"0":[0,1],"1":[3,4],"2":[1,1],"3":[1,3],"4":[0,4],"5":[1,0],"6":[0,4],"7":[1,3],"8":[0,3],"9":[0,0],"10":[0,0],"11":[0,0],"12":[0,0],"13":[0,0],"14":[0,0],"15":[0],"16":[0,0],"17":[0,0],"18":[0,1]},"_coverageSchema":"1a1c01bbd47fc00a2c39e90264f33305004495a9","hash":"a6b8648ede71532c2709fc576304a1999111cf55"}
,"E:\\cryptotribes\\server\\payments.js": {"path":"E:\\cryptotribes\\server\\payments.js","statementMap":{"0":{"start":{"line":1,"column":15},"end":{"line":1,"column":32}},"1":{"start":{"line":2,"column":34},"end":{"line":2,"column":53}},"2":{"start":{"line":3,"column":16},"end":{"line":3,"column":44}},"3":{"start":{"line":4,"column":23},"end":{"line":4,"column":58}},"4":{"start":{"line":5,"column":18},"end":{"line":5,"column":48}},"5":{"start":{"line":6,"column":17},"end":{"line":6,"column":46}},"6":{"start":{"line":7,"column":13},"end":{"line":7,"column":38}},"7":{"start":{"line":10,"column":23},"end":{"line":33,"column":1}},"8":{"start":{"line":36,"column":25},"end":{"line":65,"column":1}},"9":{"start":{"line":69,"column":13},"end":{"line":69,"column":17}},"10":{"start":{"line":70,"column":0},"end":{"line":72,"column":1}},"11":{"start":{"line":71,"column":4},"end":{"line":71,"column":64}},"12":{"start":{"line":75,"column":4},"end":{"line":77,"column":5}},"13":{"start":{"line":76,"column":8},"end":{"line":76,"column":46}},"14":{"start":{"line":79,"column":16},"end":{"line":79,"column":43}},"15":{"start":{"line":80,"column":4},"end":{"line":82,"column":5}},"16":{"start":{"line":81,"column":8},"end":{"line":81,"column":42}},"17":{"start":{"line":84,"column":4},"end":{"line":132,"column":5}},"18":{"start":{"line":86,"column":24},"end":{"line":108,"column":10}},"19":{"start":{"line":111,"column":8},"end":{"line":120,"column":11}},"20":{"start":{"line":122,"column":8},"end":{"line":122,"column":100}},"21":{"start":{"line":124,"column":8},"end":{"line":127,"column":10}},"22":{"start":{"line":130,"column":8},"end":{"line":130,"column":90}},"23":{"start":{"line":131,"column":8},"end":{"line":131,"column":20}},"24":{"start":{"line":137,"column":16},"end":{"line":137,"column":47}},"25":{"start":{"line":140,"column":4},"end":{"line":149,"column":5}},"26":{"start":{"line":141,"column":8},"end":{"line":145,"column":10}},"27":{"start":{"line":147,"column":8},"end":{"line":147,"column":93}},"28":{"start":{"line":148,"column":8},"end":{"line":148,"column":69}},"29":{"start":{"line":152,"column":4},"end":{"line":166,"column":5}},"30":{"start":{"line":154,"column":28},"end":{"line":154,"column":45}},"31":{"start":{"line":155,"column":12},"end":{"line":160,"column":14}},"32":{"start":{"line":161,"column":12},"end":{"line":161,"column":18}},"33":{"start":{"line":164,"column":12},"end":{"line":164,"column":54}},"34":{"start":{"line":165,"column":12},"end":{"line":165,"column":18}},"35":{"start":{"line":168,"column":4},"end":{"line":168,"column":33}},"36":{"start":{"line":173,"column":14},"end":{"line":173,"column":30}},"37":{"start":{"line":176,"column":4},"end":{"line":178,"column":5}},"38":{"start":{"line":177,"column":8},"end":{"line":177,"column":54}},"39":{"start":{"line":180,"column":16},"end":{"line":180,"column":43}},"40":{"start":{"line":181,"column":4},"end":{"line":183,"column":5}},"41":{"start":{"line":182,"column":8},"end":{"line":182,"column":42}},"42":{"start":{"line":185,"column":4},"end":{"line":235,"column":5}},"43":{"start":{"line":187,"column":25},"end":{"line":205,"column":9}},"44":{"start":{"line":207,"column":24},"end":{"line":207,"column":37}},"45":{"start":{"line":210,"column":8},"end":{"line":220,"column":11}},"46":{"start":{"line":222,"column":8},"end":{"line":222,"column":85}},"47":{"start":{"line":224,"column":8},"end":{"line":230,"column":10}},"48":{"start":{"line":233,"column":8},"end":{"line":233,"column":90}},"49":{"start":{"line":234,"column":8},"end":{"line":234,"column":20}},"50":{"start":{"line":240,"column":22},"end":{"line":240,"column":54}},"51":{"start":{"line":241,"column":20},"end":{"line":241,"column":28}},"52":{"start":{"line":244,"column":17},"end":{"line":244,"column":82}},"53":{"start":{"line":245,"column":4},"end":{"line":245,"column":70}},"54":{"start":{"line":246,"column":32},"end":{"line":246,"column":50}},"55":{"start":{"line":248,"column":4},"end":{"line":251,"column":5}},"56":{"start":{"line":249,"column":8},"end":{"line":249,"column":57}},"57":{"start":{"line":250,"column":8},"end":{"line":250,"column":68}},"58":{"start":{"line":254,"column":4},"end":{"line":267,"column":5}},"59":{"start":{"line":255,"column":24},"end":{"line":255,"column":85}},"60":{"start":{"line":257,"column":8},"end":{"line":264,"column":9}},"61":{"start":{"line":258,"column":12},"end":{"line":263,"column":14}},"62":{"start":{"line":265,"column":11},"end":{"line":267,"column":5}},"63":{"start":{"line":266,"column":8},"end":{"line":266,"column":48}},"64":{"start":{"line":269,"column":4},"end":{"line":269,"column":33}},"65":{"start":{"line":276,"column":4},"end":{"line":308,"column":5}},"66":{"start":{"line":278,"column":24},"end":{"line":278,"column":101}},"67":{"start":{"line":280,"column":8},"end":{"line":283,"column":9}},"68":{"start":{"line":281,"column":12},"end":{"line":281,"column":72}},"69":{"start":{"line":282,"column":12},"end":{"line":282,"column":19}},"70":{"start":{"line":286,"column":8},"end":{"line":286,"column":118}},"71":{"start":{"line":289,"column":8},"end":{"line":289,"column":80}},"72":{"start":{"line":292,"column":8},"end":{"line":297,"column":11}},"73":{"start":{"line":299,"column":8},"end":{"line":299,"column":91}},"74":{"start":{"line":302,"column":8},"end":{"line":306,"column":11}},"75":{"start":{"line":307,"column":8},"end":{"line":307,"column":20}},"76":{"start":{"line":313,"column":4},"end":{"line":316,"column":6}},"77":{"start":{"line":318,"column":4},"end":{"line":318,"column":56}},"78":{"start":{"line":323,"column":4},"end":{"line":326,"column":16}},"79":{"start":{"line":332,"column":18},"end":{"line":332,"column":60}},"80":{"start":{"line":333,"column":33},"end":{"line":339,"column":6}},"81":{"start":{"line":341,"column":18},"end":{"line":341,"column":59}},"82":{"start":{"line":343,"column":19},"end":{"line":346,"column":5}},"83":{"start":{"line":348,"column":4},"end":{"line":350,"column":5}},"84":{"start":{"line":349,"column":8},"end":{"line":349,"column":61}},"85":{"start":{"line":352,"column":4},"end":{"line":354,"column":5}},"86":{"start":{"line":353,"column":8},"end":{"line":353,"column":59}},"87":{"start":{"line":356,"column":4},"end":{"line":356,"column":16}},"88":{"start":{"line":363,"column":16},"end":{"line":363,"column":26}},"89":{"start":{"line":364,"column":18},"end":{"line":371,"column":13}},"90":{"start":{"line":373,"column":4},"end":{"line":375,"column":5}},"91":{"start":{"line":374,"column":8},"end":{"line":374,"column":53}},"92":{"start":{"line":378,"column":17},"end":{"line":378,"column":81}},"93":{"start":{"line":380,"column":4},"end":{"line":382,"column":5}},"94":{"start":{"line":381,"column":8},"end":{"line":381,"column":61}},"95":{"start":{"line":384,"column":4},"end":{"line":401,"column":5}},"96":{"start":{"line":385,"column":8},"end":{"line":385,"column":86}},"97":{"start":{"line":386,"column":8},"end":{"line":386,"column":72}},"98":{"start":{"line":387,"column":8},"end":{"line":389,"column":9}},"99":{"start":{"line":388,"column":12},"end":{"line":388,"column":87}},"100":{"start":{"line":391,"column":8},"end":{"line":391,"column":86}},"101":{"start":{"line":393,"column":8},"end":{"line":397,"column":10}},"102":{"start":{"line":400,"column":8},"end":{"line":400,"column":20}},"103":{"start":{"line":405,"column":0},"end":{"line":417,"column":2}}},"fnMap":{"0":{"name":"createStripePayment","decl":{"start":{"line":74,"column":15},"end":{"line":74,"column":34}},"loc":{"start":{"line":74,"column":69},"end":{"line":133,"column":1}},"line":74},"1":{"name":"handleStripeWebhook","decl":{"start":{"line":136,"column":15},"end":{"line":136,"column":34}},"loc":{"start":{"line":136,"column":45},"end":{"line":169,"column":1}},"line":136},"2":{"name":"createCryptoPayment","decl":{"start":{"line":175,"column":15},"end":{"line":175,"column":34}},"loc":{"start":{"line":175,"column":80},"end":{"line":236,"column":1}},"line":175},"3":{"name":"handleCryptoWebhook","decl":{"start":{"line":239,"column":15},"end":{"line":239,"column":34}},"loc":{"start":{"line":239,"column":45},"end":{"line":270,"column":1}},"line":239},"4":{"name":"completePayment","decl":{"start":{"line":275,"column":15},"end":{"line":275,"column":30}},"loc":{"start":{"line":275,"column":72},"end":{"line":309,"column":1}},"line":275},"5":{"name":"cancelPayment","decl":{"start":{"line":312,"column":15},"end":{"line":312,"column":28}},"loc":{"start":{"line":312,"column":44},"end":{"line":319,"column":1}},"line":312},"6":{"name":"getUserPaymentHistory","decl":{"start":{"line":322,"column":15},"end":{"line":322,"column":36}},"loc":{"start":{"line":322,"column":45},"end":{"line":327,"column":1}},"line":322},"7":{"name":"checkPaymentLimits","decl":{"start":{"line":330,"column":15},"end":{"line":330,"column":33}},"loc":{"start":{"line":330,"column":42},"end":{"line":357,"column":1}},"line":330},"8":{"name":"applyPromoCode","decl":{"start":{"line":362,"column":15},"end":{"line":362,"column":29}},"loc":{"start":{"line":362,"column":44},"end":{"line":402,"column":1}},"line":362}},"branchMap":{"0":{"loc":{"start":{"line":70,"column":0},"end":{"line":72,"column":1}},"type":"if","locations":[{"start":{"line":70,"column":0},"end":{"line":72,"column":1}},{"start":{},"end":{}}],"line":70},"1":{"loc":{"start":{"line":75,"column":4},"end":{"line":77,"column":5}},"type":"if","locations":[{"start":{"line":75,"column":4},"end":{"line":77,"column":5}},{"start":{},"end":{}}],"line":75},"2":{"loc":{"start":{"line":80,"column":4},"end":{"line":82,"column":5}},"type":"if","locations":[{"start":{"line":80,"column":4},"end":{"line":82,"column":5}},{"start":{},"end":{}}],"line":80},"3":{"loc":{"start":{"line":152,"column":4},"end":{"line":166,"column":5}},"type":"switch","locations":[{"start":{"line":153,"column":8},"end":{"line":161,"column":18}},{"start":{"line":163,"column":8},"end":{"line":165,"column":18}}],"line":152},"4":{"loc":{"start":{"line":175,"column":54},"end":{"line":175,"column":78}},"type":"default-arg","locations":[{"start":{"line":175,"column":72},"end":{"line":175,"column":78}}],"line":175},"5":{"loc":{"start":{"line":176,"column":4},"end":{"line":178,"column":5}},"type":"if","locations":[{"start":{"line":176,"column":4},"end":{"line":178,"column":5}},{"start":{},"end":{}}],"line":176},"6":{"loc":{"start":{"line":181,"column":4},"end":{"line":183,"column":5}},"type":"if","locations":[{"start":{"line":181,"column":4},"end":{"line":183,"column":5}},{"start":{},"end":{}}],"line":181},"7":{"loc":{"start":{"line":248,"column":4},"end":{"line":251,"column":5}},"type":"if","locations":[{"start":{"line":248,"column":4},"end":{"line":251,"column":5}},{"start":{},"end":{}}],"line":248},"8":{"loc":{"start":{"line":254,"column":4},"end":{"line":267,"column":5}},"type":"if","locations":[{"start":{"line":254,"column":4},"end":{"line":267,"column":5}},{"start":{"line":265,"column":11},"end":{"line":267,"column":5}}],"line":254},"9":{"loc":{"start":{"line":257,"column":8},"end":{"line":264,"column":9}},"type":"if","locations":[{"start":{"line":257,"column":8},"end":{"line":264,"column":9}},{"start":{},"end":{}}],"line":257},"10":{"loc":{"start":{"line":265,"column":11},"end":{"line":267,"column":5}},"type":"if","locations":[{"start":{"line":265,"column":11},"end":{"line":267,"column":5}},{"start":{},"end":{}}],"line":265},"11":{"loc":{"start":{"line":265,"column":15},"end":{"line":265,"column":90}},"type":"binary-expr","locations":[{"start":{"line":265,"column":15},"end":{"line":265,"column":50}},{"start":{"line":265,"column":54},"end":{"line":265,"column":90}}],"line":265},"12":{"loc":{"start":{"line":280,"column":8},"end":{"line":283,"column":9}},"type":"if","locations":[{"start":{"line":280,"column":8},"end":{"line":283,"column":9}},{"start":{},"end":{}}],"line":280},"13":{"loc":{"start":{"line":341,"column":18},"end":{"line":341,"column":59}},"type":"cond-expr","locations":[{"start":{"line":341,"column":35},"end":{"line":341,"column":55}},{"start":{"line":341,"column":58},"end":{"line":341,"column":59}}],"line":341},"14":{"loc":{"start":{"line":348,"column":4},"end":{"line":350,"column":5}},"type":"if","locations":[{"start":{"line":348,"column":4},"end":{"line":350,"column":5}},{"start":{},"end":{}}],"line":348},"15":{"loc":{"start":{"line":352,"column":4},"end":{"line":354,"column":5}},"type":"if","locations":[{"start":{"line":352,"column":4},"end":{"line":354,"column":5}},{"start":{},"end":{}}],"line":352},"16":{"loc":{"start":{"line":373,"column":4},"end":{"line":375,"column":5}},"type":"if","locations":[{"start":{"line":373,"column":4},"end":{"line":375,"column":5}},{"start":{},"end":{}}],"line":373},"17":{"loc":{"start":{"line":380,"column":4},"end":{"line":382,"column":5}},"type":"if","locations":[{"start":{"line":380,"column":4},"end":{"line":382,"column":5}},{"start":{},"end":{}}],"line":380},"18":{"loc":{"start":{"line":387,"column":8},"end":{"line":389,"column":9}},"type":"if","locations":[{"start":{"line":387,"column":8},"end":{"line":389,"column":9}},{"start":{},"end":{}}],"line":387},"19":{"loc":{"start":{"line":396,"column":21},"end":{"line":396,"column":70}},"type":"binary-expr","locations":[{"start":{"line":396,"column":21},"end":{"line":396,"column":38}},{"start":{"line":396,"column":42},"end":{"line":396,"column":70}}],"line":396}},"s":{"0":0,"1":0,"2":0,"3":0,"4":0,"5":0,"6":0,"7":0,"8":0,"9":0,"10":0,"11":0,"12":0,"13":0,"14":0,"15":0,"16":0,"17":0,"18":0,"19":0,"20":0,"21":0,"22":0,"23":0,"24":0,"25":0,"26":0,"27":0,"28":0,"29":0,"30":0,"31":0,"32":0,"33":0,"34":0,"35":0,"36":0,"37":0,"38":0,"39":0,"40":0,"41":0,"42":0,"43":0,"44":0,"45":0,"46":0,"47":0,"48":0,"49":0,"50":0,"51":0,"52":0,"53":0,"54":0,"55":0,"56":0,"57":0,"58":0,"59":0,"60":0,"61":0,"62":0,"63":0,"64":0,"65":0,"66":0,"67":0,"68":0,"69":0,"70":0,"71":0,"72":0,"73":0,"74":0,"75":0,"76":0,"77":0,"78":0,"79":0,"80":0,"81":0,"82":0,"83":0,"84":0,"85":0,"86":0,"87":0,"88":0,"89":0,"90":0,"91":0,"92":0,"93":0,"94":0,"95":0,"96":0,"97":0,"98":0,"99":0,"100":0,"101":0,"102":0,"103":0},"f":{"0":0,"1":0,"2":0,"3":0,"4":0,"5":0,"6":0,"7":0,"8":0},"b":{"0":[0,0],"1":[0,0],"2":[0,0],"3":[0,0],"4":[0],"5":[0,0],"6":[0,0],"7":[0,0],"8":[0,0],"9":[0,0],"10":[0,0],"11":[0,0],"12":[0,0],"13":[0,0],"14":[0,0],"15":[0,0],"16":[0,0],"17":[0,0],"18":[0,0],"19":[0,0]}}
,"E:\\cryptotribes\\server\\securityMiddlewares.js": {"path":"E:\\cryptotribes\\server\\securityMiddlewares.js","statementMap":{"0":{"start":{"line":3,"column":18},"end":{"line":3,"column":47}},"1":{"start":{"line":4,"column":15},"end":{"line":4,"column":32}},"2":{"start":{"line":5,"column":22},"end":{"line":5,"column":55}},"3":{"start":{"line":6,"column":12},"end":{"line":6,"column":32}},"4":{"start":{"line":7,"column":12},"end":{"line":7,"column":26}},"5":{"start":{"line":8,"column":19},"end":{"line":8,"column":38}},"6":{"start":{"line":11,"column":23},"end":{"line":25,"column":2}},"7":{"start":{"line":18,"column":8},"end":{"line":22,"column":11}},"8":{"start":{"line":23,"column":8},"end":{"line":23,"column":66}},"9":{"start":{"line":28,"column":20},"end":{"line":40,"column":2}},"10":{"start":{"line":34,"column":8},"end":{"line":37,"column":11}},"11":{"start":{"line":38,"column":8},"end":{"line":38,"column":71}},"12":{"start":{"line":43,"column":20},"end":{"line":55,"column":2}},"13":{"start":{"line":48,"column":8},"end":{"line":52,"column":11}},"14":{"start":{"line":53,"column":8},"end":{"line":53,"column":67}},"15":{"start":{"line":58,"column":22},"end":{"line":70,"column":2}},"16":{"start":{"line":63,"column":8},"end":{"line":67,"column":11}},"17":{"start":{"line":68,"column":8},"end":{"line":68,"column":67}},"18":{"start":{"line":73,"column":21},"end":{"line":88,"column":2}},"19":{"start":{"line":92,"column":4},"end":{"line":92,"column":46}},"20":{"start":{"line":92,"column":34},"end":{"line":92,"column":46}},"21":{"start":{"line":94,"column":16},"end":{"line":100,"column":5}},"22":{"start":{"line":102,"column":4},"end":{"line":102,"column":49}},"23":{"start":{"line":102,"column":41},"end":{"line":102,"column":47}},"24":{"start":{"line":108,"column":4},"end":{"line":110,"column":5}},"25":{"start":{"line":109,"column":8},"end":{"line":109,"column":33}},"26":{"start":{"line":113,"column":4},"end":{"line":115,"column":5}},"27":{"start":{"line":114,"column":8},"end":{"line":114,"column":34}},"28":{"start":{"line":118,"column":4},"end":{"line":120,"column":5}},"29":{"start":{"line":119,"column":8},"end":{"line":119,"column":35}},"30":{"start":{"line":122,"column":4},"end":{"line":122,"column":11}},"31":{"start":{"line":126,"column":4},"end":{"line":142,"column":5}},"32":{"start":{"line":127,"column":8},"end":{"line":141,"column":9}},"33":{"start":{"line":129,"column":12},"end":{"line":129,"column":39}},"34":{"start":{"line":132,"column":12},"end":{"line":138,"column":13}},"35":{"start":{"line":133,"column":16},"end":{"line":136,"column":19}},"36":{"start":{"line":137,"column":16},"end":{"line":137,"column":58}},"37":{"start":{"line":139,"column":15},"end":{"line":141,"column":9}},"38":{"start":{"line":140,"column":12},"end":{"line":140,"column":37}},"39":{"start":{"line":146,"column":22},"end":{"line":146,"column":31}},"40":{"start":{"line":149,"column":0},"end":{"line":156,"column":19}},"41":{"start":{"line":150,"column":16},"end":{"line":150,"column":26}},"42":{"start":{"line":151,"column":4},"end":{"line":155,"column":5}},"43":{"start":{"line":152,"column":8},"end":{"line":154,"column":9}},"44":{"start":{"line":153,"column":12},"end":{"line":153,"column":38}},"45":{"start":{"line":160,"column":16},"end":{"line":160,"column":61}},"46":{"start":{"line":161,"column":21},"end":{"line":161,"column":75}},"47":{"start":{"line":164,"column":4},"end":{"line":166,"column":5}},"48":{"start":{"line":165,"column":8},"end":{"line":165,"column":27}},"49":{"start":{"line":169,"column":4},"end":{"line":178,"column":5}},"50":{"start":{"line":170,"column":8},"end":{"line":174,"column":11}},"51":{"start":{"line":175,"column":8},"end":{"line":177,"column":11}},"52":{"start":{"line":181,"column":4},"end":{"line":181,"column":28}},"53":{"start":{"line":182,"column":4},"end":{"line":182,"column":38}},"54":{"start":{"line":184,"column":4},"end":{"line":184,"column":11}},"55":{"start":{"line":189,"column":4},"end":{"line":189,"column":34}},"56":{"start":{"line":189,"column":27},"end":{"line":189,"column":34}},"57":{"start":{"line":190,"column":4},"end":{"line":190,"column":21}},"58":{"start":{"line":191,"column":4},"end":{"line":191,"column":38}},"59":{"start":{"line":192,"column":4},"end":{"line":192,"column":37}},"60":{"start":{"line":197,"column":4},"end":{"line":197,"column":21}},"61":{"start":{"line":197,"column":14},"end":{"line":197,"column":21}},"62":{"start":{"line":198,"column":4},"end":{"line":198,"column":30}},"63":{"start":{"line":202,"column":19},"end":{"line":268,"column":1}},"64":{"start":{"line":205,"column":8},"end":{"line":207,"column":9}},"65":{"start":{"line":206,"column":12},"end":{"line":206,"column":50}},"66":{"start":{"line":208,"column":8},"end":{"line":210,"column":9}},"67":{"start":{"line":209,"column":12},"end":{"line":209,"column":70}},"68":{"start":{"line":211,"column":8},"end":{"line":213,"column":9}},"69":{"start":{"line":212,"column":12},"end":{"line":212,"column":78}},"70":{"start":{"line":214,"column":8},"end":{"line":214,"column":20}},"71":{"start":{"line":219,"column":8},"end":{"line":221,"column":9}},"72":{"start":{"line":220,"column":12},"end":{"line":220,"column":39}},"73":{"start":{"line":222,"column":8},"end":{"line":224,"column":9}},"74":{"start":{"line":223,"column":12},"end":{"line":223,"column":59}},"75":{"start":{"line":225,"column":8},"end":{"line":227,"column":9}},"76":{"start":{"line":226,"column":12},"end":{"line":226,"column":44}},"77":{"start":{"line":228,"column":8},"end":{"line":228,"column":20}},"78":{"start":{"line":233,"column":8},"end":{"line":235,"column":9}},"79":{"start":{"line":234,"column":12},"end":{"line":234,"column":50}},"80":{"start":{"line":236,"column":8},"end":{"line":238,"column":9}},"81":{"start":{"line":237,"column":12},"end":{"line":237,"column":70}},"82":{"start":{"line":240,"column":8},"end":{"line":242,"column":9}},"83":{"start":{"line":241,"column":12},"end":{"line":241,"column":53}},"84":{"start":{"line":243,"column":8},"end":{"line":243,"column":20}},"85":{"start":{"line":248,"column":20},"end":{"line":248,"column":36}},"86":{"start":{"line":249,"column":8},"end":{"line":251,"column":9}},"87":{"start":{"line":250,"column":12},"end":{"line":250,"column":65}},"88":{"start":{"line":252,"column":8},"end":{"line":254,"column":9}},"89":{"start":{"line":253,"column":12},"end":{"line":253,"column":53}},"90":{"start":{"line":255,"column":8},"end":{"line":255,"column":20}},"91":{"start":{"line":260,"column":8},"end":{"line":262,"column":9}},"92":{"start":{"line":261,"column":12},"end":{"line":261,"column":35}},"93":{"start":{"line":263,"column":8},"end":{"line":265,"column":9}},"94":{"start":{"line":264,"column":12},"end":{"line":264,"column":40}},"95":{"start":{"line":266,"column":8},"end":{"line":266,"column":20}},"96":{"start":{"line":271,"column":27},"end":{"line":277,"column":1}},"97":{"start":{"line":279,"column":0},"end":{"line":290,"column":2}}},"fnMap":{"0":{"name":"(anonymous_0)","decl":{"start":{"line":17,"column":13},"end":{"line":17,"column":14}},"loc":{"start":{"line":17,"column":27},"end":{"line":24,"column":5}},"line":17},"1":{"name":"(anonymous_1)","decl":{"start":{"line":33,"column":13},"end":{"line":33,"column":14}},"loc":{"start":{"line":33,"column":27},"end":{"line":39,"column":5}},"line":33},"2":{"name":"(anonymous_2)","decl":{"start":{"line":47,"column":13},"end":{"line":47,"column":14}},"loc":{"start":{"line":47,"column":27},"end":{"line":54,"column":5}},"line":47},"3":{"name":"(anonymous_3)","decl":{"start":{"line":62,"column":13},"end":{"line":62,"column":14}},"loc":{"start":{"line":62,"column":27},"end":{"line":69,"column":5}},"line":62},"4":{"name":"escapeHtml","decl":{"start":{"line":91,"column":9},"end":{"line":91,"column":19}},"loc":{"start":{"line":91,"column":26},"end":{"line":103,"column":1}},"line":91},"5":{"name":"(anonymous_5)","decl":{"start":{"line":102,"column":36},"end":{"line":102,"column":37}},"loc":{"start":{"line":102,"column":41},"end":{"line":102,"column":47}},"line":102},"6":{"name":"sanitizeInput","decl":{"start":{"line":106,"column":9},"end":{"line":106,"column":22}},"loc":{"start":{"line":106,"column":39},"end":{"line":123,"column":1}},"line":106},"7":{"name":"sanitizeObject","decl":{"start":{"line":125,"column":9},"end":{"line":125,"column":23}},"loc":{"start":{"line":125,"column":29},"end":{"line":143,"column":1}},"line":125},"8":{"name":"(anonymous_8)","decl":{"start":{"line":149,"column":12},"end":{"line":149,"column":13}},"loc":{"start":{"line":149,"column":18},"end":{"line":156,"column":1}},"line":149},"9":{"name":"bruteForceProtection","decl":{"start":{"line":159,"column":9},"end"
[...]
,"E:\\cryptotribes\\server\\utils\\monitoring.js": {"path":"E:\\cryptotribes\\server\\utils\\monitoring.js","statementMap":{"0":{"start":{"line":1,"column":32},"end":{"line":1,"column":52}},"1":{"start":{"line":5,"column":8},"end":{"line":9,"column":10}},"2":{"start":{"line":12,"column":8},"end":{"line":12,"column":58}},"3":{"start":{"line":12,"column":26},"end":{"line":12,"column":40}},"4":{"start":{"line":17,"column":20},"end":{"line":17,"column":39}},"5":{"start":{"line":18,"column":23},"end":{"line":24,"column":9}},"6":{"start":{"line":26,"column":8},"end":{"line":26,"column":23}},"7":{"start":{"line":27,"column":8},"end":{"line":27,"column":41}},"8":{"start":{"line":28,"column":8},"end":{"line":28,"column":65}},"9":{"start":{"line":29,"column":8},"end":{"line":29,"column":68}},"10":{"start":{"line":31,"column":8},"end":{"line":33,"column":9}},"11":{"start":{"line":32,"column":12},"end":{"line":32,"column":28}},"12":{"start":{"line":35,"column":8},"end":{"line":35,"column":47}},"13":{"start":{"line":40,"column":20},"end":{"line":40,"column":48}},"14":{"start":{"line":41,"column":23},"end":{"line":46,"column":9}},"15":{"start":{"line":48,"column":8},"end":{"line":48,"column":23}},"16":{"start":{"line":49,"column":8},"end":{"line":49,"column":41}},"17":{"start":{"line":50,"column":8},"end":{"line":50,"column":65}},"18":{"start":{"line":51,"column":8},"end":{"line":51,"column":68}},"19":{"start":{"line":53,"column":8},"end":{"line":53,"column":47}},"20":{"start":{"line":58,"column":23},"end":{"line":65,"column":9}},"21":{"start":{"line":68,"column":8},"end":{"line":70,"column":9}},"22":{"start":{"line":69,"column":12},"end":{"line":69,"column":41}},"23":{"start":{"line":72,"column":8},"end":{"line":74,"column":9}},"24":{"start":{"line":73,"column":12},"end":{"line":73,"column":41}},"25":{"start":{"line":76,"column":8},"end":{"line":78,"column":9}},"26":{"start":{"line":77,"column":12},"end":{"line":77,"column":41}},"27":{"start":{"line":80,"column":8},"end":{"line":80,"column":22}},"28":{"start":{"line":86,"column":23},"end":{"line":86,"column":39}},"29":{"start":{"line":87,"column":8},"end":{"line":87,"column":60}},"30":{"start":{"line":90,"column":8},"end":{"line":90,"column":38}},"31":{"start":{"line":91,"column":8},"end":{"line":91,"column":38}},"32":{"start":{"line":92,"column":8},"end":{"line":92,"column":38}},"33":{"start":{"line":97,"column":8},"end":{"line":120,"column":10}},"34":{"start":{"line":98,"column":26},"end":{"line":98,"column":36}},"35":{"start":{"line":101,"column":32},"end":{"line":101,"column":39}},"36":{"start":{"line":102,"column":12},"end":{"line":117,"column":14}},"37":{"start":{"line":103,"column":33},"end":{"line":103,"column":51}},"38":{"start":{"line":104,"column":16},"end":{"line":104,"column":102}},"39":{"start":{"line":107,"column":16},"end":{"line":114,"column":17}},"40":{"start":{"line":108,"column":20},"end":{"line":113,"column":23}},"41":{"start":{"line":116,"column":16},"end":{"line":116,"column":45}},"42":{"start":{"line":119,"column":12},"end":{"line":119,"column":19}},"43":{"start":{"line":125,"column":27},"end":{"line":125,"column":51}},"44":{"start":{"line":128,"column":17},"end":{"line":128,"column":36}},"45":{"start":{"line":129,"column":21},"end":{"line":129,"column":50}},"46":{"start":{"line":131,"column":0},"end":{"line":165,"column":2}},"47":{"start":{"line":132,"column":18},"end":{"line":132,"column":28}},"48":{"start":{"line":133,"column":23},"end":{"line":133,"column":65}},"49":{"start":{"line":134,"column":22},"end":{"line":134,"column":42}},"50":{"start":{"line":136,"column":19},"end":{"line":136,"column":49}},"51":{"start":{"line":139,"column":4},"end":{"line":162,"column":5}},"52":{"start":{"line":140,"column":8},"end":{"line":161,"column":10}},"53":{"start":{"line":142,"column":33},"end":{"line":142,"column":51}},"54":{"start":{"line":143,"column":16},"end":{"line":143,"column":83}},"55":{"start":{"line":145,"column":16},"end":{"line":152,"column":17}},"56":{"start":{"line":146,"column":20},"end":{"line":151,"column":23}},"57":{"start":{"line":154,"column":16},"end":{"line":154,"column":29}},"58":{"start":{"line":157,"column":33},"end":{"line":157,"column":51}},"59":{"start":{"line":158,"column":16},"end":{"line":158,"column":83}},"60":{"start":{"line":159,"column":16},"end":{"line":159,"column":28}},"61":{"start":{"line":164,"column":4},"end":{"line":164,"column":18}},"62":{"start":{"line":169,"column":4},"end":{"line":179,"column":7}},"63":{"start":{"line":171,"column":29},"end":{"line":171,"column":59}},"64":{"start":{"line":173,"column":8},"end":{"line":175,"column":9}},"65":{"start":{"line":174,"column":12},"end":{"line":174,"column":68}},"66":{"start":{"line":177,"column":23},"end":{"line":177,"column":53}},"67":{"start":{"line":178,"column":8},"end":{"line":178,"column":25}},"68":{"start":{"line":182,"column":0},"end":{"line":185,"column":2}}},"fnMap":{"0":{"name":"(anonymous_0)","decl":{"start":{"line":4,"column":4},"end":{"line":4,"column":5}},"loc":{"start":{"line":4,"column":18},"end":{"line":13,"column":5}},"line":4},"1":{"name":"(anonymous_1)","decl":{"start":{"line":12,"column":20},"end":{"line":12,"column":21}},"loc":{"start":{"line":12,"column":26},"end":{"line":12,"column":40}},"line":12},"2":{"name":"(anonymous_2)","decl":{"start":{"line":16,"column":4},"end":{"line":16,"column":5}},"loc":{"start":{"line":16,"column":54},"end":{"line":36,"column":5}},"line":16},"3":{"name":"(anonymous_3)","decl":{"start":{"line":39,"column":4},"end":{"line":39,"column":5}},"loc":{"start":{"line":39,"column":52},"end":{"line":54,"column":5}},"line":39},"4":{"name":"(anonymous_4)","decl":{"start":{"line":57,"column":4},"end":{"line":57,"column":5}},"loc":{"start":{"line":57,"column":16},"end":{"line":81,"column":5}},"line":57},"5":{"name":"(anonymous_5)","decl":{"start":{"line":84,"column":4},"end":{"line":84,"column":5}},"loc":{"start":{"line":84,"column":14},"end":{"line":93,"column":5}},"line":84},"6":{"name":"(anonymous_6)","decl":{"start":{"line":96,"column":4},"end":{"line":96,"column":5}},"loc":{"start":{"line":96,"column":17},"end":{"line":121,"column":5}},"line":96},"7":{"name":"(anonymous_7)","decl":{"start":{"line":97,"column":15},"end":{"line":97,"column":16}},"loc":{"start":{"line":97,"column":35},"end":{"line":120,"column":9}},"line":97},"8":{"name":"(anonymous_8)","decl":{"start":{"line":102,"column":22},"end":{"line":102,"column":23}},"loc":{"start":{"line":102,"column":35},"end":{"line":117,"column":13}},"line":102},"9":{"name":"(anonymous_9)","decl":{"start":{"line":131,"column":32},"end":{"line":131,"column":33}},"loc":{"start":{"line":131,"column":50},"end":{"line":165,"column":1}},"line":131},"10":{"name":"(anonymous_10)","decl":{"start":{"line":141,"column":12},"end":{"line":141,"column":13}},"loc":{"start":{"line":141,"column":23},"end":{"line":155,"column":13}},"line":141},"11":{"name":"(anonymous_11)","decl":{"start":{"line":156,"column":12},"end":{"line":156,"column":13}},"loc":{"start":{"line":156,"column":23},"end":{"line":160,"column":13}},"line":156},"12":{"name":"setupMetricsEndpoint","decl":{"start":{"line":168,"column":9},"end":{"line":168,"column":29}},"loc":{"start":{"line":168,"column":35},"end":{"line":180,"column":1}},"line":168},"13":{"name":"(anonymous_13)","decl":{"start":{"line":169,"column":28},"end":{"line":169,"column":29}},"loc":{"start":{"line":169,"column":42},"end":{"line":179,"column":5}},"line":169}},"branchMap":{"0":{"loc":{"start":{"line":18,"column":23},"end":{"line":24,"column":9}},"type":"binary-expr","locations":[{"start":{"line":18,"column":23},"end":{"line":18,"column":53}},{"start":{"line":18,"column":57},"end":{"line":24,"column":9}}],"line":18},"1":{"loc":{"start":{"line":31,"column":8},"end":{"line":33,"column":9}},"type":"if","locations":[{"start":{"line":31,"column":8},"end":{"line":33,"column":9}},{"start":{},"end":{}}],"line":31},"2":{"loc":{"start":{"line":41,"column":23},"end":{"line":46,"column":9}},"type":"binary-expr","locations":[{"start":{"line":41,"column":23},"end":{"line":41,"column":53}},{"start":{"line":41,"column":57},"end":{"line":46,"column":9}}],"line":41},"3":{"loc":{"start":{"line":104,"column":47},"end":{"line":104,"column":74}},"type":"binary-expr","locations":[{"start":{"line":104,"column":47},"end":{"line":104,"column":62}},{"start":{"line":104,"column":66},"end":{"line":104,"column":74}}],"line":104},"4":{"loc":{"start":{"line":107,"column":16},"end":{"line":114,"column":17}},"type":"if","locations":[{"start":{"line":107,"column":16},"end":{"line":114,"column":17}},{"start":{},"end":{}}],"line":107},"5":{"loc":{"start":{"line":133,"column":23},"end":{"line":133,"column":65}},"type":"binary-expr","locations":[{"start":{"line":133,"column":23},"end":{"line":133,"column":52}},{"start":{"line":133,"column":56},"end":{"line":133,"column":65}}],"line":133},"6":{"loc":{"start":{"line":134,"column":22},"end":{"line":134,"column":42}},"type":"binary-expr","locations":[{"start":{"line":134,"column":22},"end":{"line":134,"column":29}},{"start":{"line":134,"column":33},"end":{"line":134,"column":42}}],"line":134},"7":{"loc":{"start":{"line":139,"column":4},"end":{"line":162,"column":5}},"type":"if","locations":[{"start":{"line":139,"column":4},"end":{"line":162,"column":5}},{"start":{},"end":{}}],"line":139},"8":{"loc":{"start":{"line":139,"column":8},"end":{"line":139,"column":29}},"type":"binary-expr","locations":[{"start":{"line":139,"column":8},"end":{"line":139,"column":14}},{"start":{"line":139,"column":18},"end":{"line":139,"column":29}}],"line":139},"9":{"loc":{"start":{"line":145,"column":16},"end":{"line":152,"column":17}},"type":"if","locations":[{"start":{"line":145,"column":16},"end":{"line":152,"column":17}},{"start":{},"end":{}}],"line":145},"10":{"loc":{"start":{"line":173,"column":8},"end":{"line":175,"column":9}},"type":"if","locations":[{"start":{"line":173,"column":8},"end":{"line":175,"column":9}},{"start":{},"end":{}}],"line":173},"11":{"loc":{"start":{"line":173,"column":12},"end":{"line":173,"column":70}},"type":"binary-expr","locations":[{"start":{"line":173,"column":12},"end":{"line":173,"column":54}},{"start":{"line":173,"column":58},"end":{"line":173,"column":70}}],"line":173}},"s":{"0":0,"1":0,"2":0,"3":0,"4":0,"5":0,"6":0,"7":0,"8":0,"9":0,"10":0,"11":0,"12":0,"13":0,"14":0,"15":0,"16":0,"17":0,"18":0,"19":0,"20":0,"21":0,"22":0,"23":0,"24":0,"25":0,"26":0,"27":0,"28":0,"29":0,"30":0,"31":0,"32":0,"33":0,"34":0,"35":0,"36":0,"37":0,"38":0,"39":0,"40":0,"41":0,"42":0,"43":0,"44":0,"45":0,"46":0,"47":0,"48":0,"49":0,"50":0,"51":0,"52":0,"53":0,"54":0,"55":0,"56":0,"57":0,"58":0,"59":0,"60":0,"61":0,"62":0,"63":0,"64":0,"65":0,"66":0,"67":0,"68":0},"f":{"0":0,"1":0,"2":0,"3":0,"4":0,"5":0,"6":0,"7":0,"8":0,"9":0,"10":0,"11":0,"12":0,"13":0},"b":{"0":[0,0],"1":[0,0],"2":[0,0],"3":[0,0],"4":[0,0],"5":[0,0],"6":[0,0],"7":[0,0],"8":[0,0],"9":[0,0],"10":[0,0],"11":[0,0]}}
,"E:\\cryptotribes\\server\\utils\\validation.js": {"path":"E:\\cryptotribes\\server\\utils\\validation.js","statementMap":{"0":{"start":{"line":1,"column":17},"end":{"line":1,"column":36}},"1":{"start":{"line":2,"column":19},"end":{"line":2,"column":39}},"2":{"start":{"line":12,"column":4},"end":{"line":14,"column":5}},"3":{"start":{"line":13,"column":8},"end":{"line":13,"column":51}},"4":{"start":{"line":17,"column":4},"end":{"line":19,"column":5}},"5":{"start":{"line":18,"column":8},"end":{"line":18,"column":18}},"6":{"start":{"line":22,"column":4},"end":{"line":29,"column":5}},"7":{"start":{"line":23,"column":8},"end":{"line":27,"column":11}},"8":{"start":{"line":28,"column":8},"end":{"line":28,"column":53}},"9":{"start":{"line":31,"column":4},"end":{"line":35,"column":5}},"10":{"start":{"line":32,"column":8},"end":{"line":32,"column":47}},"11":{"start":{"line":34,"column":8},"end":{"line":34,"column":53}},"12":{"start":{"line":42,"column":4},"end":{"line":51,"column":6}},"13":{"start":{"line":43,"column":8},"end":{"line":50,"column":9}},"14":{"start":{"line":44,"column":23},"end":{"line":44,"column":44}},"15":{"start":{"line":45,"column":12},"end":{"line":45,"column":60}},"16":{"start":{"line":46,"column":12},"end":{"line":46,"column":81}},"17":{"start":{"line":47,"column":12},"end":{"line":47,"column":19}},"18":{"start":{"line":49,"column":12},"end":{"line":49,"column":59}},"19":{"start":{"line":58,"column":4},"end":{"line":75,"column":6}},"20":{"start":{"line":59,"column":8},"end":{"line":74,"column":9}},"21":{"start":{"line":60,"column":12},"end":{"line":60,"column":56}},"22":{"start":{"line":62,"column":12},"end":{"line":69,"column":13}},"23":{"start":{"line":63,"column":16},"end":{"line":68,"column":17}},"24":{"start":{"line":64,"column":20},"end":{"line":67,"column":22}},"25":{"start":{"line":71,"column":12},"end":{"line":71,"column":19}},"26":{"start":{"line":73,"column":12},"end":{"line":73,"column":59}},"27":{"start":{"line":82,"column":21},"end":{"line":82,"column":60}},"28":{"start":{"line":84,"column":4},"end":{"line":86,"column":5}},"29":{"start":{"line":85,"column":8},"end":{"line":85,"column":53}},"30":{"start":{"line":88,"column":20},"end":{"line":88,"column":57}},"31":{"start":{"line":89,"column":4},"end":{"line":96,"column":5}},"32":{"start":{"line":90,"column":8},"end":{"line":94,"column":11}},"33":{"start":{"line":95,"column":8},"end":{"line":95,"column":43}},"34":{"start":{"line":98,"column":4},"end":{"line":98,"column":20}},"35":{"start":{"line":101,"column":0},"end":{"line":106,"column":2}}},"fnMap":{"0":{"name":"validateAndConvertId","decl":{"start":{"line":11,"column":9},"end":{"line":11,"column":29}},"loc":{"start":{"line":11,"column":52},"end":{"line":36,"column":1}},"line":11},"1":{"name":"validateParamId","decl":{"start":{"line":41,"column":9},"end":{"line":41,"column":24}},"loc":{"start":{"line":41,"column":43},"end":{"line":52,"column":1}},"line":41},"2":{"name":"(anonymous_2)","decl":{"start":{"line":42,"column":11},"end":{"line":42,"column":12}},"loc":{"start":{"line":42,"column":31},"end":{"line":51,"column":5}},"line":42},"3":{"name":"validateBodyIds","decl":{"start":{"line":57,"column":9},"end":{"line":57,"column":24}},"loc":{"start":{"line":57,"column":40},"end":{"line":76,"column":1}},"line":57},"4":{"name":"(anonymous_4)","decl":{"start":{"line":58,"column":11},"end":{"line":58,"column":12}},"loc":{"start":{"line":58,"column":31},"end":{"line":75,"column":5}},"line":58},"5":{"name":"validateOwnership","decl":{"start":{"line":81,"column":15},"end":{"line":81,"column":32}},"loc":{"start":{"line":81,"column":85},"end":{"line":99,"column":1}},"line":81}},"branchMap":{"0":{"loc":{"start":{"line":11,"column":34},"end":{"line":11,"column":50}},"type":"default-arg","locations":[{"start":{"line":11,"column":46},"end":{"line":11,"column":50}}],"line":11},"1":{"loc":{"start":{"line":12,"column":4},"end":{"line":14,"column":5}},"type":"if","locations":[{"start":{"line":12,"column":4},"end":{"line":14,"column":5}},{"start":{},"end":{}}],"line":12},"2":{"loc":{"start":{"line":17,"column":4},"end":{"line":19,"column":5}},"type":"if","locations":[{"start":{"line":17,"column":4},"end":{"line":19,"column":5}},{"start":{},"end":{}}],"line":17},"3":{"loc":{"start":{"line":22,"column":4},"end":{"line":29,"column":5}},"type":"if","locations":[{"start":{"line":22,"column":4},"end":{"line":29,"column":5}},{"start":{},"end":{}}],"line":22},"4":{"loc":{"start":{"line":22,"column":8},"end":{"line":22,"column":70}},"type":"binary-expr","locations":[{"start":{"line":22,"column":8},"end":{"line":22,"column":30}},{"start":{"line":22,"column":34},"end":{"line":22,"column":70}}],"line":22},"5":{"loc":{"start":{"line":41,"column":25},"end":{"line":41,"column":41}},"type":"default-arg","locations":[{"start":{"line":41,"column":37},"end":{"line":41,"column":41}}],"line":41},"6":{"loc":{"start":{"line":45,"column":34},"end":{"line":45,"column":59}},"type":"binary-expr","locations":[{"start":{"line":45,"column":34},"end":{"line":45,"column":53}},{"start":{"line":45,"column":57},"end":{"line":45,"column":59}}],"line":45},"7":{"loc":{"start":{"line":60,"column":32},"end":{"line":60,"column":55}},"type":"binary-expr","locations":[{"start":{"line":60,"column":32},"end":{"line":60,"column":49}},{"start":{"line":60,"column":53},"end":{"line":60,"column":55}}],"line":60},"8":{"loc":{"start":{"line":63,"column":16},"end":{"line":68,"column":17}},"type":"if","locations":[{"start":{"line":63,"column":16},"end":{"line":68,"column":17}},{"start":{},"end":{}}],"line":63},"9":{"loc":{"start":{"line":81,"column":60},"end":{"line":81,"column":83}},"type":"default-arg","locations":[{"start":{"line":81,"column":75},"end":{"line":81,"column":83}}],"line":81},"10":{"loc":{"start":{"line":84,"column":4},"end":{"line":86,"column":5}},"type":"if","locations":[{"start":{"line":84,"column":4},"end":{"line":86,"column":5}},{"start":{},"end":{}}],"line":84},"11":{"loc":{"start":{"line":88,"column":20},"end":{"line":88,"column":57}},"type":"binary-expr","locations":[{"start":{"line":88,"column":20},"end":{"line":88,"column":36}},{"start":{"line":88,"column":40},"end":{"line":88,"column":57}}],"line":88},"12":{"loc":{"start":{"line":89,"column":4},"end":{"line":96,"column":5}},"type":"if","locations":[{"start":{"line":89,"column":4},"end":{"line":96,"column":5}},{"start":{},"end":{}}],"line":89},"13":{"loc":{"start":{"line":89,"column":8},"end":{"line":89,"column":60}},"type":"binary-expr","locations":[{"start":{"line":89,"column":8},"end":{"line":89,"column":16}},{"start":{"line":89,"column":20},"end":{"line":89,"column":60}}],"line":89}},"s":{"0":0,"1":0,"2":0,"3":0,"4":0,"5":0,"6":0,"7":0,"8":0,"9":0,"10":0,"11":0,"12":0,"13":0,"14":0,"15":0,"16":0,"17":0,"18":0,"19":0,"20":0,"21":0,"22":0,"23":0,"24":0,"25":0,"26":0,"27":0,"28":0,"29":0,"30":0,"31":0,"32":0,"33":0,"34":0,"35":0},"f":{"0":0,"1":0,"2":0,"3":0,"4":0,"5":0},"b":{"0":[0],"1":[0,0],"2":[0,0],"3":[0,0],"4":[0,0],"5":[0],"6":[0,0],"7":[0,0],"8":[0,0],"9":[0],"10":[0,0],"11":[0,0],"12":[0,0],"13":[0,0]}}
}
