TN:
SF:server\gamelogic.js
FN:27,calculateBuildingCost
FN:38,calculateBuildTime
FN:43,calculateProduction
FN:49,calculateWarehouseCapacity
FN:53,calculateDistance
FN:57,findFreePosition
FN:70,createVillage
FN:74,(anonymous_7)
FN:81,(anonymous_8)
FN:87,getVillage
FN:96,updateVillageResources
FN:180,getBuildings
FN:184,(anonymous_12)
FN:193,isValidObjectId
FN:197,upgradeBuilding
FN:226,getTroops
FN:229,(anonymous_16)
FN:240,trainTroops
FN:279,getWorldMap
FN:281,(anonymous_19)
FN:291,attackVillage
FN:353,updateAllVillagesResources
FN:380,processConstructionQueue
FN:389,processTrainingQueue
FN:398,processAttacks
FN:402,createTribe
FN:403,getTribes
FN:404,joinTribe
FN:405,speedUpAction
FN:411,generateBarbarianVillages
FNF:30
FNH:15
FNDA:10,calculateBuildingCost
FNDA:9,calculateBuildTime
FNDA:4,calculateProduction
FNDA:0,calculateWarehouseCapacity
FNDA:0,calculateDistance
FNDA:15,findFreePosition
FNDA:15,createVillage
FNDA:120,(anonymous_7)
FNDA:60,(anonymous_8)
FNDA:4,getVillage
FNDA:13,updateVillageResources
FNDA:2,getBuildings
FNDA:8,(anonymous_12)
FNDA:5,isValidObjectId
FNDA:2,upgradeBuilding
FNDA:0,getTroops
FNDA:0,(anonymous_16)
FNDA:1,trainTroops
FNDA:0,getWorldMap
FNDA:0,(anonymous_19)
FNDA:0,attackVillage
FNDA:1,updateAllVillagesResources
FNDA:0,processConstructionQueue
FNDA:0,processTrainingQueue
FNDA:0,processAttacks
FNDA:0,createTribe
FNDA:0,getTribes
FNDA:0,joinTribe
FNDA:0,speedUpAction
FNDA:0,generateBarbarianVillages
DA:1,1
DA:2,1
DA:3,1
DA:4,1
DA:5,1
DA:6,1
DA:9,1
DA:20,1
DA:28,10
DA:29,10
DA:30,10
DA:39,9
DA:40,9
DA:44,4
DA:45,4
DA:46,4
DA:50,0
DA:54,0
DA:58,15
DA:59,15
DA:60,15
DA:61,15
DA:62,15
DA:63,15
DA:64,15
DA:66,0
DA:71,15
DA:72,15
DA:74,120
DA:79,15
DA:81,60
DA:82,15
DA:84,15
DA:88,4
DA:89,4
DA:90,4
DA:91,4
DA:93,0
DA:97,13
DA:98,13
DA:99,13
DA:102,13
DA:103,13
DA:111,0
DA:112,0
DA:113,0
DA:114,0
DA:117,0
DA:118,0
DA:119,0
DA:120,0
DA:121,0
DA:123,0
DA:124,0
DA:129,0
DA:130,0
DA:131,0
DA:132,0
DA:134,0
DA:137,0
DA:138,0
DA:141,0
DA:149,0
DA:157,0
DA:158,0
DA:161,0
DA:169,0
DA:171,0
DA:181,2
DA:182,1
DA:183,1
DA:184,8
DA:194,5
DA:198,2
DA:199,2
DA:200,2
DA:201,2
DA:202,2
DA:203,2
DA:204,2
DA:205,2
DA:206,2
DA:207,2
DA:208,2
DA:209,2
DA:210,0
DA:213,2
DA:214,2
DA:215,1
DA:217,1
DA:220,1
DA:221,1
DA:222,1
DA:223,1
DA:227,0
DA:228,0
DA:229,0
DA:241,1
DA:242,1
DA:243,1
DA:244,1
DA:245,1
DA:246,1
DA:247,1
DA:248,1
DA:249,1
DA:251,1
DA:252,1
DA:253,1
DA:254,1
DA:255,1
DA:256,4
DA:258,1
DA:259,1
DA:260,1
DA:261,1
DA:267,1
DA:268,0
DA:270,1
DA:273,1
DA:274,1
DA:275,1
DA:276,1
DA:280,0
DA:281,0
DA:292,0
DA:293,0
DA:294,0
DA:295,0
DA:296,0
DA:297,0
DA:298,0
DA:301,0
DA:302,0
DA:304,0
DA:305,0
DA:306,0
DA:307,0
DA:310,0
DA:311,0
DA:312,0
DA:315,0
DA:316,0
DA:317,0
DA:318,0
DA:320,0
DA:321,0
DA:322,0
DA:323,0
DA:325,0
DA:334,0
DA:343,0
DA:350,0
DA:354,1
DA:355,1
DA:356,1
DA:357,1
DA:359,1
DA:360,1
DA:362,1
DA:363,10
DA:364,10
DA:365,10
DA:367,0
DA:368,0
DA:372,1
DA:373,1
DA:375,0
DA:376,0
DA:381,0
DA:382,0
DA:383,0
DA:384,0
DA:385,0
DA:390,0
DA:391,0
DA:392,0
DA:393,0
DA:394,0
DA:402,0
DA:403,0
DA:404,0
DA:405,0
DA:412,0
DA:413,0
DA:414,0
DA:415,0
DA:416,0
DA:422,0
DA:431,0
DA:436,0
DA:438,0
DA:441,0
DA:444,1
LF:194
LH:102
BRDA:45,0,0,0
BRDA:45,0,1,4
BRDA:64,1,0,15
BRDA:64,1,1,0
BRDA:77,2,0,15
BRDA:77,2,1,105
BRDA:87,3,0,0
BRDA:89,4,0,4
BRDA:89,4,1,0
BRDA:102,5,0,13
BRDA:102,5,1,0
BRDA:119,6,0,0
BRDA:119,6,1,0
BRDA:119,7,0,0
BRDA:119,7,1,0
BRDA:123,8,0,0
BRDA:123,8,1,0
BRDA:157,9,0,0
BRDA:157,9,1,0
BRDA:181,10,0,1
BRDA:181,10,1,1
BRDA:189,11,0,4
BRDA:189,11,1,4
BRDA:198,12,0,0
BRDA:198,12,1,2
BRDA:201,13,0,0
BRDA:201,13,1,2
BRDA:204,14,0,0
BRDA:204,14,1,2
BRDA:205,15,0,0
BRDA:205,15,1,2
BRDA:206,16,0,0
BRDA:206,16,1,2
BRDA:207,17,0,2
BRDA:207,17,1,0
BRDA:209,18,0,0
BRDA:209,18,1,2
BRDA:214,19,0,1
BRDA:214,19,1,1
BRDA:214,20,0,2
BRDA:214,20,1,1
BRDA:214,20,2,1
BRDA:214,20,3,1
BRDA:241,21,0,0
BRDA:241,21,1,1
BRDA:242,22,0,0
BRDA:242,22,1,1
BRDA:243,23,0,0
BRDA:243,23,1,1
BRDA:246,24,0,0
BRDA:246,24,1,1
BRDA:248,25,0,0
BRDA:248,25,1,1
BRDA:248,26,0,1
BRDA:248,26,1,1
BRDA:252,27,0,1
BRDA:252,27,1,0
BRDA:256,28,0,4
BRDA:256,28,1,0
BRDA:258,29,0,1
BRDA:258,29,1,0
BRDA:259,30,0,0
BRDA:259,30,1,1
BRDA:267,31,0,0
BRDA:267,31,1,1
BRDA:267,32,0,1
BRDA:267,32,1,1
BRDA:267,32,2,1
BRDA:267,32,3,1
BRDA:284,33,0,0
BRDA:284,33,1,0
BRDA:292,34,0,0
BRDA:292,34,1,0
BRDA:292,35,0,0
BRDA:292,35,1,0
BRDA:293,36,0,0
BRDA:293,36,1,0
BRDA:298,37,0,0
BRDA:298,37,1,0
BRDA:298,38,0,0
BRDA:298,38,1,0
BRDA:302,39,0,0
BRDA:302,39,1,0
BRDA:307,40,0,0
BRDA:307,40,1,0
BRDA:311,41,0,0
BRDA:311,41,1,0
BRDA:312,42,0,0
BRDA:312,42,1,0
BRDA:317,43,0,0
BRDA:317,43,1,0
BRDA:346,44,0,0
BRDA:346,44,1,0
BRDA:411,45,0,0
BRF:94
BRH:39
end_of_record
TN:
SF:server\logger.js
FN:17,(anonymous_0)
FN:58,(anonymous_1)
FN:73,(anonymous_2)
FN:88,(anonymous_3)
FN:107,httpLogger
FN:111,(anonymous_5)
FN:147,(anonymous_6)
FN:156,(anonymous_7)
FN:166,(anonymous_8)
FN:176,(anonymous_9)
FN:188,(anonymous_10)
FN:199,(anonymous_11)
FN:210,(anonymous_12)
FN:222,(anonymous_13)
FN:233,(anonymous_14)
FN:245,(anonymous_15)
FN:256,(anonymous_16)
FN:267,(anonymous_17)
FN:278,(anonymous_18)
FN:292,(anonymous_19)
FN:296,(anonymous_20)
FN:300,(anonymous_21)
FN:332,logServerStats
FN:357,(anonymous_23)
FN:360,(anonymous_24)
FN:365,(anonymous_25)
FNF:26
FNH:0
FNDA:0,(anonymous_0)
FNDA:0,(anonymous_1)
FNDA:0,(anonymous_2)
FNDA:0,(anonymous_3)
FNDA:0,httpLogger
FNDA:0,(anonymous_5)
FNDA:0,(anonymous_6)
FNDA:0,(anonymous_7)
FNDA:0,(anonymous_8)
FNDA:0,(anonymous_9)
FNDA:0,(anonymous_10)
FNDA:0,(anonymous_11)
FNDA:0,(anonymous_12)
FNDA:0,(anonymous_13)
FNDA:0,(anonymous_14)
FNDA:0,(anonymous_15)
FNDA:0,(anonymous_16)
FNDA:0,(anonymous_17)
FNDA:0,(anonymous_18)
FNDA:0,(anonymous_19)
FNDA:0,(anonymous_20)
FNDA:0,(anonymous_21)
FNDA:0,logServerStats
FNDA:0,(anonymous_23)
FNDA:0,(anonymous_24)
FNDA:0,(anonymous_25)
DA:1,0
DA:2,0
DA:3,0
DA:6,0
DA:7,0
DA:8,0
DA:12,0
DA:18,0
DA:20,0
DA:21,0
DA:24,0
DA:29,0
DA:59,0
DA:74,0
DA:83,0
DA:84,0
DA:89,0
DA:92,0
DA:93,0
DA:94,0
DA:95,0
DA:96,0
DA:97,0
DA:100,0
DA:108,0
DA:111,0
DA:112,0
DA:114,0
DA:125,0
DA:126,0
DA:130,0
DA:131,0
DA:132,0
DA:133,0
DA:134,0
DA:135,0
DA:137,0
DA:141,0
DA:145,0
DA:148,0
DA:157,0
DA:167,0
DA:177,0
DA:189,0
DA:200,0
DA:211,0
DA:223,0
DA:234,0
DA:244,0
DA:246,0
DA:257,0
DA:268,0
DA:279,0
DA:293,0
DA:297,0
DA:301,0
DA:302,0
DA:303,0
DA:304,0
DA:307,0
DA:308,0
DA:310,0
DA:317,0
DA:318,0
DA:325,0
DA:329,0
DA:333,0
DA:334,0
DA:348,0
DA:352,0
DA:353,0
DA:357,0
DA:358,0
DA:360,0
DA:361,0
DA:365,0
DA:366,0
DA:369,0
LF:78
LH:0
BRDA:7,0,0,0
BRDA:7,0,1,0
BRDA:20,1,0,0
BRDA:20,1,1,0
BRDA:30,2,0,0
BRDA:30,2,1,0
BRDA:59,3,0,0
BRDA:59,3,1,0
BRDA:74,4,0,0
BRDA:74,4,1,0
BRDA:83,5,0,0
BRDA:83,5,1,0
BRDA:92,6,0,0
BRDA:92,6,1,0
BRDA:94,7,0,0
BRDA:94,7,1,0
BRDA:96,8,0,0
BRDA:96,8,1,0
BRDA:119,9,0,0
BRDA:119,9,1,0
BRDA:125,10,0,0
BRDA:125,10,1,0
BRDA:125,11,0,0
BRDA:125,11,1,0
BRDA:130,12,0,0
BRDA:130,12,1,0
BRDA:132,13,0,0
BRDA:132,13,1,0
BRDA:134,14,0,0
BRDA:134,14,1,0
BRDA:300,15,0,0
BRDA:302,16,0,0
BRDA:302,16,1,0
BRDA:317,17,0,0
BRDA:317,17,1,0
BRDA:352,18,0,0
BRDA:352,18,1,0
BRF:37
BRH:0
end_of_record
TN:
SF:server\payments.js
FN:74,createStripePayment
FN:136,handleStripeWebhook
FN:175,createCryptoPayment
FN:239,handleCryptoWebhook
FN:275,completePayment
FN:312,cancelPayment
FN:322,getUserPaymentHistory
FN:330,checkPaymentLimits
FN:362,applyPromoCode
FNF:9
FNH:0
FNDA:0,createStripePayment
FNDA:0,handleStripeWebhook
FNDA:0,createCryptoPayment
FNDA:0,handleCryptoWebhook
FNDA:0,completePayment
FNDA:0,cancelPayment
FNDA:0,getUserPaymentHistory
FNDA:0,checkPaymentLimits
FNDA:0,applyPromoCode
DA:1,0
DA:2,0
DA:3,0
DA:4,0
DA:5,0
DA:6,0
DA:7,0
DA:10,0
DA:36,0
DA:69,0
DA:70,0
DA:71,0
DA:75,0
DA:76,0
DA:79,0
DA:80,0
DA:81,0
DA:84,0
DA:86,0
DA:111,0
DA:122,0
DA:124,0
DA:130,0
DA:131,0
DA:137,0
DA:140,0
DA:141,0
DA:147,0
DA:148,0
DA:152,0
DA:154,0
DA:155,0
DA:161,0
DA:164,0
DA:165,0
DA:168,0
DA:173,0
DA:176,0
DA:177,0
DA:180,0
DA:181,0
DA:182,0
DA:185,0
DA:187,0
DA:207,0
DA:210,0
DA:222,0
DA:224,0
DA:233,0
DA:234,0
DA:240,0
DA:241,0
DA:244,0
DA:245,0
DA:246,0
DA:248,0
DA:249,0
DA:250,0
DA:254,0
DA:255,0
DA:257,0
DA:258,0
DA:265,0
DA:266,0
DA:269,0
DA:276,0
DA:278,0
DA:280,0
DA:281,0
DA:282,0
DA:286,0
DA:289,0
DA:292,0
DA:299,0
DA:302,0
DA:307,0
DA:313,0
DA:318,0
DA:323,0
DA:332,0
DA:333,0
DA:341,0
DA:343,0
DA:348,0
DA:349,0
DA:352,0
DA:353,0
DA:356,0
DA:363,0
DA:364,0
DA:373,0
DA:374,0
DA:378,0
DA:380,0
DA:381,0
DA:384,0
DA:385,0
DA:386,0
DA:387,0
DA:388,0
DA:391,0
DA:393,0
DA:400,0
DA:405,0
DA:463,0
LF:105
LH:0
BRDA:70,0,0,0
BRDA:70,0,1,0
BRDA:75,1,0,0
BRDA:75,1,1,0
BRDA:80,2,0,0
BRDA:80,2,1,0
BRDA:152,3,0,0
BRDA:152,3,1,0
BRDA:175,4,0,0
BRDA:176,5,0,0
BRDA:176,5,1,0
BRDA:181,6,0,0
BRDA:181,6,1,0
BRDA:248,7,0,0
BRDA:248,7,1,0
BRDA:254,8,0,0
BRDA:254,8,1,0
BRDA:257,9,0,0
BRDA:257,9,1,0
BRDA:265,10,0,0
BRDA:265,10,1,0
BRDA:265,11,0,0
BRDA:265,11,1,0
BRDA:280,12,0,0
BRDA:280,12,1,0
BRDA:341,13,0,0
BRDA:341,13,1,0
BRDA:348,14,0,0
BRDA:348,14,1,0
BRDA:352,15,0,0
BRDA:352,15,1,0
BRDA:373,16,0,0
BRDA:373,16,1,0
BRDA:380,17,0,0
BRDA:380,17,1,0
BRDA:387,18,0,0
BRDA:387,18,1,0
BRDA:396,19,0,0
BRDA:396,19,1,0
BRF:39
BRH:0
end_of_record
TN:
SF:server\securityMiddlewares.js
FN:4,securityMiddleware
FN:10,generalLimiter
FN:15,authLimiter
FN:18,gameLimiter
FN:21,createLimiter
FN:24,bruteForceProtection
FN:27,incrementLoginAttempts
FN:28,resetLoginAttempts
FN:30,(anonymous_8)
FN:31,(anonymous_9)
FNF:10
FNH:0
FNDA:0,securityMiddleware
FNDA:0,generalLimiter
FNDA:0,authLimiter
FNDA:0,gameLimiter
FNDA:0,createLimiter
FNDA:0,bruteForceProtection
FNDA:0,incrementLoginAttempts
FNDA:0,resetLoginAttempts
FNDA:0,(anonymous_8)
FNDA:0,(anonymous_9)
DA:6,0
DA:12,0
DA:16,0
DA:19,0
DA:22,0
DA:25,0
DA:29,0
DA:30,0
DA:31,0
DA:34,0
LF:10
LH:0
BRDA:30,0,0,0
BRDA:30,0,1,0
BRDA:30,1,0,0
BRDA:30,1,1,0
BRDA:31,2,0,0
BRDA:31,2,1,0
BRDA:31,3,0,0
BRDA:31,3,1,0
BRF:8
BRH:0
end_of_record
TN:
SF:server\server.js
FN:71,requireAuth
FN:82,(anonymous_1)
FN:123,(anonymous_2)
FN:159,(anonymous_3)
FN:165,(anonymous_4)
FN:184,(anonymous_5)
FN:202,(anonymous_6)
FN:222,(anonymous_7)
FN:242,(anonymous_8)
FN:257,(anonymous_9)
FN:270,(anonymous_10)
FN:282,(anonymous_11)
FN:295,(anonymous_12)
FN:306,(anonymous_13)
FN:321,(anonymous_14)
FN:334,(anonymous_15)
FN:345,(anonymous_16)
FN:362,(anonymous_17)
FN:367,(anonymous_18)
FN:399,(anonymous_19)
FN:409,(anonymous_20)
FN:425,(anonymous_21)
FN:446,(anonymous_22)
FN:458,(anonymous_23)
FN:471,(anonymous_24)
FN:490,(anonymous_25)
FN:501,(anonymous_26)
FN:506,(anonymous_27)
FN:524,startServer
FN:525,(anonymous_29)
FN:557,(anonymous_30)
FN:585,(anonymous_31)
FN:588,(anonymous_32)
FNF:33
FNH:0
FNDA:0,requireAuth
FNDA:0,(anonymous_1)
FNDA:0,(anonymous_2)
FNDA:0,(anonymous_3)
FNDA:0,(anonymous_4)
FNDA:0,(anonymous_5)
FNDA:0,(anonymous_6)
FNDA:0,(anonymous_7)
FNDA:0,(anonymous_8)
FNDA:0,(anonymous_9)
FNDA:0,(anonymous_10)
FNDA:0,(anonymous_11)
FNDA:0,(anonymous_12)
FNDA:0,(anonymous_13)
FNDA:0,(anonymous_14)
FNDA:0,(anonymous_15)
FNDA:0,(anonymous_16)
FNDA:0,(anonymous_17)
FNDA:0,(anonymous_18)
FNDA:0,(anonymous_19)
FNDA:0,(anonymous_20)
FNDA:0,(anonymous_21)
FNDA:0,(anonymous_22)
FNDA:0,(anonymous_23)
FNDA:0,(anonymous_24)
FNDA:0,(anonymous_25)
FNDA:0,(anonymous_26)
FNDA:0,(anonymous_27)
FNDA:0,startServer
FNDA:0,(anonymous_29)
FNDA:0,(anonymous_30)
FNDA:0,(anonymous_31)
FNDA:0,(anonymous_32)
DA:1,0
DA:2,0
DA:3,0
DA:4,0
DA:5,0
DA:6,0
DA:7,0
DA:8,0
DA:9,0
DA:10,0
DA:11,0
DA:22,0
DA:32,0
DA:33,0
DA:35,0
DA:36,0
DA:39,0
DA:40,0
DA:41,0
DA:44,0
DA:45,0
DA:48,0
DA:49,0
DA:50,0
DA:51,0
DA:52,0
DA:53,0
DA:54,0
DA:57,0
DA:72,0
DA:73,0
DA:75,0
DA:76,0
DA:82,0
DA:83,0
DA:86,0
DA:87,0
DA:89,0
DA:90,0
DA:93,0
DA:94,0
DA:97,0
DA:98,0
DA:99,0
DA:100,0
DA:103,0
DA:105,0
DA:107,0
DA:109,0
DA:110,0
DA:111,0
DA:113,0
DA:115,0
DA:117,0
DA:118,0
DA:123,0
DA:124,0
DA:126,0
DA:127,0
DA:129,0
DA:130,0
DA:131,0
DA:134,0
DA:135,0
DA:136,0
DA:137,0
DA:140,0
DA:142,0
DA:143,0
DA:144,0
DA:146,0
DA:147,0
DA:149,0
DA:151,0
DA:153,0
DA:154,0
DA:159,0
DA:160,0
DA:161,0
DA:165,0
DA:166,0
DA:167,0
DA:168,0
DA:176,0
DA:177,0
DA:184,0
DA:185,0
DA:186,0
DA:187,0
DA:188,0
DA:189,0
DA:190,0
DA:192,0
DA:193,0
DA:196,0
DA:197,0
DA:202,0
DA:203,0
DA:204,0
DA:205,0
DA:206,0
DA:209,0
DA:210,0
DA:216,0
DA:217,0
DA:222,0
DA:223,0
DA:224,0
DA:225,0
DA:227,0
DA:228,0
DA:232,0
DA:234,0
DA:236,0
DA:237,0
DA:242,0
DA:243,0
DA:244,0
DA:245,0
DA:246,0
DA:248,0
DA:249,0
DA:250,0
DA:252,0
DA:257,0
DA:258,0
DA:260,0
DA:261,0
DA:262,0
DA:264,0
DA:265,0
DA:270,0
DA:271,0
DA:272,0
DA:273,0
DA:274,0
DA:276,0
DA:277,0
DA:282,0
DA:283,0
DA:285,0
DA:286,0
DA:287,0
DA:289,0
DA:290,0
DA:295,0
DA:296,0
DA:297,0
DA:298,0
DA:300,0
DA:301,0
DA:306,0
DA:307,0
DA:309,0
DA:310,0
DA:311,0
DA:313,0
DA:314,0
DA:321,0
DA:322,0
DA:324,0
DA:325,0
DA:326,0
DA:328,0
DA:329,0
DA:334,0
DA:335,0
DA:336,0
DA:337,0
DA:339,0
DA:340,0
DA:345,0
DA:346,0
DA:348,0
DA:349,0
DA:350,0
DA:352,0
DA:353,0
DA:362,0
DA:363,0
DA:367,0
DA:368,0
DA:370,0
DA:372,0
DA:375,0
DA:376,0
DA:377,0
DA:378,0
DA:379,0
DA:381,0
DA:384,0
DA:386,0
DA:387,0
DA:392,0
DA:396,0
DA:399,0
DA:400,0
DA:401,0
DA:402,0
DA:404,0
DA:409,0
DA:410,0
DA:412,0
DA:413,0
DA:416,0
DA:417,0
DA:418,0
DA:420,0
DA:425,0
DA:426,0
DA:428,0
DA:429,0
DA:430,0
DA:433,0
DA:434,0
DA:440,0
DA:441,0
DA:446,0
DA:447,0
DA:450,0
DA:458,0
DA:459,0
DA:461,0
DA:462,0
DA:463,0
DA:465,0
DA:466,0
DA:471,0
DA:472,0
DA:474,0
DA:475,0
DA:476,0
DA:478,0
DA:479,0
DA:480,0
DA:482,0
DA:483,0
DA:490,0
DA:491,0
DA:501,0
DA:502,0
DA:506,0
DA:507,0
DA:514,0
DA:525,0
DA:526,0
DA:527,0
DA:530,0
DA:531,0
DA:532,0
DA:535,0
DA:536,0
DA:537,0
DA:540,0
DA:541,0
DA:542,0
DA:545,0
DA:546,0
DA:547,0
DA:549,0
DA:552,0
DA:553,0
DA:557,0
DA:558,0
DA:575,0
DA:581,0
DA:585,0
DA:586,0
DA:587,0
DA:588,0
DA:589,0
DA:590,0
DA:591,0
DA:592,0
DA:593,0
DA:597,0
DA:600,0
DA:601,0
DA:604,0
LF:279
LH:0
BRDA:36,0,0,0
BRDA:36,0,1,0
BRDA:58,1,0,0
BRDA:58,1,1,0
BRDA:59,2,0,0
BRDA:59,2,1,0
BRDA:72,3,0,0
BRDA:72,3,1,0
BRDA:89,4,0,0
BRDA:89,4,1,0
BRDA:93,5,0,0
BRDA:93,5,1,0
BRDA:99,6,0,0
BRDA:99,6,1,0
BRDA:129,7,0,0
BRDA:129,7,1,0
BRDA:135,8,0,0
BRDA:135,8,1,0
BRDA:187,9,0,0
BRDA:187,9,1,0
BRDA:205,10,0,0
BRDA:205,10,1,0
BRDA:227,11,0,0
BRDA:227,11,1,0
BRDA:249,12,0,0
BRDA:249,12,1,0
BRDA:249,13,0,0
BRDA:249,13,1,0
BRDA:375,14,0,0
BRDA:375,14,1,0
BRDA:378,15,0,0
BRDA:378,15,1,0
BRDA:379,16,0,0
BRDA:379,16,1,0
BRDA:412,17,0,0
BRDA:412,17,1,0
BRDA:429,18,0,0
BRDA:429,18,1,0
BRDA:429,19,0,0
BRDA:429,19,1,0
BRDA:475,20,0,0
BRDA:475,20,1,0
BRDA:475,21,0,0
BRDA:475,21,1,0
BRDA:478,22,0,0
BRDA:478,22,1,0
BRDA:515,23,0,0
BRDA:515,23,1,0
BRDA:524,24,0,0
BRDA:565,25,0,0
BRDA:565,25,1,0
BRDA:570,26,0,0
BRDA:570,26,1,0
BRDA:571,27,0,0
BRDA:571,27,1,0
BRDA:577,28,0,0
BRDA:577,28,1,0
BRDA:586,29,0,0
BRDA:586,29,1,0
BRDA:592,30,0,0
BRDA:592,30,1,0
BRDA:600,31,0,0
BRDA:600,31,1,0
BRF:63
BRH:0
end_of_record
TN:
SF:server\controllers\userController.js
FN:3,(anonymous_0)
FN:12,(anonymous_1)
FNF:2
FNH:2
FNDA:6,(anonymous_0)
FNDA:1,(anonymous_1)
DA:1,1
DA:3,1
DA:4,6
DA:5,6
DA:6,0
DA:8,6
DA:12,1
DA:13,1
DA:14,1
DA:15,1
DA:17,0
LF:11
LH:9
BRF:0
BRH:0
end_of_record
TN:
SF:server\middlewares\validators.js
FN:6,(anonymous_0)
FN:16,(anonymous_1)
FNF:2
FNH:2
FNDA:6,(anonymous_0)
FNDA:3,(anonymous_1)
DA:1,1
DA:3,1
DA:7,6
DA:8,6
DA:9,6
DA:13,1
DA:17,3
DA:18,3
DA:19,1
LF:9
LH:9
BRDA:8,0,0,0
BRDA:8,0,1,6
BRDA:18,1,0,2
BRDA:18,1,1,1
BRF:4
BRH:3
end_of_record
TN:
SF:server\routes\userRoutes.js
FNF:0
FNH:0
DA:1,1
DA:2,1
DA:3,1
DA:4,1
DA:6,1
DA:7,1
DA:9,1
LF:7
LH:7
BRF:0
BRH:0
end_of_record
TN:
SF:server\services\userService.js
FN:5,(anonymous_0)
FN:28,(anonymous_1)
FNF:2
FNH:2
FNDA:6,(anonymous_0)
FNDA:1,(anonymous_1)
DA:1,1
DA:2,1
DA:3,1
DA:5,1
DA:6,6
DA:8,6
DA:9,6
DA:12,5
DA:15,5
DA:18,5
DA:21,0
DA:22,0
DA:23,0
DA:25,0
DA:28,1
DA:29,1
DA:30,1
DA:31,1
DA:32,1
DA:33,1
DA:34,1
DA:35,1
DA:36,1
DA:37,1
DA:38,1
DA:39,1
LF:26
LH:22
BRDA:9,0,0,1
BRDA:9,0,1,5
BRDA:31,1,0,0
BRDA:31,1,1,1
BRDA:33,2,0,0
BRDA:33,2,1,1
BRF:6
BRH:4
end_of_record
