TN:
SF:server\gamelogic.js
FN:29,calculateBuildingCost
FN:40,calculateBuildTime
FN:45,calculateProduction
FN:51,calculateWarehouseCapacity
FN:55,calculateDistance
FN:59,findFreePosition
FN:72,createVillage
FN:76,(anonymous_7)
FN:83,(anonymous_8)
FN:89,getVillage
FN:98,updateVillageResources
FN:182,getBuildings
FN:186,(anonymous_12)
FN:196,isValidObjectId
FN:200,upgradeBuilding
FN:201,(anonymous_15)
FN:271,getTroops
FN:274,(anonymous_17)
FN:286,trainTroops
FN:325,getWorldMap
FN:327,(anonymous_20)
FN:337,attackVillage
FN:399,updateAllVillagesResources
FN:424,(anonymous_23)
FN:426,(anonymous_24)
FN:429,(anonymous_25)
FN:471,processConstructionQueue
FN:525,processTrainingQueue
FN:585,processAttacks
FN:589,createTribe
FN:590,getTribes
FN:591,joinTribe
FN:592,speedUpAction
FN:598,generateBarbarianVillages
FNF:34
FNH:18
FNDA:18,calculateBuildingCost
FNDA:18,calculateBuildTime
FNDA:8,calculateProduction
FNDA:0,calculateWarehouseCapacity
FNDA:0,calculateDistance
FNDA:15,findFreePosition
FNDA:15,createVillage
FNDA:120,(anonymous_7)
FNDA:60,(anonymous_8)
FNDA:2,getVillage
FNDA:13,updateVillageResources
FNDA:3,getBuildings
FNDA:16,(anonymous_12)
FNDA:6,isValidObjectId
FNDA:2,upgradeBuilding
FNDA:2,(anonymous_15)
FNDA:0,getTroops
FNDA:0,(anonymous_17)
FNDA:1,trainTroops
FNDA:0,getWorldMap
FNDA:0,(anonymous_20)
FNDA:0,attackVillage
FNDA:1,updateAllVillagesResources
FNDA:10,(anonymous_23)
FNDA:10,(anonymous_24)
FNDA:0,(anonymous_25)
FNDA:0,processConstructionQueue
FNDA:0,processTrainingQueue
FNDA:0,processAttacks
FNDA:0,createTribe
FNDA:0,getTribes
FNDA:0,joinTribe
FNDA:0,speedUpAction
FNDA:0,generateBarbarianVillages
DA:1,1
DA:2,1
DA:3,1
DA:4,1
DA:5,1
DA:6,1
DA:7,1
DA:8,1
DA:11,1
DA:22,1
DA:30,18
DA:31,18
DA:32,18
DA:41,18
DA:42,18
DA:46,8
DA:47,8
DA:48,8
DA:52,0
DA:56,0
DA:60,15
DA:61,15
DA:62,15
DA:63,15
DA:64,15
DA:65,15
DA:66,15
DA:68,0
DA:73,15
DA:74,15
DA:76,120
DA:81,15
DA:83,60
DA:84,15
DA:86,15
DA:90,2
DA:91,2
DA:92,2
DA:93,2
DA:95,0
DA:99,13
DA:100,13
DA:101,13
DA:104,13
DA:105,13
DA:113,0
DA:114,0
DA:115,0
DA:116,0
DA:119,0
DA:120,0
DA:121,0
DA:122,0
DA:123,0
DA:125,0
DA:126,0
DA:131,0
DA:132,0
DA:133,0
DA:134,0
DA:136,0
DA:139,0
DA:140,0
DA:143,0
DA:151,0
DA:159,0
DA:160,0
DA:163,0
DA:171,0
DA:173,0
DA:183,3
DA:184,2
DA:185,2
DA:186,16
DA:197,6
DA:201,2
DA:202,2
DA:203,2
DA:206,2
DA:207,2
DA:209,2
DA:210,2
DA:215,2
DA:216,2
DA:217,2
DA:219,2
DA:220,2
DA:225,2
DA:226,0
DA:230,2
DA:231,2
DA:233,0
DA:237,2
DA:250,2
DA:251,2
DA:254,2
DA:263,2
DA:272,0
DA:273,0
DA:274,0
DA:287,1
DA:288,1
DA:289,1
DA:290,1
DA:291,1
DA:292,1
DA:293,1
DA:294,1
DA:295,1
DA:297,1
DA:298,1
DA:299,1
DA:300,1
DA:301,1
DA:302,4
DA:304,1
DA:305,1
DA:306,1
DA:307,1
DA:313,1
DA:314,0
DA:316,1
DA:319,1
DA:320,1
DA:321,1
DA:322,1
DA:326,0
DA:327,0
DA:338,0
DA:339,0
DA:340,0
DA:341,0
DA:342,0
DA:343,0
DA:344,0
DA:347,0
DA:348,0
DA:350,0
DA:351,0
DA:352,0
DA:353,0
DA:356,0
DA:357,0
DA:358,0
DA:361,0
DA:362,0
DA:363,0
DA:364,0
DA:366,0
DA:367,0
DA:368,0
DA:369,0
DA:371,0
DA:380,0
DA:389,0
DA:396,0
DA:400,1
DA:401,1
DA:403,1
DA:404,1
DA:407,1
DA:408,1
DA:410,1
DA:411,1
DA:412,1
DA:415,1
DA:416,1
DA:421,1
DA:424,1
DA:425,10
DA:427,10
DA:430,0
DA:431,0
DA:436,1
DA:438,1
DA:441,1
DA:442,0
DA:446,1
DA:447,0
DA:451,1
DA:453,1
DA:461,1
DA:463,1
DA:466,0
DA:467,0
DA:472,0
DA:473,0
DA:475,0
DA:476,0
DA:477,0
DA:479,0
DA:480,0
DA:488,0
DA:491,0
DA:492,0
DA:493,0
DA:502,0
DA:507,0
DA:509,0
DA:513,0
DA:516,0
DA:517,0
DA:521,0
DA:526,0
DA:527,0
DA:529,0
DA:530,0
DA:531,0
DA:533,0
DA:534,0
DA:541,0
DA:544,0
DA:545,0
DA:547,0
DA:548,0
DA:549,0
DA:550,0
DA:554,0
DA:555,0
DA:557,0
DA:558,0
DA:562,0
DA:564,0
DA:569,0
DA:570,0
DA:573,0
DA:576,0
DA:577,0
DA:581,0
DA:589,0
DA:590,0
DA:591,0
DA:592,0
DA:599,0
DA:600,0
DA:601,0
DA:602,0
DA:603,0
DA:609,0
DA:618,0
DA:623,0
DA:625,0
DA:628,0
DA:631,1
LF:244
LH:115
BRDA:47,0,0,0
BRDA:47,0,1,8
BRDA:66,1,0,15
BRDA:66,1,1,0
BRDA:79,2,0,15
BRDA:79,2,1,105
BRDA:89,3,0,0
BRDA:91,4,0,2
BRDA:91,4,1,0
BRDA:104,5,0,13
BRDA:104,5,1,0
BRDA:121,6,0,0
BRDA:121,6,1,0
BRDA:121,7,0,0
BRDA:121,7,1,0
BRDA:125,8,0,0
BRDA:125,8,1,0
BRDA:159,9,0,0
BRDA:159,9,1,0
BRDA:183,10,0,1
BRDA:183,10,1,2
BRDA:192,11,0,8
BRDA:192,11,1,8
BRDA:202,12,0,0
BRDA:202,12,1,2
BRDA:207,13,0,0
BRDA:207,13,1,2
BRDA:215,14,0,0
BRDA:215,14,1,2
BRDA:216,15,0,0
BRDA:216,15,1,2
BRDA:217,16,0,0
BRDA:217,16,1,2
BRDA:219,17,0,2
BRDA:219,17,1,0
BRDA:225,18,0,0
BRDA:225,18,1,2
BRDA:231,19,0,0
BRDA:231,19,1,2
BRDA:231,20,0,2
BRDA:231,20,1,2
BRDA:231,20,2,2
BRDA:231,20,3,2
BRDA:287,21,0,0
BRDA:287,21,1,1
BRDA:288,22,0,0
BRDA:288,22,1,1
BRDA:289,23,0,0
BRDA:289,23,1,1
BRDA:292,24,0,0
BRDA:292,24,1,1
BRDA:294,25,0,0
BRDA:294,25,1,1
BRDA:294,26,0,1
BRDA:294,26,1,1
BRDA:298,27,0,1
BRDA:298,27,1,0
BRDA:302,28,0,4
BRDA:302,28,1,0
BRDA:304,29,0,1
BRDA:304,29,1,0
BRDA:305,30,0,0
BRDA:305,30,1,1
BRDA:313,31,0,0
BRDA:313,31,1,1
BRDA:313,32,0,1
BRDA:313,32,1,1
BRDA:313,32,2,1
BRDA:313,32,3,1
BRDA:330,33,0,0
BRDA:330,33,1,0
BRDA:338,34,0,0
BRDA:338,34,1,0
BRDA:338,35,0,0
BRDA:338,35,1,0
BRDA:339,36,0,0
BRDA:339,36,1,0
BRDA:344,37,0,0
BRDA:344,37,1,0
BRDA:344,38,0,0
BRDA:344,38,1,0
BRDA:348,39,0,0
BRDA:348,39,1,0
BRDA:353,40,0,0
BRDA:353,40,1,0
BRDA:357,41,0,0
BRDA:357,41,1,0
BRDA:358,42,0,0
BRDA:358,42,1,0
BRDA:363,43,0,0
BRDA:363,43,1,0
BRDA:392,44,0,0
BRDA:392,44,1,0
BRDA:421,45,0,0
BRDA:421,45,1,1
BRDA:441,46,0,0
BRDA:441,46,1,1
BRDA:441,47,0,1
BRDA:441,47,1,0
BRDA:446,48,0,0
BRDA:446,48,1,1
BRDA:458,49,0,1
BRDA:458,49,1,0
BRDA:488,50,0,0
BRDA:488,50,1,0
BRDA:516,51,0,0
BRDA:516,51,1,0
BRDA:541,52,0,0
BRDA:541,52,1,0
BRDA:549,53,0,0
BRDA:549,53,1,0
BRDA:569,54,0,0
BRDA:569,54,1,0
BRDA:576,55,0,0
BRDA:576,55,1,0
BRDA:598,56,0,0
BRF:116
BRH:43
end_of_record
TN:
SF:server\logger.js
FN:17,(anonymous_0)
FN:58,(anonymous_1)
FN:73,(anonymous_2)
FN:88,(anonymous_3)
FN:107,httpLogger
FN:111,(anonymous_5)
FN:147,(anonymous_6)
FN:156,(anonymous_7)
FN:166,(anonymous_8)
FN:176,(anonymous_9)
FN:188,(anonymous_10)
FN:199,(anonymous_11)
FN:210,(anonymous_12)
FN:222,(anonymous_13)
FN:233,(anonymous_14)
FN:245,(anonymous_15)
FN:256,(anonymous_16)
FN:267,(anonymous_17)
FN:278,(anonymous_18)
FN:292,(anonymous_19)
FN:296,(anonymous_20)
FN:300,(anonymous_21)
FN:332,logServerStats
FN:357,(anonymous_23)
FN:360,(anonymous_24)
FN:365,(anonymous_25)
FNF:26
FNH:6
FNDA:7,(anonymous_0)
FNDA:4,(anonymous_1)
FNDA:4,(anonymous_2)
FNDA:4,(anonymous_3)
FNDA:0,httpLogger
FNDA:0,(anonymous_5)
FNDA:0,(anonymous_6)
FNDA:0,(anonymous_7)
FNDA:0,(anonymous_8)
FNDA:0,(anonymous_9)
FNDA:0,(anonymous_10)
FNDA:0,(anonymous_11)
FNDA:0,(anonymous_12)
FNDA:0,(anonymous_13)
FNDA:1,(anonymous_14)
FNDA:0,(anonymous_15)
FNDA:0,(anonymous_16)
FNDA:0,(anonymous_17)
FNDA:0,(anonymous_18)
FNDA:1,(anonymous_19)
FNDA:0,(anonymous_20)
FNDA:0,(anonymous_21)
FNDA:0,logServerStats
FNDA:0,(anonymous_23)
FNDA:0,(anonymous_24)
FNDA:0,(anonymous_25)
DA:1,1
DA:2,1
DA:3,1
DA:6,1
DA:7,1
DA:8,0
DA:12,1
DA:18,7
DA:20,7
DA:21,3
DA:24,7
DA:29,1
DA:59,4
DA:74,4
DA:83,1
DA:84,1
DA:89,4
DA:92,4
DA:93,0
DA:94,4
DA:95,1
DA:96,3
DA:97,0
DA:100,4
DA:108,0
DA:111,0
DA:112,0
DA:114,0
DA:125,0
DA:126,0
DA:130,0
DA:131,0
DA:132,0
DA:133,0
DA:134,0
DA:135,0
DA:137,0
DA:141,0
DA:145,1
DA:148,0
DA:157,0
DA:167,0
DA:177,0
DA:189,0
DA:200,0
DA:211,0
DA:223,0
DA:234,1
DA:244,1
DA:246,0
DA:257,0
DA:268,0
DA:279,0
DA:293,1
DA:297,0
DA:301,0
DA:302,0
DA:303,0
DA:304,0
DA:307,0
DA:308,0
DA:310,0
DA:317,0
DA:318,0
DA:325,0
DA:329,1
DA:333,0
DA:334,0
DA:348,0
DA:352,1
DA:353,0
DA:357,1
DA:358,0
DA:360,0
DA:361,0
DA:365,1
DA:366,0
DA:369,1
LF:78
LH:30
BRDA:7,0,0,0
BRDA:7,0,1,1
BRDA:20,1,0,3
BRDA:20,1,1,4
BRDA:30,2,0,1
BRDA:30,2,1,1
BRDA:59,3,0,1
BRDA:59,3,1,3
BRDA:74,4,0,0
BRDA:74,4,1,4
BRDA:83,5,0,1
BRDA:83,5,1,0
BRDA:92,6,0,0
BRDA:92,6,1,4
BRDA:94,7,0,1
BRDA:94,7,1,3
BRDA:96,8,0,0
BRDA:96,8,1,3
BRDA:119,9,0,0
BRDA:119,9,1,0
BRDA:125,10,0,0
BRDA:125,10,1,0
BRDA:125,11,0,0
BRDA:125,11,1,0
BRDA:130,12,0,0
BRDA:130,12,1,0
BRDA:132,13,0,0
BRDA:132,13,1,0
BRDA:134,14,0,0
BRDA:134,14,1,0
BRDA:300,15,0,0
BRDA:302,16,0,0
BRDA:302,16,1,0
BRDA:317,17,0,0
BRDA:317,17,1,0
BRDA:352,18,0,0
BRDA:352,18,1,1
BRF:37
BRH:14
end_of_record
TN:
SF:server\payments.js
FN:74,createStripePayment
FN:136,handleStripeWebhook
FN:175,createCryptoPayment
FN:239,handleCryptoWebhook
FN:275,completePayment
FN:312,cancelPayment
FN:322,getUserPaymentHistory
FN:330,checkPaymentLimits
FN:362,applyPromoCode
FNF:9
FNH:0
FNDA:0,createStripePayment
FNDA:0,handleStripeWebhook
FNDA:0,createCryptoPayment
FNDA:0,handleCryptoWebhook
FNDA:0,completePayment
FNDA:0,cancelPayment
FNDA:0,getUserPaymentHistory
FNDA:0,checkPaymentLimits
FNDA:0,applyPromoCode
DA:1,0
DA:2,0
DA:3,0
DA:4,0
DA:5,0
DA:6,0
DA:7,0
DA:10,0
DA:36,0
DA:69,0
DA:70,0
DA:71,0
DA:75,0
DA:76,0
DA:79,0
DA:80,0
DA:81,0
DA:84,0
DA:86,0
DA:111,0
DA:122,0
DA:124,0
DA:130,0
DA:131,0
DA:137,0
DA:140,0
DA:141,0
DA:147,0
DA:148,0
DA:152,0
DA:154,0
DA:155,0
DA:161,0
DA:164,0
DA:165,0
DA:168,0
DA:173,0
DA:176,0
DA:177,0
DA:180,0
DA:181,0
DA:182,0
DA:185,0
DA:187,0
DA:207,0
DA:210,0
DA:222,0
DA:224,0
DA:233,0
DA:234,0
DA:240,0
DA:241,0
DA:244,0
DA:245,0
DA:246,0
DA:248,0
DA:249,0
DA:250,0
DA:254,0
DA:255,0
DA:257,0
DA:258,0
DA:265,0
DA:266,0
DA:269,0
DA:276,0
DA:278,0
DA:280,0
DA:281,0
DA:282,0
DA:286,0
DA:289,0
DA:292,0
DA:299,0
DA:302,0
DA:307,0
DA:313,0
DA:318,0
DA:323,0
DA:332,0
DA:333,0
DA:341,0
DA:343,0
DA:348,0
DA:349,0
DA:352,0
DA:353,0
DA:356,0
DA:363,0
DA:364,0
DA:373,0
DA:374,0
DA:378,0
DA:380,0
DA:381,0
DA:384,0
DA:385,0
DA:386,0
DA:387,0
DA:388,0
DA:391,0
DA:393,0
DA:400,0
DA:405,0
LF:104
LH:0
BRDA:70,0,0,0
BRDA:70,0,1,0
BRDA:75,1,0,0
BRDA:75,1,1,0
BRDA:80,2,0,0
BRDA:80,2,1,0
BRDA:152,3,0,0
BRDA:152,3,1,0
BRDA:175,4,0,0
BRDA:176,5,0,0
BRDA:176,5,1,0
BRDA:181,6,0,0
BRDA:181,6,1,0
BRDA:248,7,0,0
BRDA:248,7,1,0
BRDA:254,8,0,0
BRDA:254,8,1,0
BRDA:257,9,0,0
BRDA:257,9,1,0
BRDA:265,10,0,0
BRDA:265,10,1,0
BRDA:265,11,0,0
BRDA:265,11,1,0
BRDA:280,12,0,0
BRDA:280,12,1,0
BRDA:341,13,0,0
BRDA:341,13,1,0
BRDA:348,14,0,0
BRDA:348,14,1,0
BRDA:352,15,0,0
BRDA:352,15,1,0
BRDA:373,16,0,0
BRDA:373,16,1,0
BRDA:380,17,0,0
BRDA:380,17,1,0
BRDA:387,18,0,0
BRDA:387,18,1,0
BRDA:396,19,0,0
BRDA:396,19,1,0
BRF:39
BRH:0
end_of_record
TN:
SF:server\securityMiddlewares.js
FN:17,(anonymous_0)
FN:33,(anonymous_1)
FN:47,(anonymous_2)
FN:62,(anonymous_3)
FN:91,escapeHtml
FN:102,(anonymous_5)
FN:106,sanitizeInput
FN:125,sanitizeObject
FN:149,(anonymous_8)
FN:159,bruteForceProtection
FN:188,incrementLoginAttempts
FN:196,resetLoginAttempts
FN:204,(anonymous_12)
FN:218,(anonymous_13)
FN:232,(anonymous_14)
FN:247,(anonymous_15)
FN:259,(anonymous_16)
FNF:17
FNH:0
FNDA:0,(anonymous_0)
FNDA:0,(anonymous_1)
FNDA:0,(anonymous_2)
FNDA:0,(anonymous_3)
FNDA:0,escapeHtml
FNDA:0,(anonymous_5)
FNDA:0,sanitizeInput
FNDA:0,sanitizeObject
FNDA:0,(anonymous_8)
FNDA:0,bruteForceProtection
FNDA:0,incrementLoginAttempts
FNDA:0,resetLoginAttempts
FNDA:0,(anonymous_12)
FNDA:0,(anonymous_13)
FNDA:0,(anonymous_14)
FNDA:0,(anonymous_15)
FNDA:0,(anonymous_16)
DA:3,0
DA:4,0
DA:5,0
DA:6,0
DA:7,0
DA:8,0
DA:11,0
DA:18,0
DA:23,0
DA:28,0
DA:34,0
DA:38,0
DA:43,0
DA:48,0
DA:53,0
DA:58,0
DA:63,0
DA:68,0
DA:73,0
DA:92,0
DA:94,0
DA:102,0
DA:108,0
DA:109,0
DA:113,0
DA:114,0
DA:118,0
DA:119,0
DA:122,0
DA:126,0
DA:127,0
DA:129,0
DA:132,0
DA:133,0
DA:137,0
DA:139,0
DA:140,0
DA:146,0
DA:149,0
DA:150,0
DA:151,0
DA:152,0
DA:153,0
DA:160,0
DA:161,0
DA:164,0
DA:165,0
DA:169,0
DA:170,0
DA:175,0
DA:181,0
DA:182,0
DA:184,0
DA:189,0
DA:190,0
DA:191,0
DA:192,0
DA:197,0
DA:198,0
DA:202,0
DA:205,0
DA:206,0
DA:208,0
DA:209,0
DA:211,0
DA:212,0
DA:214,0
DA:219,0
DA:220,0
DA:222,0
DA:223,0
DA:225,0
DA:226,0
DA:228,0
DA:233,0
DA:234,0
DA:236,0
DA:237,0
DA:240,0
DA:241,0
DA:243,0
DA:248,0
DA:249,0
DA:250,0
DA:252,0
DA:253,0
DA:255,0
DA:260,0
DA:261,0
DA:263,0
DA:264,0
DA:266,0
DA:271,0
DA:279,0
LF:94
LH:0
BRDA:92,0,0,0
BRDA:92,0,1,0
BRDA:108,1,0,0
BRDA:108,1,1,0
BRDA:113,2,0,0
BRDA:113,2,1,0
BRDA:118,3,0,0
BRDA:118,3,1,0
BRDA:127,4,0,0
BRDA:127,4,1,0
BRDA:132,5,0,0
BRDA:132,5,1,0
BRDA:132,6,0,0
BRDA:132,6,1,0
BRDA:139,7,0,0
BRDA:139,7,1,0
BRDA:139,8,0,0
BRDA:139,8,1,0
BRDA:152,9,0,0
BRDA:152,9,1,0
BRDA:160,10,0,0
BRDA:160,10,1,0
BRDA:161,11,0,0
BRDA:161,11,1,0
BRDA:164,12,0,0
BRDA:164,12,1,0
BRDA:169,13,0,0
BRDA:169,13,1,0
BRDA:189,14,0,0
BRDA:189,14,1,0
BRDA:189,15,0,0
BRDA:189,15,1,0
BRDA:197,16,0,0
BRDA:197,16,1,0
BRDA:205,17,0,0
BRDA:205,17,1,0
BRDA:205,18,0,0
BRDA:205,18,1,0
BRDA:208,19,0,0
BRDA:208,19,1,0
BRDA:208,20,0,0
BRDA:208,20,1,0
BRDA:211,21,0,0
BRDA:211,21,1,0
BRDA:219,22,0,0
BRDA:219,22,1,0
BRDA:219,23,0,0
BRDA:219,23,1,0
BRDA:222,24,0,0
BRDA:222,24,1,0
BRDA:225,25,0,0
BRDA:225,25,1,0
BRDA:233,26,0,0
BRDA:233,26,1,0
BRDA:233,27,0,0
BRDA:233,27,1,0
BRDA:236,28,0,0
BRDA:236,28,1,0
BRDA:236,29,0,0
BRDA:236,29,1,0
BRDA:240,30,0,0
BRDA:240,30,1,0
BRDA:247,31,0,0
BRDA:249,32,0,0
BRDA:249,32,1,0
BRDA:249,33,0,0
BRDA:249,33,1,0
BRDA:252,34,0,0
BRDA:252,34,1,0
BRDA:260,35,0,0
BRDA:260,35,1,0
BRDA:260,36,0,0
BRDA:260,36,1,0
BRDA:263,37,0,0
BRDA:263,37,1,0
BRF:75
BRH:0
end_of_record
TN:
SF:server\server.js
FN:44,(anonymous_0)
FN:48,(anonymous_1)
FN:51,(anonymous_2)
FN:92,requireAuth
FN:101,addIdField
FN:111,(anonymous_5)
FN:152,(anonymous_6)
FN:188,(anonymous_7)
FN:194,(anonymous_8)
FN:213,(anonymous_9)
FN:231,(anonymous_10)
FN:251,(anonymous_11)
FN:274,(anonymous_12)
FN:290,(anonymous_13)
FN:312,(anonymous_14)
FN:328,(anonymous_15)
FN:348,(anonymous_16)
FN:362,(anonymous_17)
FN:385,(anonymous_18)
FN:397,(anonymous_19)
FN:408,(anonymous_20)
FN:424,(anonymous_21)
FN:429,(anonymous_22)
FN:458,(anonymous_23)
FN:468,(anonymous_24)
FN:482,(anonymous_25)
FN:512,(anonymous_26)
FN:538,(anonymous_27)
FN:552,(anonymous_28)
FN:557,(anonymous_29)
FN:575,startServer
FN:576,(anonymous_31)
FN:598,(anonymous_32)
FN:600,(anonymous_33)
FNF:34
FNH:0
FNDA:0,(anonymous_0)
FNDA:0,(anonymous_1)
FNDA:0,(anonymous_2)
FNDA:0,requireAuth
FNDA:0,addIdField
FNDA:0,(anonymous_5)
FNDA:0,(anonymous_6)
FNDA:0,(anonymous_7)
FNDA:0,(anonymous_8)
FNDA:0,(anonymous_9)
FNDA:0,(anonymous_10)
FNDA:0,(anonymous_11)
FNDA:0,(anonymous_12)
FNDA:0,(anonymous_13)
FNDA:0,(anonymous_14)
FNDA:0,(anonymous_15)
FNDA:0,(anonymous_16)
FNDA:0,(anonymous_17)
FNDA:0,(anonymous_18)
FNDA:0,(anonymous_19)
FNDA:0,(anonymous_20)
FNDA:0,(anonymous_21)
FNDA:0,(anonymous_22)
FNDA:0,(anonymous_23)
FNDA:0,(anonymous_24)
FNDA:0,(anonymous_25)
FNDA:0,(anonymous_26)
FNDA:0,(anonymous_27)
FNDA:0,(anonymous_28)
FNDA:0,(anonymous_29)
FNDA:0,startServer
FNDA:0,(anonymous_31)
FNDA:0,(anonymous_32)
FNDA:0,(anonymous_33)
DA:1,0
DA:2,0
DA:3,0
DA:4,0
DA:5,0
DA:6,0
DA:7,0
DA:8,0
DA:9,0
DA:10,0
DA:11,0
DA:22,0
DA:23,0
DA:24,0
DA:25,0
DA:26,0
DA:36,0
DA:37,0
DA:39,0
DA:40,0
DA:43,0
DA:44,0
DA:45,0
DA:48,0
DA:49,0
DA:52,0
DA:57,0
DA:58,0
DA:59,0
DA:62,0
DA:63,0
DA:66,0
DA:69,0
DA:70,0
DA:71,0
DA:72,0
DA:73,0
DA:74,0
DA:75,0
DA:78,0
DA:93,0
DA:94,0
DA:96,0
DA:97,0
DA:102,0
DA:103,0
DA:105,0
DA:111,0
DA:112,0
DA:115,0
DA:116,0
DA:118,0
DA:119,0
DA:122,0
DA:123,0
DA:126,0
DA:127,0
DA:128,0
DA:129,0
DA:132,0
DA:134,0
DA:136,0
DA:138,0
DA:139,0
DA:140,0
DA:142,0
DA:144,0
DA:146,0
DA:147,0
DA:152,0
DA:153,0
DA:155,0
DA:156,0
DA:158,0
DA:159,0
DA:160,0
DA:163,0
DA:164,0
DA:165,0
DA:166,0
DA:169,0
DA:171,0
DA:172,0
DA:173,0
DA:175,0
DA:176,0
DA:178,0
DA:180,0
DA:182,0
DA:183,0
DA:188,0
DA:189,0
DA:190,0
DA:194,0
DA:195,0
DA:196,0
DA:197,0
DA:205,0
DA:206,0
DA:213,0
DA:214,0
DA:215,0
DA:216,0
DA:217,0
DA:218,0
DA:219,0
DA:221,0
DA:222,0
DA:225,0
DA:226,0
DA:231,0
DA:232,0
DA:233,0
DA:234,0
DA:235,0
DA:238,0
DA:239,0
DA:245,0
DA:246,0
DA:251,0
DA:252,0
DA:253,0
DA:254,0
DA:256,0
DA:257,0
DA:261,0
DA:263,0
DA:265,0
DA:266,0
DA:271,0
DA:275,0
DA:276,0
DA:277,0
DA:278,0
DA:280,0
DA:281,0
DA:287,0
DA:291,0
DA:292,0
DA:294,0
DA:295,0
DA:300,0
DA:302,0
DA:303,0
DA:309,0
DA:313,0
DA:314,0
DA:315,0
DA:316,0
DA:318,0
DA:319,0
DA:325,0
DA:329,0
DA:330,0
DA:332,0
DA:333,0
DA:339,0
DA:341,0
DA:342,0
DA:348,0
DA:349,0
DA:350,0
DA:351,0
DA:353,0
DA:354,0
DA:359,0
DA:363,0
DA:364,0
DA:365,0
DA:367,0
DA:368,0
DA:374,0
DA:376,0
DA:377,0
DA:385,0
DA:386,0
DA:387,0
DA:388,0
DA:389,0
DA:391,0
DA:392,0
DA:397,0
DA:398,0
DA:399,0
DA:400,0
DA:402,0
DA:403,0
DA:408,0
DA:409,0
DA:410,0
DA:411,0
DA:412,0
DA:414,0
DA:415,0
DA:424,0
DA:425,0
DA:429,0
DA:430,0
DA:431,0
DA:433,0
DA:435,0
DA:436,0
DA:437,0
DA:438,0
DA:439,0
DA:441,0
DA:443,0
DA:445,0
DA:446,0
DA:451,0
DA:455,0
DA:458,0
DA:459,0
DA:460,0
DA:461,0
DA:463,0
DA:468,0
DA:469,0
DA:470,0
DA:471,0
DA:473,0
DA:474,0
DA:475,0
DA:477,0
DA:482,0
DA:483,0
DA:484,0
DA:486,0
DA:487,0
DA:490,0
DA:492,0
DA:497,0
DA:503,0
DA:504,0
DA:511,0
DA:512,0
DA:513,0
DA:514,0
DA:515,0
DA:516,0
DA:517,0
DA:519,0
DA:520,0
DA:521,0
DA:523,0
DA:524,0
DA:525,0
DA:527,0
DA:528,0
DA:529,0
DA:532,0
DA:538,0
DA:539,0
DA:549,0
DA:552,0
DA:553,0
DA:557,0
DA:558,0
DA:565,0
DA:576,0
DA:577,0
DA:594,0
DA:598,0
DA:599,0
DA:600,0
DA:601,0
DA:602,0
DA:606,0
DA:610,0
DA:611,0
DA:614,0
DA:617,0
DA:618,0
DA:621,0
LF:274
LH:0
BRDA:40,0,0,0
BRDA:40,0,1,0
BRDA:43,1,0,0
BRDA:43,1,1,0
BRDA:79,2,0,0
BRDA:79,2,1,0
BRDA:80,3,0,0
BRDA:80,3,1,0
BRDA:93,4,0,0
BRDA:93,4,1,0
BRDA:102,5,0,0
BRDA:102,5,1,0
BRDA:102,6,0,0
BRDA:102,6,1,0
BRDA:118,7,0,0
BRDA:118,7,1,0
BRDA:122,8,0,0
BRDA:122,8,1,0
BRDA:128,9,0,0
BRDA:128,9,1,0
BRDA:158,10,0,0
BRDA:158,10,1,0
BRDA:164,11,0,0
BRDA:164,11,1,0
BRDA:216,12,0,0
BRDA:216,12,1,0
BRDA:234,13,0,0
BRDA:234,13,1,0
BRDA:256,14,0,0
BRDA:256,14,1,0
BRDA:435,15,0,0
BRDA:435,15,1,0
BRDA:438,16,0,0
BRDA:438,16,1,0
BRDA:439,17,0,0
BRDA:439,17,1,0
BRDA:470,18,0,0
BRDA:470,18,1,0
BRDA:484,19,0,0
BRDA:484,19,1,0
BRDA:486,20,0,0
BRDA:486,20,1,0
BRDA:486,21,0,0
BRDA:486,21,1,0
BRDA:511,22,0,0
BRDA:511,22,1,0
BRDA:566,23,0,0
BRDA:566,23,1,0
BRDA:575,24,0,0
BRDA:584,25,0,0
BRDA:584,25,1,0
BRDA:589,26,0,0
BRDA:589,26,1,0
BRDA:590,27,0,0
BRDA:590,27,1,0
BRDA:610,28,0,0
BRDA:610,28,1,0
BRDA:617,29,0,0
BRDA:617,29,1,0
BRF:59
BRH:0
end_of_record
TN:
SF:server\controllers\userController.js
FN:3,(anonymous_0)
FN:12,(anonymous_1)
FNF:2
FNH:0
FNDA:0,(anonymous_0)
FNDA:0,(anonymous_1)
DA:1,0
DA:3,0
DA:4,0
DA:5,0
DA:6,0
DA:8,0
DA:12,0
DA:13,0
DA:14,0
DA:15,0
DA:17,0
LF:11
LH:0
BRF:0
BRH:0
end_of_record
TN:
SF:server\middlewares\adminAuth.js
FN:10,requireAdmin
FN:71,checkAdmin
FN:75,(anonymous_2)
FN:87,(anonymous_3)
FNF:4
FNH:0
FNDA:0,requireAdmin
FNDA:0,checkAdmin
FNDA:0,(anonymous_2)
FNDA:0,(anonymous_3)
DA:1,0
DA:2,0
DA:5,0
DA:11,0
DA:13,0
DA:14,0
DA:18,0
DA:22,0
DA:24,0
DA:25,0
DA:29,0
DA:33,0
DA:36,0
DA:37,0
DA:43,0
DA:47,0
DA:55,0
DA:60,0
DA:62,0
DA:66,0
DA:72,0
DA:73,0
DA:76,0
DA:77,0
DA:78,0
DA:83,0
DA:85,0
DA:88,0
DA:89,0
DA:90,0
DA:93,0
DA:94,0
DA:98,0
LF:33
LH:0
BRDA:5,0,0,0
BRDA:5,0,1,0
BRDA:13,1,0,0
BRDA:13,1,1,0
BRDA:13,2,0,0
BRDA:13,2,1,0
BRDA:24,3,0,0
BRDA:24,3,1,0
BRDA:33,4,0,0
BRDA:33,4,1,0
BRDA:36,5,0,0
BRDA:36,5,1,0
BRDA:72,6,0,0
BRDA:72,6,1,0
BRDA:72,7,0,0
BRDA:72,7,1,0
BRDA:76,8,0,0
BRDA:76,8,1,0
BRDA:76,9,0,0
BRDA:76,9,1,0
BRF:20
BRH:0
end_of_record
TN:
SF:server\middlewares\auth.js
FN:15,requireAuth
FN:62,requireRole
FN:63,(anonymous_2)
FN:134,requireOwnership
FN:135,(anonymous_4)
FN:187,requireCSRF
FN:215,checkUserActivity
FN:236,logUserAction
FN:237,(anonymous_8)
FN:255,checkUserLimits
FN:256,(anonymous_10)
FNF:11
FNH:0
FNDA:0,requireAuth
FNDA:0,requireRole
FNDA:0,(anonymous_2)
FNDA:0,requireOwnership
FNDA:0,(anonymous_4)
FNDA:0,requireCSRF
FNDA:0,checkUserActivity
FNDA:0,logUserAction
FNDA:0,(anonymous_8)
FNDA:0,checkUserLimits
FNDA:0,(anonymous_10)
DA:6,0
DA:7,0
DA:8,0
DA:16,0
DA:18,0
DA:19,0
DA:24,0
DA:31,0
DA:32,0
DA:36,0
DA:37,0
DA:44,0
DA:45,0
DA:46,0
DA:48,0
DA:50,0
DA:51,0
DA:63,0
DA:64,0
DA:66,0
DA:67,0
DA:74,0
DA:78,0
DA:79,0
DA:80,0
DA:87,0
DA:88,0
DA:92,0
DA:99,0
DA:100,0
DA:101,0
DA:107,0
DA:114,0
DA:115,0
DA:117,0
DA:119,0
DA:120,0
DA:135,0
DA:136,0
DA:137,0
DA:139,0
DA:140,0
DA:147,0
DA:148,0
DA:150,0
DA:151,0
DA:158,0
DA:159,0
DA:165,0
DA:172,0
DA:173,0
DA:175,0
DA:176,0
DA:189,0
DA:190,0
DA:193,0
DA:194,0
DA:196,0
DA:197,0
DA:203,0
DA:209,0
DA:216,0
DA:217,0
DA:218,0
DA:222,0
DA:226,0
DA:228,0
DA:229,0
DA:237,0
DA:238,0
DA:239,0
DA:248,0
DA:256,0
DA:257,0
DA:258,0
DA:259,0
DA:265,0
DA:267,0
DA:268,0
DA:273,0
LF:80
LH:0
BRDA:18,0,0,0
BRDA:18,0,1,0
BRDA:18,1,0,0
BRDA:18,1,1,0
BRDA:31,2,0,0
BRDA:31,2,1,0
BRDA:66,3,0,0
BRDA:66,3,1,0
BRDA:78,4,0,0
BRDA:78,4,1,0
BRDA:87,5,0,0
BRDA:87,5,1,0
BRDA:99,6,0,0
BRDA:99,6,1,0
BRDA:100,7,0,0
BRDA:100,7,1,0
BRDA:134,8,0,0
BRDA:134,9,0,0
BRDA:139,10,0,0
BRDA:139,10,1,0
BRDA:139,11,0,0
BRDA:139,11,1,0
BRDA:150,12,0,0
BRDA:150,12,1,0
BRDA:158,13,0,0
BRDA:158,13,1,0
BRDA:189,14,0,0
BRDA:189,14,1,0
BRDA:193,15,0,0
BRDA:193,15,1,0
BRDA:196,16,0,0
BRDA:196,16,1,0
BRDA:196,17,0,0
BRDA:196,17,1,0
BRDA:196,17,2,0
BRDA:200,18,0,0
BRDA:200,18,1,0
BRDA:201,19,0,0
BRDA:201,19,1,0
BRDA:217,20,0,0
BRDA:217,20,1,0
BRDA:238,21,0,0
BRDA:238,21,1,0
BRDA:258,22,0,0
BRDA:258,22,1,0
BRF:45
BRH:0
end_of_record
TN:
SF:server\middlewares\errorHandler.js
FN:17,(anonymous_0)
FN:31,handleMongoError
FN:33,(anonymous_2)
FN:75,handleValidationError
FN:77,(anonymous_4)
FN:91,handleJWTError
FN:114,errorHandler
FN:203,notFoundHandler
FN:215,handleUnhandledRejection
FN:230,handleUncaughtException
FN:245,handleValidationErrors
FN:252,(anonymous_11)
FN:262,asyncHandler
FN:263,(anonymous_13)
FN:271,errorHandlerWithContext
FN:272,(anonymous_15)
FNF:16
FNH:0
FNDA:0,(anonymous_0)
FNDA:0,handleMongoError
FNDA:0,(anonymous_2)
FNDA:0,handleValidationError
FNDA:0,(anonymous_4)
FNDA:0,handleJWTError
FNDA:0,errorHandler
FNDA:0,notFoundHandler
FNDA:0,handleUnhandledRejection
FNDA:0,handleUncaughtException
FNDA:0,handleValidationErrors
FNDA:0,(anonymous_11)
FNDA:0,asyncHandler
FNDA:0,(anonymous_13)
FNDA:0,errorHandlerWithContext
FNDA:0,(anonymous_15)
DA:6,0
DA:10,0
DA:11,0
DA:18,0
DA:19,0
DA:20,0
DA:21,0
DA:22,0
DA:24,0
DA:32,0
DA:33,0
DA:34,0
DA:42,0
DA:43,0
DA:51,0
DA:52,0
DA:53,0
DA:61,0
DA:62,0
DA:69,0
DA:76,0
DA:77,0
DA:78,0
DA:85,0
DA:92,0
DA:93,0
DA:100,0
DA:101,0
DA:108,0
DA:115,0
DA:122,0
DA:133,0
DA:134,0
DA:141,0
DA:142,0
DA:144,0
DA:146,0
DA:147,0
DA:148,0
DA:149,0
DA:150,0
DA:152,0
DA:154,0
DA:155,0
DA:156,0
DA:157,0
DA:158,0
DA:160,0
DA:161,0
DA:162,0
DA:163,0
DA:164,0
DA:166,0
DA:167,0
DA:172,0
DA:173,0
DA:174,0
DA:179,0
DA:182,0
DA:186,0
DA:187,0
DA:188,0
DA:192,0
DA:204,0
DA:209,0
DA:216,0
DA:222,0
DA:223,0
DA:231,0
DA:237,0
DA:238,0
DA:246,0
DA:247,0
DA:248,0
DA:252,0
DA:254,0
DA:256,0
DA:263,0
DA:264,0
DA:272,0
DA:274,0
DA:284,0
DA:287,0
DA:291,0
LF:84
LH:0
BRDA:17,0,0,0
BRDA:17,1,0,0
BRDA:32,2,0,0
BRDA:32,2,1,0
BRDA:42,3,0,0
BRDA:42,3,1,0
BRDA:51,4,0,0
BRDA:51,4,1,0
BRDA:61,5,0,0
BRDA:61,5,1,0
BRDA:76,6,0,0
BRDA:76,6,1,0
BRDA:92,7,0,0
BRDA:92,7,1,0
BRDA:100,8,0,0
BRDA:100,8,1,0
BRDA:129,9,0,0
BRDA:129,9,1,0
BRDA:133,10,0,0
BRDA:133,10,1,0
BRDA:141,11,0,0
BRDA:141,11,1,0
BRDA:146,12,0,0
BRDA:146,12,1,0
BRDA:146,13,0,0
BRDA:146,13,1,0
BRDA:148,14,0,0
BRDA:148,14,1,0
BRDA:154,15,0,0
BRDA:154,15,1,0
BRDA:156,16,0,0
BRDA:156,16,1,0
BRDA:160,17,0,0
BRDA:160,17,1,0
BRDA:160,18,0,0
BRDA:160,18,1,0
BRDA:162,19,0,0
BRDA:162,19,1,0
BRDA:166,20,0,0
BRDA:166,20,1,0
BRDA:173,21,0,0
BRDA:173,21,1,0
BRDA:186,22,0,0
BRDA:186,22,1,0
BRDA:186,23,0,0
BRDA:186,23,1,0
BRDA:195,24,0,0
BRDA:195,24,1,0
BRDA:196,25,0,0
BRDA:196,25,1,0
BRDA:222,26,0,0
BRDA:222,26,1,0
BRDA:237,27,0,0
BRDA:237,27,1,0
BRDA:247,28,0,0
BRDA:247,28,1,0
BRDA:281,29,0,0
BRDA:281,29,1,0
BRF:58
BRH:0
end_of_record
TN:
SF:server\middlewares\validators.js
FN:6,(anonymous_0)
FN:16,(anonymous_1)
FNF:2
FNH:0
FNDA:0,(anonymous_0)
FNDA:0,(anonymous_1)
DA:1,0
DA:3,0
DA:7,0
DA:8,0
DA:9,0
DA:13,0
DA:17,0
DA:18,0
DA:19,0
LF:9
LH:0
BRDA:8,0,0,0
BRDA:8,0,1,0
BRDA:18,1,0,0
BRDA:18,1,1,0
BRF:4
BRH:0
end_of_record
TN:
SF:server\routes\userRoutes.js
FNF:0
FNH:0
DA:1,0
DA:2,0
DA:3,0
DA:4,0
DA:6,0
DA:7,0
DA:9,0
LF:7
LH:0
BRF:0
BRH:0
end_of_record
TN:
SF:server\services\userService.js
FN:18,(anonymous_0)
FN:66,(anonymous_1)
FN:120,(anonymous_2)
FN:146,(anonymous_3)
FN:200,(anonymous_4)
FN:231,(anonymous_5)
FN:260,(anonymous_6)
FN:289,(anonymous_7)
FN:321,(anonymous_8)
FN:353,(anonymous_9)
FN:385,(anonymous_10)
FNF:11
FNH:0
FNDA:0,(anonymous_0)
FNDA:0,(anonymous_1)
FNDA:0,(anonymous_2)
FNDA:0,(anonymous_3)
FNDA:0,(anonymous_4)
FNDA:0,(anonymous_5)
FNDA:0,(anonymous_6)
FNDA:0,(anonymous_7)
FNDA:0,(anonymous_8)
FNDA:0,(anonymous_9)
FNDA:0,(anonymous_10)
DA:6,0
DA:7,0
DA:8,0
DA:9,0
DA:11,0
DA:12,0
DA:19,0
DA:20,0
DA:23,0
DA:30,0
DA:31,0
DA:39,0
DA:45,0
DA:48,0
DA:50,0
DA:58,0
DA:59,0
DA:67,0
DA:68,0
DA:71,0
DA:72,0
DA:73,0
DA:77,0
DA:78,0
DA:86,0
DA:87,0
DA:89,0
DA:90,0
DA:94,0
DA:97,0
DA:98,0
DA:101,0
DA:103,0
DA:112,0
DA:113,0
DA:121,0
DA:122,0
DA:126,0
DA:127,0
DA:131,0
DA:133,0
DA:138,0
DA:139,0
DA:147,0
DA:148,0
DA:149,0
DA:152,0
DA:153,0
DA:154,0
DA:158,0
DA:159,0
DA:163,0
DA:164,0
DA:165,0
DA:166,0
DA:168,0
DA:173,0
DA:174,0
DA:178,0
DA:184,0
DA:185,0
DA:188,0
DA:190,0
DA:192,0
DA:193,0
DA:201,0
DA:202,0
DA:204,0
DA:205,0
DA:206,0
DA:210,0
DA:211,0
DA:212,0
DA:216,0
DA:217,0
DA:219,0
DA:221,0
DA:223,0
DA:224,0
DA:232,0
DA:233,0
DA:234,0
DA:236,0
DA:240,0
DA:241,0
DA:243,0
DA:244,0
DA:245,0
DA:248,0
DA:250,0
DA:252,0
DA:253,0
DA:261,0
DA:262,0
DA:267,0
DA:268,0
DA:272,0
DA:273,0
DA:274,0
DA:275,0
DA:277,0
DA:279,0
DA:281,0
DA:282,0
DA:290,0
DA:291,0
DA:303,0
DA:309,0
DA:310,0
DA:322,0
DA:323,0
DA:324,0
DA:325,0
DA:328,0
DA:329,0
DA:330,0
DA:333,0
DA:334,0
DA:336,0
DA:343,0
DA:345,0
DA:346,0
DA:354,0
DA:355,0
DA:364,0
DA:365,0
DA:368,0
DA:375,0
DA:377,0
DA:378,0
DA:386,0
DA:387,0
DA:388,0
DA:390,0
DA:391,0
DA:393,0
DA:394,0
DA:396,0
DA:397,0
DA:399,0
DA:400,0
DA:403,0
DA:413,0
DA:423,0
DA:424,0
DA:429,0
LF:146
LH:0
BRDA:26,0,0,0
BRDA:26,0,1,0
BRDA:30,1,0,0
BRDA:30,1,1,0
BRDA:42,2,0,0
BRDA:42,2,1,0
BRDA:72,3,0,0
BRDA:72,3,1,0
BRDA:77,4,0,0
BRDA:77,4,1,0
BRDA:87,5,0,0
BRDA:87,5,1,0
BRDA:126,6,0,0
BRDA:126,6,1,0
BRDA:153,7,0,0
BRDA:153,7,1,0
BRDA:158,8,0,0
BRDA:158,8,1,0
BRDA:163,9,0,0
BRDA:163,9,1,0
BRDA:163,10,0,0
BRDA:163,10,1,0
BRDA:165,11,0,0
BRDA:165,11,1,0
BRDA:166,12,0,0
BRDA:166,12,1,0
BRDA:173,13,0,0
BRDA:173,13,1,0
BRDA:184,14,0,0
BRDA:184,14,1,0
BRDA:205,15,0,0
BRDA:205,15,1,0
BRDA:211,16,0,0
BRDA:211,16,1,0
BRDA:234,17,0,0
BRDA:234,17,1,0
BRDA:267,18,0,0
BRDA:267,18,1,0
BRDA:305,19,0,0
BRDA:305,19,1,0
BRDA:306,20,0,0
BRDA:306,20,1,0
BRDA:321,21,0,0
BRDA:324,22,0,0
BRDA:324,22,1,0
BRDA:329,23,0,0
BRDA:329,23,1,0
BRDA:353,24,0,0
BRDA:359,25,0,0
BRDA:359,25,1,0
BRDA:364,26,0,0
BRDA:364,26,1,0
BRDA:385,27,0,0
BRDA:385,28,0,0
BRDA:390,29,0,0
BRDA:390,29,1,0
BRDA:393,30,0,0
BRDA:393,30,1,0
BRDA:396,31,0,0
BRDA:396,31,1,0
BRDA:399,32,0,0
BRDA:399,32,1,0
BRF:62
BRH:0
end_of_record
TN:
SF:server\utils\createIndexes.js
FN:4,createIndexes
FN:58,createIndexIfNotExists
FN:61,(anonymous_2)
FNF:3
FNH:0
FNDA:0,createIndexes
FNDA:0,createIndexIfNotExists
FNDA:0,(anonymous_2)
DA:1,0
DA:2,0
DA:5,0
DA:6,0
DA:9,0
DA:10,0
DA:11,0
DA:12,0
DA:15,0
DA:16,0
DA:17,0
DA:18,0
DA:19,0
DA:22,0
DA:23,0
DA:24,0
DA:27,0
DA:28,0
DA:31,0
DA:32,0
DA:33,0
DA:36,0
DA:37,0
DA:38,0
DA:39,0
DA:42,0
DA:43,0
DA:44,0
DA:47,0
DA:48,0
DA:50,0
DA:52,0
DA:54,0
DA:59,0
DA:60,0
DA:61,0
DA:63,0
DA:64,0
DA:68,0
DA:72,0
LF:40
LH:0
BRDA:58,0,0,0
BRDA:63,1,0,0
BRDA:63,1,1,0
BRF:3
BRH:0
end_of_record
TN:
SF:server\utils\dbConnection.js
FN:13,connectToMongoDB
FN:40,disconnectFromMongoDB
FN:57,getConnectionStatus
FN:65,(anonymous_3)
FN:70,(anonymous_4)
FN:76,(anonymous_5)
FNF:6
FNH:4
FNDA:1,connectToMongoDB
FNDA:1,disconnectFromMongoDB
FNDA:0,getConnectionStatus
FNDA:1,(anonymous_3)
FNDA:0,(anonymous_4)
FNDA:1,(anonymous_5)
DA:1,1
DA:2,1
DA:5,1
DA:7,1
DA:8,1
DA:10,1
DA:14,1
DA:15,0
DA:18,1
DA:19,0
DA:22,1
DA:27,1
DA:28,1
DA:29,1
DA:30,1
DA:31,1
DA:33,0
DA:34,0
DA:35,0
DA:41,1
DA:42,0
DA:45,1
DA:46,1
DA:47,1
DA:48,1
DA:49,1
DA:51,0
DA:52,0
DA:58,0
DA:65,1
DA:66,1
DA:67,1
DA:70,1
DA:71,0
DA:72,0
DA:73,0
DA:76,1
DA:77,1
DA:78,1
DA:79,1
DA:82,1
LF:41
LH:29
BRDA:10,0,0,1
BRDA:10,0,1,1
BRDA:14,1,0,0
BRDA:14,1,1,1
BRDA:18,2,0,0
BRDA:18,2,1,1
BRDA:41,3,0,0
BRDA:41,3,1,1
BRF:8
BRH:5
end_of_record
TN:
SF:server\utils\dbTransactions.js
FN:8,supportsTransactions
FN:30,withTransaction
FN:44,(anonymous_2)
FNF:3
FNH:2
FNDA:2,supportsTransactions
FNDA:2,withTransaction
FNDA:0,(anonymous_2)
DA:1,1
DA:2,1
DA:9,2
DA:10,2
DA:11,2
DA:14,2
DA:20,0
DA:21,0
DA:31,2
DA:33,2
DA:35,2
DA:36,2
DA:39,0
DA:41,0
DA:44,0
DA:45,0
DA:48,0
DA:50,0
DA:54,0
DA:56,0
DA:60,1
LF:21
LH:11
BRDA:14,0,0,2
BRDA:14,0,1,0
BRDA:14,0,2,0
BRDA:14,0,3,0
BRDA:33,1,0,2
BRDA:33,1,1,0
BRF:6
BRH:2
end_of_record
TN:
SF:server\utils\monitoring.js
FN:4,(anonymous_0)
FN:12,(anonymous_1)
FN:16,(anonymous_2)
FN:39,(anonymous_3)
FN:57,(anonymous_4)
FN:84,(anonymous_5)
FN:96,(anonymous_6)
FN:97,(anonymous_7)
FN:102,(anonymous_8)
FN:131,(anonymous_9)
FN:141,(anonymous_10)
FN:156,(anonymous_11)
FN:168,setupMetricsEndpoint
FN:169,(anonymous_13)
FNF:14
FNH:0
FNDA:0,(anonymous_0)
FNDA:0,(anonymous_1)
FNDA:0,(anonymous_2)
FNDA:0,(anonymous_3)
FNDA:0,(anonymous_4)
FNDA:0,(anonymous_5)
FNDA:0,(anonymous_6)
FNDA:0,(anonymous_7)
FNDA:0,(anonymous_8)
FNDA:0,(anonymous_9)
FNDA:0,(anonymous_10)
FNDA:0,(anonymous_11)
FNDA:0,setupMetricsEndpoint
FNDA:0,(anonymous_13)
DA:1,0
DA:5,0
DA:12,0
DA:17,0
DA:18,0
DA:26,0
DA:27,0
DA:28,0
DA:29,0
DA:31,0
DA:32,0
DA:35,0
DA:40,0
DA:41,0
DA:48,0
DA:49,0
DA:50,0
DA:51,0
DA:53,0
DA:58,0
DA:68,0
DA:69,0
DA:72,0
DA:73,0
DA:76,0
DA:77,0
DA:80,0
DA:86,0
DA:87,0
DA:90,0
DA:91,0
DA:92,0
DA:97,0
DA:98,0
DA:101,0
DA:102,0
DA:103,0
DA:104,0
DA:107,0
DA:108,0
DA:116,0
DA:119,0
DA:125,0
DA:128,0
DA:129,0
DA:131,0
DA:132,0
DA:133,0
DA:134,0
DA:136,0
DA:139,0
DA:140,0
DA:142,0
DA:143,0
DA:145,0
DA:146,0
DA:154,0
DA:157,0
DA:158,0
DA:159,0
DA:164,0
DA:169,0
DA:171,0
DA:173,0
DA:174,0
DA:177,0
DA:178,0
DA:182,0
LF:68
LH:0
BRDA:18,0,0,0
BRDA:18,0,1,0
BRDA:31,1,0,0
BRDA:31,1,1,0
BRDA:41,2,0,0
BRDA:41,2,1,0
BRDA:104,3,0,0
BRDA:104,3,1,0
BRDA:107,4,0,0
BRDA:107,4,1,0
BRDA:133,5,0,0
BRDA:133,5,1,0
BRDA:134,6,0,0
BRDA:134,6,1,0
BRDA:139,7,0,0
BRDA:139,7,1,0
BRDA:139,8,0,0
BRDA:139,8,1,0
BRDA:145,9,0,0
BRDA:145,9,1,0
BRDA:173,10,0,0
BRDA:173,10,1,0
BRDA:173,11,0,0
BRDA:173,11,1,0
BRF:24
BRH:0
end_of_record
TN:
SF:server\utils\validation.js
FN:11,validateAndConvertId
FN:41,validateParamId
FN:42,(anonymous_2)
FN:57,validateBodyIds
FN:58,(anonymous_4)
FN:81,validateOwnership
FNF:6
FNH:0
FNDA:0,validateAndConvertId
FNDA:0,validateParamId
FNDA:0,(anonymous_2)
FNDA:0,validateBodyIds
FNDA:0,(anonymous_4)
FNDA:0,validateOwnership
DA:1,0
DA:2,0
DA:12,0
DA:13,0
DA:17,0
DA:18,0
DA:22,0
DA:23,0
DA:28,0
DA:31,0
DA:32,0
DA:34,0
DA:42,0
DA:43,0
DA:44,0
DA:45,0
DA:46,0
DA:47,0
DA:49,0
DA:58,0
DA:59,0
DA:60,0
DA:62,0
DA:63,0
DA:64,0
DA:71,0
DA:73,0
DA:82,0
DA:84,0
DA:85,0
DA:88,0
DA:89,0
DA:90,0
DA:95,0
DA:98,0
DA:101,0
LF:36
LH:0
BRDA:11,0,0,0
BRDA:12,1,0,0
BRDA:12,1,1,0
BRDA:17,2,0,0
BRDA:17,2,1,0
BRDA:22,3,0,0
BRDA:22,3,1,0
BRDA:22,4,0,0
BRDA:22,4,1,0
BRDA:41,5,0,0
BRDA:45,6,0,0
BRDA:45,6,1,0
BRDA:60,7,0,0
BRDA:60,7,1,0
BRDA:63,8,0,0
BRDA:63,8,1,0
BRDA:81,9,0,0
BRDA:84,10,0,0
BRDA:84,10,1,0
BRDA:88,11,0,0
BRDA:88,11,1,0
BRDA:89,12,0,0
BRDA:89,12,1,0
BRDA:89,13,0,0
BRDA:89,13,1,0
BRF:25
BRH:0
end_of_record
